###############################################################################
#                                                                             #
# IAR ANSI C/C++ Compiler V6.40.1.53790/W32 for ARM     21/Mar/2014  16:54:48 #
# Copyright 1999-2012 IAR Systems AB.                                         #
#                                                                             #
#    Cpu mode     =  thumb                                                    #
#    Endian       =  little                                                   #
#    Source file  =  E:\ShawnDocuments\IAR_WorkSpace\LPLD_Quad_V2\source\lib\ #
#                    common\assert.c                                          #
#    Command line =  E:\ShawnDocuments\IAR_WorkSpace\LPLD_Quad_V2\source\lib\ #
#                    common\assert.c -D LPLD_K60 -lCN                         #
#                    E:\ShawnDocuments\IAR_WorkSpace\LPLD_Quad_V2\iar\RAM\Lis #
#                    t\ -lB E:\ShawnDocuments\IAR_WorkSpace\LPLD_Quad_V2\iar\ #
#                    RAM\List\ -o E:\ShawnDocuments\IAR_WorkSpace\LPLD_Quad_V #
#                    2\iar\RAM\Obj\ --no_cse --no_unroll --no_inline          #
#                    --no_code_motion --no_tbaa --no_clustering               #
#                    --no_scheduling --debug --endian=little --cpu=Cortex-M4  #
#                    -e --fpu=None --dlib_config "D:\Program Files\IAR        #
#                    Systems\Embedded Workbench 6.4\arm\INC\c\DLib_Config_Nor #
#                    mal.h" -I E:\ShawnDocuments\IAR_WorkSpace\LPLD_Quad_V2\i #
#                    ar\..\source\app\ -I E:\ShawnDocuments\IAR_WorkSpace\LPL #
#                    D_Quad_V2\iar\..\source\module\ -I                       #
#                    E:\ShawnDocuments\IAR_WorkSpace\LPLD_Quad_V2\iar\..\sour #
#                    ce\lib\CPU\ -I E:\ShawnDocuments\IAR_WorkSpace\LPLD_Quad #
#                    _V2\iar\..\source\lib\common\ -I                         #
#                    E:\ShawnDocuments\IAR_WorkSpace\LPLD_Quad_V2\iar\..\sour #
#                    ce\lib\LPLD\ -I E:\ShawnDocuments\IAR_WorkSpace\LPLD_Qua #
#                    d_V2\iar\..\source\lib\LPLD\HW\ -I                       #
#                    E:\ShawnDocuments\IAR_WorkSpace\LPLD_Quad_V2\iar\..\sour #
#                    ce\lib\LPLD\DEV\ -I E:\ShawnDocuments\IAR_WorkSpace\LPLD #
#                    _Quad_V2\iar\..\source\lib\uCOS-II\Ports\ -I             #
#                    E:\ShawnDocuments\IAR_WorkSpace\LPLD_Quad_V2\iar\..\sour #
#                    ce\lib\uCOS-II\Source\ -I E:\ShawnDocuments\IAR_WorkSpac #
#                    e\LPLD_Quad_V2\iar\..\source\lib\FatFs\ -I               #
#                    E:\ShawnDocuments\IAR_WorkSpace\LPLD_Quad_V2\iar\..\sour #
#                    ce\lib\FatFs\option\ -I E:\ShawnDocuments\IAR_WorkSpace\ #
#                    LPLD_Quad_V2\iar\..\source\lib\USB\common\ -I            #
#                    E:\ShawnDocuments\IAR_WorkSpace\LPLD_Quad_V2\iar\..\sour #
#                    ce\lib\USB\driver\ -I E:\ShawnDocuments\IAR_WorkSpace\LP #
#                    LD_Quad_V2\iar\..\source\lib\USB\descriptor\ -I          #
#                    E:\ShawnDocuments\IAR_WorkSpace\LPLD_Quad_V2\iar\..\sour #
#                    ce\lib\USB\class\ -Ol -I "D:\Program Files\IAR           #
#                    Systems\Embedded Workbench 6.4\arm\CMSIS\Include\" -D    #
#                    ARM_MATH_CM4                                             #
#    List file    =  E:\ShawnDocuments\IAR_WorkSpace\LPLD_Quad_V2\iar\RAM\Lis #
#                    t\assert.lst                                             #
#    Object file  =  E:\ShawnDocuments\IAR_WorkSpace\LPLD_Quad_V2\iar\RAM\Obj #
#                    \assert.o                                                #
#                                                                             #
#                                                                             #
###############################################################################

E:\ShawnDocuments\IAR_WorkSpace\LPLD_Quad_V2\source\lib\common\assert.c
      1          /**
      2           * @file assert.c
      3           * @version 3.0[By LPLD]
      4           * @date 2013-06-18
      5           * @brief 断言函数定义
      6           *
      7           * 更改建议:不建议修改
      8           *
      9           * 一般不直接调用这里的断言函数，需要调用assert.h中的ASSERT宏定义
     10           *
     11           * 版权所有:北京拉普兰德电子技术有限公司
     12           * http://www.lpld.cn
     13           * mail:support@lpld.cn
     14           *
     15           * @par
     16           * 本代码由拉普兰德[LPLD]开发并维护，并向所有使用者开放源代码。
     17           * 开发者可以随意修使用或改源代码。但本段及以上注释应予以保留。
     18           * 不得更改或删除原版权所有者姓名，二次开发者可以加注二次版权所有者。
     19           * 但应在遵守此协议的基础上，开放源代码、不得出售代码本身。
     20           * 拉普兰德不负责由于使用本代码所带来的任何事故、法律责任或相关不良影响。
     21           * 拉普兰德无义务解释、说明本代码的具体原理、功能、实现方法。
     22           * 除非拉普兰德[LPLD]授权，开发者不得将本代码用于商业产品。
     23           */
     24          
     25          #include "common.h"
     26          

   \                                 In section .rodata, align 4
     27          const int8 ASSERT_FAILED_STR[] = "断言失败发生于 %s 代码的第 %d 行，请检查参数。\n";
   \                     ASSERT_FAILED_STR:
   \   00000000   0xB6 0xCF          DC8 "\266\317\321\324\312\247\260\334\267\242\311\372\323\332 %s \264\372\302\353\265\304\265\332 %d \320\320\243\254\307\353\274\354\262\351\262\316\312\375\241\243\012"
   \              0xD1 0xD4    
   \              0xCA 0xA7    
   \              0xB0 0xDC    
   \              0xB7 0xA2    
   \              0xC9 0xFA    
   \              0xD3 0xDA    
   \              0x20 0x25    
   \              0x73 0x20    
   \              0xB4 0xFA    
   \              0xC2 0xEB    
   \              0xB5 0xC4    
   \              0xB5 0xDA    
   \              0x20 0x25    
   \              0x64 0x20    
   \              0xD0 0xD0    
   \              0xA3 0xAC    
   \              0xC7 0xEB    
   \              0xBC 0xEC    
   \              0xB2 0xE9    
   \              0xB2 0xCE    
   \              0xCA 0xFD    
   \              0xA1 0xA3    
   \              0x0A 0x00    
     28          
     29          /********************************************************************/

   \                                 In section .text, align 4, keep-with-next
     30          void assert_failed(int8 *file, int32 line)
     31          {
     32            printf(ASSERT_FAILED_STR, file, line);
   \                     assert_failed:
   \   00000000   0x000A             MOVS     R2,R1
   \   00000002   0x0001             MOVS     R1,R0
   \   00000004   0x4801             LDR.N    R0,??assert_failed_0
   \   00000006   0x.... 0x....      BL       printf
     33          
     34            while (1)
   \                     ??assert_failed_1:
   \   0000000A   0xE7FE             B.N      ??assert_failed_1
   \                     ??assert_failed_0:
   \   0000000C   0x........         DC32     ASSERT_FAILED_STR
     35            {}
     36          }
     37          /********************************************************************/

   Maximum stack usage in bytes:

   .cstack Function
   ------- --------
        0  assert_failed
             0 -> printf


   Section sizes:

   Bytes  Function/Label
   -----  --------------
      48  ASSERT_FAILED_STR
      16  assert_failed

 
 48 bytes in section .rodata
 16 bytes in section .text
 
 16 bytes of CODE  memory
 48 bytes of CONST memory

Errors: none
Warnings: none
