###############################################################################
#                                                                             #
# IAR ANSI C/C++ Compiler V6.40.1.53790/W32 for ARM     21/Mar/2014  17:07:35 #
# Copyright 1999-2012 IAR Systems AB.                                         #
#                                                                             #
#    Cpu mode     =  thumb                                                    #
#    Endian       =  little                                                   #
#    Source file  =  E:\ShawnDocuments\IAR_WorkSpace\LPLD_Quad_V2\source\modu #
#                    le\lights.c                                              #
#    Command line =  E:\ShawnDocuments\IAR_WorkSpace\LPLD_Quad_V2\source\modu #
#                    le\lights.c -D LPLD_K60 -lCN                             #
#                    E:\ShawnDocuments\IAR_WorkSpace\LPLD_Quad_V2\iar\FLASH\L #
#                    ist\ -lB E:\ShawnDocuments\IAR_WorkSpace\LPLD_Quad_V2\ia #
#                    r\FLASH\List\ -o E:\ShawnDocuments\IAR_WorkSpace\LPLD_Qu #
#                    ad_V2\iar\FLASH\Obj\ --no_cse --no_unroll --no_inline    #
#                    --no_code_motion --no_tbaa --no_clustering               #
#                    --no_scheduling --debug --endian=little --cpu=Cortex-M4  #
#                    -e --fpu=None --dlib_config "D:\Program Files\IAR        #
#                    Systems\Embedded Workbench 6.4\arm\INC\c\DLib_Config_Nor #
#                    mal.h" -I E:\ShawnDocuments\IAR_WorkSpace\LPLD_Quad_V2\i #
#                    ar\..\source\app\ -I E:\ShawnDocuments\IAR_WorkSpace\LPL #
#                    D_Quad_V2\iar\..\source\module\ -I                       #
#                    E:\ShawnDocuments\IAR_WorkSpace\LPLD_Quad_V2\iar\..\sour #
#                    ce\lib\CPU\ -I E:\ShawnDocuments\IAR_WorkSpace\LPLD_Quad #
#                    _V2\iar\..\source\lib\common\ -I                         #
#                    E:\ShawnDocuments\IAR_WorkSpace\LPLD_Quad_V2\iar\..\sour #
#                    ce\lib\LPLD\ -I E:\ShawnDocuments\IAR_WorkSpace\LPLD_Qua #
#                    d_V2\iar\..\source\lib\LPLD\HW\ -I                       #
#                    E:\ShawnDocuments\IAR_WorkSpace\LPLD_Quad_V2\iar\..\sour #
#                    ce\lib\LPLD\DEV\ -I E:\ShawnDocuments\IAR_WorkSpace\LPLD #
#                    _Quad_V2\iar\..\source\lib\uCOS-II\Ports\ -I             #
#                    E:\ShawnDocuments\IAR_WorkSpace\LPLD_Quad_V2\iar\..\sour #
#                    ce\lib\uCOS-II\Source\ -I E:\ShawnDocuments\IAR_WorkSpac #
#                    e\LPLD_Quad_V2\iar\..\source\lib\FatFs\ -I               #
#                    E:\ShawnDocuments\IAR_WorkSpace\LPLD_Quad_V2\iar\..\sour #
#                    ce\lib\FatFs\option\ -I E:\ShawnDocuments\IAR_WorkSpace\ #
#                    LPLD_Quad_V2\iar\..\source\lib\USB\common\ -I            #
#                    E:\ShawnDocuments\IAR_WorkSpace\LPLD_Quad_V2\iar\..\sour #
#                    ce\lib\USB\driver\ -I E:\ShawnDocuments\IAR_WorkSpace\LP #
#                    LD_Quad_V2\iar\..\source\lib\USB\descriptor\ -I          #
#                    E:\ShawnDocuments\IAR_WorkSpace\LPLD_Quad_V2\iar\..\sour #
#                    ce\lib\USB\class\ -Ol -I "D:\Program Files\IAR           #
#                    Systems\Embedded Workbench 6.4\arm\CMSIS\Include\" -D    #
#                    ARM_MATH_CM4                                             #
#    List file    =  E:\ShawnDocuments\IAR_WorkSpace\LPLD_Quad_V2\iar\FLASH\L #
#                    ist\lights.lst                                           #
#    Object file  =  E:\ShawnDocuments\IAR_WorkSpace\LPLD_Quad_V2\iar\FLASH\O #
#                    bj\lights.o                                              #
#                                                                             #
#                                                                             #
###############################################################################

E:\ShawnDocuments\IAR_WorkSpace\LPLD_Quad_V2\source\module\lights.c
      1          /****************************************************************************** 
      2           *       lights.c ----- The code for led lights use          *
      3           *       (c) Copyright 2012 HUST RENESAS LAB,The Department of CSE, HUST       *
      4           *                        All Rights Reserved                                  *
      5           *Filename             :  lights.c                                           *
      6           *Programmer(s)        :  Yang Xiang                                           *
      7           *Description          :                                                       *
      8           *Modification History :                                                       *
      9           *01a 2014/3/21 9:45:25                                                       *
     10           ******************************************************************************/
     11          #include "lights.h"
     12          

   \                                 In section .text, align 2, keep-with-next
     13          void light_init(void)
     14          {
   \                     light_init:
   \   00000000   0xB500             PUSH     {LR}
   \   00000002   0xB087             SUB      SP,SP,#+28
     15              GPIO_InitTypeDef light_init_struct;
     16          
     17              light_init_struct.GPIO_PTx = LED0_PORT;
   \   00000004   0x....             LDR.N    R0,??DataTable2  ;; 0x400ff080
   \   00000006   0x9001             STR      R0,[SP, #+4]
     18              light_init_struct.GPIO_Pins = LED0_GPIO_PIN;
   \   00000008   0xF44F 0x5080      MOV      R0,#+4096
   \   0000000C   0x9002             STR      R0,[SP, #+8]
     19              light_init_struct.GPIO_Dir = DIR_OUTPUT;
   \   0000000E   0x2001             MOVS     R0,#+1
   \   00000010   0xF88D 0x0010      STRB     R0,[SP, #+16]
     20              light_init_struct.GPIO_Output = OUTPUT_H;
   \   00000014   0x2001             MOVS     R0,#+1
   \   00000016   0xF88D 0x0011      STRB     R0,[SP, #+17]
     21              LPLD_GPIO_Init(light_init_struct);
   \   0000001A   0xA901             ADD      R1,SP,#+4
   \   0000001C   0xB084             SUB      SP,SP,#+16
   \   0000001E   0x4668             MOV      R0,SP
   \   00000020   0x2214             MOVS     R2,#+20
   \   00000022   0x.... 0x....      BL       __aeabi_memcpy4
   \   00000026   0xBC0F             POP      {R0-R3}
   \   00000028   0x.... 0x....      BL       LPLD_GPIO_Init
     22          
     23              light_init_struct.GPIO_PTx = LED1_PORT;
   \   0000002C   0x....             LDR.N    R0,??DataTable2  ;; 0x400ff080
   \   0000002E   0x9001             STR      R0,[SP, #+4]
     24              light_init_struct.GPIO_Pins = LED1_GPIO_PIN;
   \   00000030   0xF44F 0x5000      MOV      R0,#+8192
   \   00000034   0x9002             STR      R0,[SP, #+8]
     25              light_init_struct.GPIO_Dir = DIR_OUTPUT;
   \   00000036   0x2001             MOVS     R0,#+1
   \   00000038   0xF88D 0x0010      STRB     R0,[SP, #+16]
     26              light_init_struct.GPIO_Output = OUTPUT_H;
   \   0000003C   0x2001             MOVS     R0,#+1
   \   0000003E   0xF88D 0x0011      STRB     R0,[SP, #+17]
     27              LPLD_GPIO_Init(light_init_struct);
   \   00000042   0xA901             ADD      R1,SP,#+4
   \   00000044   0xB084             SUB      SP,SP,#+16
   \   00000046   0x4668             MOV      R0,SP
   \   00000048   0x2214             MOVS     R2,#+20
   \   0000004A   0x.... 0x....      BL       __aeabi_memcpy4
   \   0000004E   0xBC0F             POP      {R0-R3}
   \   00000050   0x.... 0x....      BL       LPLD_GPIO_Init
     28          
     29              light_init_struct.GPIO_PTx = LED2_PORT;
   \   00000054   0x....             LDR.N    R0,??DataTable2  ;; 0x400ff080
   \   00000056   0x9001             STR      R0,[SP, #+4]
     30              light_init_struct.GPIO_Pins = LED2_GPIO_PIN;
   \   00000058   0xF44F 0x4080      MOV      R0,#+16384
   \   0000005C   0x9002             STR      R0,[SP, #+8]
     31              light_init_struct.GPIO_Dir = DIR_OUTPUT;
   \   0000005E   0x2001             MOVS     R0,#+1
   \   00000060   0xF88D 0x0010      STRB     R0,[SP, #+16]
     32              light_init_struct.GPIO_Output = OUTPUT_H;
   \   00000064   0x2001             MOVS     R0,#+1
   \   00000066   0xF88D 0x0011      STRB     R0,[SP, #+17]
     33              LPLD_GPIO_Init(light_init_struct);
   \   0000006A   0xA901             ADD      R1,SP,#+4
   \   0000006C   0xB084             SUB      SP,SP,#+16
   \   0000006E   0x4668             MOV      R0,SP
   \   00000070   0x2214             MOVS     R2,#+20
   \   00000072   0x.... 0x....      BL       __aeabi_memcpy4
   \   00000076   0xBC0F             POP      {R0-R3}
   \   00000078   0x.... 0x....      BL       LPLD_GPIO_Init
     34          
     35              light_init_struct.GPIO_PTx = LED3_PORT;
   \   0000007C   0x....             LDR.N    R0,??DataTable2  ;; 0x400ff080
   \   0000007E   0x9001             STR      R0,[SP, #+4]
     36              light_init_struct.GPIO_Pins = LED3_GPIO_PIN;
   \   00000080   0xF44F 0x4000      MOV      R0,#+32768
   \   00000084   0x9002             STR      R0,[SP, #+8]
     37              light_init_struct.GPIO_Dir = DIR_OUTPUT;
   \   00000086   0x2001             MOVS     R0,#+1
   \   00000088   0xF88D 0x0010      STRB     R0,[SP, #+16]
     38              light_init_struct.GPIO_Output = OUTPUT_H;
   \   0000008C   0x2001             MOVS     R0,#+1
   \   0000008E   0xF88D 0x0011      STRB     R0,[SP, #+17]
     39              LPLD_GPIO_Init(light_init_struct);
   \   00000092   0xA901             ADD      R1,SP,#+4
   \   00000094   0xB084             SUB      SP,SP,#+16
   \   00000096   0x4668             MOV      R0,SP
   \   00000098   0x2214             MOVS     R2,#+20
   \   0000009A   0x.... 0x....      BL       __aeabi_memcpy4
   \   0000009E   0xBC0F             POP      {R0-R3}
   \   000000A0   0x.... 0x....      BL       LPLD_GPIO_Init
     40          
     41              light_init_struct.GPIO_PTx = LED4_PORT;
   \   000000A4   0x....             LDR.N    R0,??DataTable2  ;; 0x400ff080
   \   000000A6   0x9001             STR      R0,[SP, #+4]
     42              light_init_struct.GPIO_Pins = LED4_GPIO_PIN;
   \   000000A8   0xF45F 0x3080      MOVS     R0,#+65536
   \   000000AC   0x9002             STR      R0,[SP, #+8]
     43              light_init_struct.GPIO_Dir = DIR_OUTPUT;
   \   000000AE   0x2001             MOVS     R0,#+1
   \   000000B0   0xF88D 0x0010      STRB     R0,[SP, #+16]
     44              light_init_struct.GPIO_Output = OUTPUT_H;
   \   000000B4   0x2001             MOVS     R0,#+1
   \   000000B6   0xF88D 0x0011      STRB     R0,[SP, #+17]
     45              LPLD_GPIO_Init(light_init_struct);
   \   000000BA   0xA901             ADD      R1,SP,#+4
   \   000000BC   0xB084             SUB      SP,SP,#+16
   \   000000BE   0x4668             MOV      R0,SP
   \   000000C0   0x2214             MOVS     R2,#+20
   \   000000C2   0x.... 0x....      BL       __aeabi_memcpy4
   \   000000C6   0xBC0F             POP      {R0-R3}
   \   000000C8   0x.... 0x....      BL       LPLD_GPIO_Init
     46          
     47              light_init_struct.GPIO_PTx = LED5_PORT;
   \   000000CC   0x....             LDR.N    R0,??DataTable2  ;; 0x400ff080
   \   000000CE   0x9001             STR      R0,[SP, #+4]
     48              light_init_struct.GPIO_Pins = LED5_GPIO_PIN;
   \   000000D0   0xF45F 0x3000      MOVS     R0,#+131072
   \   000000D4   0x9002             STR      R0,[SP, #+8]
     49              light_init_struct.GPIO_Dir = DIR_OUTPUT;
   \   000000D6   0x2001             MOVS     R0,#+1
   \   000000D8   0xF88D 0x0010      STRB     R0,[SP, #+16]
     50              light_init_struct.GPIO_Output = OUTPUT_H;
   \   000000DC   0x2001             MOVS     R0,#+1
   \   000000DE   0xF88D 0x0011      STRB     R0,[SP, #+17]
     51              LPLD_GPIO_Init(light_init_struct);
   \   000000E2   0xA901             ADD      R1,SP,#+4
   \   000000E4   0xB084             SUB      SP,SP,#+16
   \   000000E6   0x4668             MOV      R0,SP
   \   000000E8   0x2214             MOVS     R2,#+20
   \   000000EA   0x.... 0x....      BL       __aeabi_memcpy4
   \   000000EE   0xBC0F             POP      {R0-R3}
   \   000000F0   0x.... 0x....      BL       LPLD_GPIO_Init
     52          
     53              light_init_struct.GPIO_PTx = LED6_PORT;
   \   000000F4   0x....             LDR.N    R0,??DataTable2  ;; 0x400ff080
   \   000000F6   0x9001             STR      R0,[SP, #+4]
     54              light_init_struct.GPIO_Pins = LED6_GPIO_PIN;
   \   000000F8   0xF45F 0x2080      MOVS     R0,#+262144
   \   000000FC   0x9002             STR      R0,[SP, #+8]
     55              light_init_struct.GPIO_Dir = DIR_OUTPUT;
   \   000000FE   0x2001             MOVS     R0,#+1
   \   00000100   0xF88D 0x0010      STRB     R0,[SP, #+16]
     56              light_init_struct.GPIO_Output = OUTPUT_H;
   \   00000104   0x2001             MOVS     R0,#+1
   \   00000106   0xF88D 0x0011      STRB     R0,[SP, #+17]
     57              LPLD_GPIO_Init(light_init_struct);
   \   0000010A   0xA901             ADD      R1,SP,#+4
   \   0000010C   0xB084             SUB      SP,SP,#+16
   \   0000010E   0x4668             MOV      R0,SP
   \   00000110   0x2214             MOVS     R2,#+20
   \   00000112   0x.... 0x....      BL       __aeabi_memcpy4
   \   00000116   0xBC0F             POP      {R0-R3}
   \   00000118   0x.... 0x....      BL       LPLD_GPIO_Init
     58          
     59              light_init_struct.GPIO_PTx = LED7_PORT;
   \   0000011C   0x....             LDR.N    R0,??DataTable2  ;; 0x400ff080
   \   0000011E   0x9001             STR      R0,[SP, #+4]
     60              light_init_struct.GPIO_Pins = LED7_GPIO_PIN;
   \   00000120   0xF45F 0x2000      MOVS     R0,#+524288
   \   00000124   0x9002             STR      R0,[SP, #+8]
     61              light_init_struct.GPIO_Dir = DIR_OUTPUT;
   \   00000126   0x2001             MOVS     R0,#+1
   \   00000128   0xF88D 0x0010      STRB     R0,[SP, #+16]
     62              light_init_struct.GPIO_Output = OUTPUT_H;
   \   0000012C   0x2001             MOVS     R0,#+1
   \   0000012E   0xF88D 0x0011      STRB     R0,[SP, #+17]
     63              LPLD_GPIO_Init(light_init_struct);
   \   00000132   0xA901             ADD      R1,SP,#+4
   \   00000134   0xB084             SUB      SP,SP,#+16
   \   00000136   0x4668             MOV      R0,SP
   \   00000138   0x2214             MOVS     R2,#+20
   \   0000013A   0x.... 0x....      BL       __aeabi_memcpy4
   \   0000013E   0xBC0F             POP      {R0-R3}
   \   00000140   0x.... 0x....      BL       LPLD_GPIO_Init
     64          
     65          }
   \   00000144   0xB007             ADD      SP,SP,#+28
   \   00000146   0xBD00             POP      {PC}             ;; return
     66          

   \                                 In section .text, align 2, keep-with-next
     67          void turn_lights_on(uint8 mask)
     68          {
   \                     turn_lights_on:
   \   00000000   0xB538             PUSH     {R3-R5,LR}
   \   00000002   0x0004             MOVS     R4,R0
     69              int i = 0;
   \   00000004   0x2500             MOVS     R5,#+0
     70          
     71              for(i = 0; i < LIGHTS_AMOUNT; i++)
   \   00000006   0x2000             MOVS     R0,#+0
   \   00000008   0x0005             MOVS     R5,R0
   \   0000000A   0xE008             B.N      ??turn_lights_on_0
     72              {
     73                  if(mask & 0x01)
   \                     ??turn_lights_on_1:
   \   0000000C   0x07E0             LSLS     R0,R4,#+31
   \   0000000E   0xD503             BPL.N    ??turn_lights_on_2
     74                  {
     75                      set_light_1_on_off(i, 1);
   \   00000010   0x2101             MOVS     R1,#+1
   \   00000012   0x0028             MOVS     R0,R5
   \   00000014   0x.... 0x....      BL       set_light_1_on_off
     76                  }
     77                  mask = mask >> 1;
   \                     ??turn_lights_on_2:
   \   00000018   0xB2E4             UXTB     R4,R4            ;; ZeroExt  R4,R4,#+24,#+24
   \   0000001A   0x0864             LSRS     R4,R4,#+1
     78              }
   \   0000001C   0x1C6D             ADDS     R5,R5,#+1
   \                     ??turn_lights_on_0:
   \   0000001E   0x2D08             CMP      R5,#+8
   \   00000020   0xDBF4             BLT.N    ??turn_lights_on_1
     79          }
   \   00000022   0xBD31             POP      {R0,R4,R5,PC}    ;; return
     80          

   \                                 In section .text, align 2, keep-with-next
     81          void turn_lights_off(uint8 mask)
     82          {
   \                     turn_lights_off:
   \   00000000   0xB538             PUSH     {R3-R5,LR}
   \   00000002   0x0004             MOVS     R4,R0
     83              int i = 0;
   \   00000004   0x2500             MOVS     R5,#+0
     84          
     85              for(i = 0; i < LIGHTS_AMOUNT; i++)
   \   00000006   0x2000             MOVS     R0,#+0
   \   00000008   0x0005             MOVS     R5,R0
   \   0000000A   0xE008             B.N      ??turn_lights_off_0
     86              {
     87                  if(mask & 0x01)
   \                     ??turn_lights_off_1:
   \   0000000C   0x07E0             LSLS     R0,R4,#+31
   \   0000000E   0xD503             BPL.N    ??turn_lights_off_2
     88                  {
     89                      set_light_1_on_off(i, 0);
   \   00000010   0x2100             MOVS     R1,#+0
   \   00000012   0x0028             MOVS     R0,R5
   \   00000014   0x.... 0x....      BL       set_light_1_on_off
     90                  }
     91                  mask = mask >> 1;
   \                     ??turn_lights_off_2:
   \   00000018   0xB2E4             UXTB     R4,R4            ;; ZeroExt  R4,R4,#+24,#+24
   \   0000001A   0x0864             LSRS     R4,R4,#+1
     92              }
   \   0000001C   0x1C6D             ADDS     R5,R5,#+1
   \                     ??turn_lights_off_0:
   \   0000001E   0x2D08             CMP      R5,#+8
   \   00000020   0xDBF4             BLT.N    ??turn_lights_off_1
     93          }
   \   00000022   0xBD31             POP      {R0,R4,R5,PC}    ;; return
     94          

   \                                 In section .text, align 2, keep-with-next
     95          void set_lights_on_off(uint8 mask)
     96          {
   \                     set_lights_on_off:
   \   00000000   0xB538             PUSH     {R3-R5,LR}
   \   00000002   0x0004             MOVS     R4,R0
     97              int i = 0;
   \   00000004   0x2500             MOVS     R5,#+0
     98          
     99              for(i = 0; i < LIGHTS_AMOUNT; i++)
   \   00000006   0x2000             MOVS     R0,#+0
   \   00000008   0x0005             MOVS     R5,R0
   \   0000000A   0xE006             B.N      ??set_lights_on_off_0
    100              {
    101                  if(mask & 0x01)
    102                  {
    103                      set_light_1_on_off(i, 1);
    104                  }
    105                  else
    106                  {
    107                      set_light_1_on_off(i, 0);
   \                     ??set_lights_on_off_1:
   \   0000000C   0x2100             MOVS     R1,#+0
   \   0000000E   0x0028             MOVS     R0,R5
   \   00000010   0x.... 0x....      BL       set_light_1_on_off
    108                  }
    109                  mask = mask >> 1;
   \                     ??set_lights_on_off_2:
   \   00000014   0xB2E4             UXTB     R4,R4            ;; ZeroExt  R4,R4,#+24,#+24
   \   00000016   0x0864             LSRS     R4,R4,#+1
   \   00000018   0x1C6D             ADDS     R5,R5,#+1
   \                     ??set_lights_on_off_0:
   \   0000001A   0x2D08             CMP      R5,#+8
   \   0000001C   0xDA06             BGE.N    ??set_lights_on_off_3
   \   0000001E   0x07E0             LSLS     R0,R4,#+31
   \   00000020   0xD5F4             BPL.N    ??set_lights_on_off_1
   \   00000022   0x2101             MOVS     R1,#+1
   \   00000024   0x0028             MOVS     R0,R5
   \   00000026   0x.... 0x....      BL       set_light_1_on_off
   \   0000002A   0xE7F3             B.N      ??set_lights_on_off_2
    110              }
    111          }
   \                     ??set_lights_on_off_3:
   \   0000002C   0xBD31             POP      {R0,R4,R5,PC}    ;; return
    112          

   \                                 In section .text, align 2, keep-with-next
    113          void set_light_1_on_off(int led_num, uint8 state)
    114          {
   \                     set_light_1_on_off:
   \   00000000   0xB580             PUSH     {R7,LR}
    115              switch (led_num)
   \   00000002   0x2800             CMP      R0,#+0
   \   00000004   0xD00B             BEQ.N    ??set_light_1_on_off_0
   \   00000006   0x2802             CMP      R0,#+2
   \   00000008   0xD021             BEQ.N    ??set_light_1_on_off_1
   \   0000000A   0xD314             BCC.N    ??set_light_1_on_off_2
   \   0000000C   0x2804             CMP      R0,#+4
   \   0000000E   0xD036             BEQ.N    ??set_light_1_on_off_3
   \   00000010   0xD329             BCC.N    ??set_light_1_on_off_4
   \   00000012   0x2806             CMP      R0,#+6
   \   00000014   0xD04B             BEQ.N    ??set_light_1_on_off_5
   \   00000016   0xD33E             BCC.N    ??set_light_1_on_off_6
   \   00000018   0x2807             CMP      R0,#+7
   \   0000001A   0xD054             BEQ.N    ??set_light_1_on_off_7
   \   0000001C   0xE05F             B.N      ??set_light_1_on_off_8
    116              {
    117                  case 0: 
    118                          LPLD_GPIO_Output_b(LED0_PORT, LED0_PIN, (uint8)!state);
   \                     ??set_light_1_on_off_0:
   \   0000001E   0xB2C9             UXTB     R1,R1            ;; ZeroExt  R1,R1,#+24,#+24
   \   00000020   0x2900             CMP      R1,#+0
   \   00000022   0xD101             BNE.N    ??set_light_1_on_off_9
   \   00000024   0x2201             MOVS     R2,#+1
   \   00000026   0xE000             B.N      ??set_light_1_on_off_10
   \                     ??set_light_1_on_off_9:
   \   00000028   0x2200             MOVS     R2,#+0
   \                     ??set_light_1_on_off_10:
   \   0000002A   0xB2D2             UXTB     R2,R2            ;; ZeroExt  R2,R2,#+24,#+24
   \   0000002C   0x210C             MOVS     R1,#+12
   \   0000002E   0x....             LDR.N    R0,??DataTable2  ;; 0x400ff080
   \   00000030   0x.... 0x....      BL       LPLD_GPIO_Output_b
    119                          break;
   \   00000034   0xE053             B.N      ??set_light_1_on_off_11
    120                  case 1: 
    121                          LPLD_GPIO_Output_b(LED1_PORT, LED1_PIN, (uint8)!state);
   \                     ??set_light_1_on_off_2:
   \   00000036   0xB2C9             UXTB     R1,R1            ;; ZeroExt  R1,R1,#+24,#+24
   \   00000038   0x2900             CMP      R1,#+0
   \   0000003A   0xD101             BNE.N    ??set_light_1_on_off_12
   \   0000003C   0x2201             MOVS     R2,#+1
   \   0000003E   0xE000             B.N      ??set_light_1_on_off_13
   \                     ??set_light_1_on_off_12:
   \   00000040   0x2200             MOVS     R2,#+0
   \                     ??set_light_1_on_off_13:
   \   00000042   0xB2D2             UXTB     R2,R2            ;; ZeroExt  R2,R2,#+24,#+24
   \   00000044   0x210D             MOVS     R1,#+13
   \   00000046   0x....             LDR.N    R0,??DataTable2  ;; 0x400ff080
   \   00000048   0x.... 0x....      BL       LPLD_GPIO_Output_b
    122                          break;
   \   0000004C   0xE047             B.N      ??set_light_1_on_off_11
    123                  case 2: 
    124                          LPLD_GPIO_Output_b(LED2_PORT, LED2_PIN, (uint8)!state);
   \                     ??set_light_1_on_off_1:
   \   0000004E   0xB2C9             UXTB     R1,R1            ;; ZeroExt  R1,R1,#+24,#+24
   \   00000050   0x2900             CMP      R1,#+0
   \   00000052   0xD101             BNE.N    ??set_light_1_on_off_14
   \   00000054   0x2201             MOVS     R2,#+1
   \   00000056   0xE000             B.N      ??set_light_1_on_off_15
   \                     ??set_light_1_on_off_14:
   \   00000058   0x2200             MOVS     R2,#+0
   \                     ??set_light_1_on_off_15:
   \   0000005A   0xB2D2             UXTB     R2,R2            ;; ZeroExt  R2,R2,#+24,#+24
   \   0000005C   0x210E             MOVS     R1,#+14
   \   0000005E   0x....             LDR.N    R0,??DataTable2  ;; 0x400ff080
   \   00000060   0x.... 0x....      BL       LPLD_GPIO_Output_b
    125                          break;
   \   00000064   0xE03B             B.N      ??set_light_1_on_off_11
    126                  case 3: 
    127                          LPLD_GPIO_Output_b(LED3_PORT, LED3_PIN, (uint8)!state);
   \                     ??set_light_1_on_off_4:
   \   00000066   0xB2C9             UXTB     R1,R1            ;; ZeroExt  R1,R1,#+24,#+24
   \   00000068   0x2900             CMP      R1,#+0
   \   0000006A   0xD101             BNE.N    ??set_light_1_on_off_16
   \   0000006C   0x2201             MOVS     R2,#+1
   \   0000006E   0xE000             B.N      ??set_light_1_on_off_17
   \                     ??set_light_1_on_off_16:
   \   00000070   0x2200             MOVS     R2,#+0
   \                     ??set_light_1_on_off_17:
   \   00000072   0xB2D2             UXTB     R2,R2            ;; ZeroExt  R2,R2,#+24,#+24
   \   00000074   0x210F             MOVS     R1,#+15
   \   00000076   0x....             LDR.N    R0,??DataTable2  ;; 0x400ff080
   \   00000078   0x.... 0x....      BL       LPLD_GPIO_Output_b
    128                          break;
   \   0000007C   0xE02F             B.N      ??set_light_1_on_off_11
    129                  case 4: 
    130                          LPLD_GPIO_Output_b(LED4_PORT, LED4_PIN, (uint8)!state);
   \                     ??set_light_1_on_off_3:
   \   0000007E   0xB2C9             UXTB     R1,R1            ;; ZeroExt  R1,R1,#+24,#+24
   \   00000080   0x2900             CMP      R1,#+0
   \   00000082   0xD101             BNE.N    ??set_light_1_on_off_18
   \   00000084   0x2201             MOVS     R2,#+1
   \   00000086   0xE000             B.N      ??set_light_1_on_off_19
   \                     ??set_light_1_on_off_18:
   \   00000088   0x2200             MOVS     R2,#+0
   \                     ??set_light_1_on_off_19:
   \   0000008A   0xB2D2             UXTB     R2,R2            ;; ZeroExt  R2,R2,#+24,#+24
   \   0000008C   0x2110             MOVS     R1,#+16
   \   0000008E   0x....             LDR.N    R0,??DataTable2  ;; 0x400ff080
   \   00000090   0x.... 0x....      BL       LPLD_GPIO_Output_b
    131                          break;
   \   00000094   0xE023             B.N      ??set_light_1_on_off_11
    132                  case 5: 
    133                          LPLD_GPIO_Output_b(LED5_PORT, LED5_PIN, (uint8)!state);
   \                     ??set_light_1_on_off_6:
   \   00000096   0xB2C9             UXTB     R1,R1            ;; ZeroExt  R1,R1,#+24,#+24
   \   00000098   0x2900             CMP      R1,#+0
   \   0000009A   0xD101             BNE.N    ??set_light_1_on_off_20
   \   0000009C   0x2201             MOVS     R2,#+1
   \   0000009E   0xE000             B.N      ??set_light_1_on_off_21
   \                     ??set_light_1_on_off_20:
   \   000000A0   0x2200             MOVS     R2,#+0
   \                     ??set_light_1_on_off_21:
   \   000000A2   0xB2D2             UXTB     R2,R2            ;; ZeroExt  R2,R2,#+24,#+24
   \   000000A4   0x2111             MOVS     R1,#+17
   \   000000A6   0x....             LDR.N    R0,??DataTable2  ;; 0x400ff080
   \   000000A8   0x.... 0x....      BL       LPLD_GPIO_Output_b
    134                          break;
   \   000000AC   0xE017             B.N      ??set_light_1_on_off_11
    135                  case 6: 
    136                          LPLD_GPIO_Output_b(LED6_PORT, LED6_PIN, (uint8)!state);
   \                     ??set_light_1_on_off_5:
   \   000000AE   0xB2C9             UXTB     R1,R1            ;; ZeroExt  R1,R1,#+24,#+24
   \   000000B0   0x2900             CMP      R1,#+0
   \   000000B2   0xD101             BNE.N    ??set_light_1_on_off_22
   \   000000B4   0x2201             MOVS     R2,#+1
   \   000000B6   0xE000             B.N      ??set_light_1_on_off_23
   \                     ??set_light_1_on_off_22:
   \   000000B8   0x2200             MOVS     R2,#+0
   \                     ??set_light_1_on_off_23:
   \   000000BA   0xB2D2             UXTB     R2,R2            ;; ZeroExt  R2,R2,#+24,#+24
   \   000000BC   0x2112             MOVS     R1,#+18
   \   000000BE   0x....             LDR.N    R0,??DataTable2  ;; 0x400ff080
   \   000000C0   0x.... 0x....      BL       LPLD_GPIO_Output_b
    137                          break;
   \   000000C4   0xE00B             B.N      ??set_light_1_on_off_11
    138                  case 7: 
    139                          LPLD_GPIO_Output_b(LED7_PORT, LED7_PIN, (uint8)!state);
   \                     ??set_light_1_on_off_7:
   \   000000C6   0xB2C9             UXTB     R1,R1            ;; ZeroExt  R1,R1,#+24,#+24
   \   000000C8   0x2900             CMP      R1,#+0
   \   000000CA   0xD101             BNE.N    ??set_light_1_on_off_24
   \   000000CC   0x2201             MOVS     R2,#+1
   \   000000CE   0xE000             B.N      ??set_light_1_on_off_25
   \                     ??set_light_1_on_off_24:
   \   000000D0   0x2200             MOVS     R2,#+0
   \                     ??set_light_1_on_off_25:
   \   000000D2   0xB2D2             UXTB     R2,R2            ;; ZeroExt  R2,R2,#+24,#+24
   \   000000D4   0x2113             MOVS     R1,#+19
   \   000000D6   0x....             LDR.N    R0,??DataTable2  ;; 0x400ff080
   \   000000D8   0x.... 0x....      BL       LPLD_GPIO_Output_b
    140                          break;
   \   000000DC   0xE7FF             B.N      ??set_light_1_on_off_11
    141                  default:
    142                          break;
    143              }
    144          }
   \                     ??set_light_1_on_off_8:
   \                     ??set_light_1_on_off_11:
   \   000000DE   0xBD01             POP      {R0,PC}          ;; return
    145          

   \                                 In section .text, align 2, keep-with-next
    146          void toggle_light_1(int led_num)
    147          {
   \                     toggle_light_1:
   \   00000000   0xB580             PUSH     {R7,LR}
    148              switch (led_num)
   \   00000002   0x2800             CMP      R0,#+0
   \   00000004   0xD00B             BEQ.N    ??toggle_light_1_0
   \   00000006   0x2802             CMP      R0,#+2
   \   00000008   0xD013             BEQ.N    ??toggle_light_1_1
   \   0000000A   0xD30D             BCC.N    ??toggle_light_1_2
   \   0000000C   0x2804             CMP      R0,#+4
   \   0000000E   0xD01A             BEQ.N    ??toggle_light_1_3
   \   00000010   0xD314             BCC.N    ??toggle_light_1_4
   \   00000012   0x2806             CMP      R0,#+6
   \   00000014   0xD021             BEQ.N    ??toggle_light_1_5
   \   00000016   0xD31B             BCC.N    ??toggle_light_1_6
   \   00000018   0x2807             CMP      R0,#+7
   \   0000001A   0xD023             BEQ.N    ??toggle_light_1_7
   \   0000001C   0xE027             B.N      ??toggle_light_1_8
    149              {
    150                  case 0: 
    151                          LPLD_GPIO_Toggle_b(LED0_PORT, LED0_PIN);
   \                     ??toggle_light_1_0:
   \   0000001E   0x210C             MOVS     R1,#+12
   \   00000020   0x....             LDR.N    R0,??DataTable2  ;; 0x400ff080
   \   00000022   0x.... 0x....      BL       LPLD_GPIO_Toggle_b
    152                          break;
   \   00000026   0xE022             B.N      ??toggle_light_1_9
    153                  case 1: 
    154                          LPLD_GPIO_Toggle_b(LED1_PORT, LED1_PIN);
   \                     ??toggle_light_1_2:
   \   00000028   0x210D             MOVS     R1,#+13
   \   0000002A   0x....             LDR.N    R0,??DataTable2  ;; 0x400ff080
   \   0000002C   0x.... 0x....      BL       LPLD_GPIO_Toggle_b
    155                          break;
   \   00000030   0xE01D             B.N      ??toggle_light_1_9
    156                  case 2: 
    157                          LPLD_GPIO_Toggle_b(LED2_PORT, LED2_PIN);
   \                     ??toggle_light_1_1:
   \   00000032   0x210E             MOVS     R1,#+14
   \   00000034   0x....             LDR.N    R0,??DataTable2  ;; 0x400ff080
   \   00000036   0x.... 0x....      BL       LPLD_GPIO_Toggle_b
    158                          break;
   \   0000003A   0xE018             B.N      ??toggle_light_1_9
    159                  case 3: 
    160                          LPLD_GPIO_Toggle_b(LED3_PORT, LED3_PIN);
   \                     ??toggle_light_1_4:
   \   0000003C   0x210F             MOVS     R1,#+15
   \   0000003E   0x....             LDR.N    R0,??DataTable2  ;; 0x400ff080
   \   00000040   0x.... 0x....      BL       LPLD_GPIO_Toggle_b
    161                          break;
   \   00000044   0xE013             B.N      ??toggle_light_1_9
    162                  case 4: 
    163                          LPLD_GPIO_Toggle_b(LED4_PORT, LED4_PIN);
   \                     ??toggle_light_1_3:
   \   00000046   0x2110             MOVS     R1,#+16
   \   00000048   0x....             LDR.N    R0,??DataTable2  ;; 0x400ff080
   \   0000004A   0x.... 0x....      BL       LPLD_GPIO_Toggle_b
    164                          break;
   \   0000004E   0xE00E             B.N      ??toggle_light_1_9
    165                  case 5: 
    166                          LPLD_GPIO_Toggle_b(LED5_PORT, LED5_PIN);
   \                     ??toggle_light_1_6:
   \   00000050   0x2111             MOVS     R1,#+17
   \   00000052   0x....             LDR.N    R0,??DataTable2  ;; 0x400ff080
   \   00000054   0x.... 0x....      BL       LPLD_GPIO_Toggle_b
    167                          break;
   \   00000058   0xE009             B.N      ??toggle_light_1_9
    168                  case 6: 
    169                          LPLD_GPIO_Toggle_b(LED6_PORT, LED6_PIN);
   \                     ??toggle_light_1_5:
   \   0000005A   0x2112             MOVS     R1,#+18
   \   0000005C   0x....             LDR.N    R0,??DataTable2  ;; 0x400ff080
   \   0000005E   0x.... 0x....      BL       LPLD_GPIO_Toggle_b
    170                          break;
   \   00000062   0xE004             B.N      ??toggle_light_1_9
    171                  case 7: 
    172                          LPLD_GPIO_Toggle_b(LED7_PORT, LED7_PIN);
   \                     ??toggle_light_1_7:
   \   00000064   0x2113             MOVS     R1,#+19
   \   00000066   0x....             LDR.N    R0,??DataTable2  ;; 0x400ff080
   \   00000068   0x.... 0x....      BL       LPLD_GPIO_Toggle_b
    173                          break;
   \   0000006C   0xE7FF             B.N      ??toggle_light_1_9
    174                  default:
    175                          break;
    176              }    
    177          }
   \                     ??toggle_light_1_8:
   \                     ??toggle_light_1_9:
   \   0000006E   0xBD01             POP      {R0,PC}          ;; return
    178          

   \                                 In section .text, align 2, keep-with-next
    179          void toggle_lights(uint8 mask)
    180          {
   \                     toggle_lights:
   \   00000000   0xB538             PUSH     {R3-R5,LR}
   \   00000002   0x0004             MOVS     R4,R0
    181              int i = 0;
   \   00000004   0x2500             MOVS     R5,#+0
    182          
    183              for(i = 0; i < LIGHTS_AMOUNT; i++)
   \   00000006   0x2000             MOVS     R0,#+0
   \   00000008   0x0005             MOVS     R5,R0
   \   0000000A   0xE007             B.N      ??toggle_lights_0
    184              {
    185                  if(mask & 0x01)
   \                     ??toggle_lights_1:
   \   0000000C   0x07E0             LSLS     R0,R4,#+31
   \   0000000E   0xD502             BPL.N    ??toggle_lights_2
    186                  {
    187                      toggle_light_1(i);
   \   00000010   0x0028             MOVS     R0,R5
   \   00000012   0x.... 0x....      BL       toggle_light_1
    188                  }
    189                  mask = mask >> 1;
   \                     ??toggle_lights_2:
   \   00000016   0xB2E4             UXTB     R4,R4            ;; ZeroExt  R4,R4,#+24,#+24
   \   00000018   0x0864             LSRS     R4,R4,#+1
    190              }    
   \   0000001A   0x1C6D             ADDS     R5,R5,#+1
   \                     ??toggle_lights_0:
   \   0000001C   0x2D08             CMP      R5,#+8
   \   0000001E   0xDBF5             BLT.N    ??toggle_lights_1
    191          }
   \   00000020   0xBD31             POP      {R0,R4,R5,PC}    ;; return

   \                                 In section .text, align 4, keep-with-next
   \                     ??DataTable2:
   \   00000000   0x400FF080         DC32     0x400ff080

   Maximum stack usage in bytes:

   .cstack Function
   ------- --------
       48  light_init
             32 -> LPLD_GPIO_Init
             48 -> __aeabi_memcpy4
        8  set_light_1_on_off
              8 -> LPLD_GPIO_Output_b
       16  set_lights_on_off
             16 -> set_light_1_on_off
        8  toggle_light_1
              8 -> LPLD_GPIO_Toggle_b
       16  toggle_lights
             16 -> toggle_light_1
       16  turn_lights_off
             16 -> set_light_1_on_off
       16  turn_lights_on
             16 -> set_light_1_on_off


   Section sizes:

   Bytes  Function/Label
   -----  --------------
       4  ??DataTable2
     328  light_init
     224  set_light_1_on_off
      46  set_lights_on_off
     112  toggle_light_1
      34  toggle_lights
      36  turn_lights_off
      36  turn_lights_on

 
 820 bytes in section .text
 
 820 bytes of CODE memory

Errors: none
Warnings: none
