###############################################################################
#                                                                             #
# IAR ANSI C/C++ Compiler V6.40.1.53790/W32 for ARM     08/Aug/2014  19:52:12 #
# Copyright 1999-2012 IAR Systems AB.                                         #
#                                                                             #
#    Cpu mode     =  thumb                                                    #
#    Endian       =  little                                                   #
#    Source file  =  E:\ShawnDocuments\IAR_WorkSpace\LPLD_Quad_V3\source\app\ #
#                    Others\exception.c                                       #
#    Command line =  E:\ShawnDocuments\IAR_WorkSpace\LPLD_Quad_V3\source\app\ #
#                    Others\exception.c -D LPLD_K60 -lCN                      #
#                    E:\ShawnDocuments\IAR_WorkSpace\LPLD_Quad_V3\iar\FLASH_M #
#                    INE\List\ -lB E:\ShawnDocuments\IAR_WorkSpace\LPLD_Quad_ #
#                    V3\iar\FLASH_MINE\List\ -o E:\ShawnDocuments\IAR_WorkSpa #
#                    ce\LPLD_Quad_V3\iar\FLASH_MINE\Obj\ --no_cse             #
#                    --no_unroll --no_inline --no_code_motion --no_tbaa       #
#                    --no_clustering --no_scheduling --debug --endian=little  #
#                    --cpu=Cortex-M4 -e --fpu=None --dlib_config "D:\Program  #
#                    Files\IAR Systems\Embedded Workbench                     #
#                    6.4\arm\INC\c\DLib_Config_Normal.h" -I                   #
#                    E:\ShawnDocuments\IAR_WorkSpace\LPLD_Quad_V3\iar\..\sour #
#                    ce\app\ -I E:\ShawnDocuments\IAR_WorkSpace\LPLD_Quad_V3\ #
#                    iar\..\source\app\Control\ -I                            #
#                    E:\ShawnDocuments\IAR_WorkSpace\LPLD_Quad_V3\iar\..\sour #
#                    ce\app\Others\ -I E:\ShawnDocuments\IAR_WorkSpace\LPLD_Q #
#                    uad_V3\iar\..\source\app\Communicate\ -I                 #
#                    E:\ShawnDocuments\IAR_WorkSpace\LPLD_Quad_V3\iar\..\sour #
#                    ce\app\Algorithm\ -I E:\ShawnDocuments\IAR_WorkSpace\LPL #
#                    D_Quad_V3\iar\..\source\app\SignalProcess\ -I            #
#                    E:\ShawnDocuments\IAR_WorkSpace\LPLD_Quad_V3\iar\..\sour #
#                    ce\module\ -I E:\ShawnDocuments\IAR_WorkSpace\LPLD_Quad_ #
#                    V3\iar\..\source\module\anbt_dmp\ -I                     #
#                    E:\ShawnDocuments\IAR_WorkSpace\LPLD_Quad_V3\iar\..\sour #
#                    ce\module\eMPL\ -I E:\ShawnDocuments\IAR_WorkSpace\LPLD_ #
#                    Quad_V3\iar\..\source\lib\CPU\ -I                        #
#                    E:\ShawnDocuments\IAR_WorkSpace\LPLD_Quad_V3\iar\..\sour #
#                    ce\lib\common\ -I E:\ShawnDocuments\IAR_WorkSpace\LPLD_Q #
#                    uad_V3\iar\..\source\lib\LPLD\ -I                        #
#                    E:\ShawnDocuments\IAR_WorkSpace\LPLD_Quad_V3\iar\..\sour #
#                    ce\lib\LPLD\HW\ -I E:\ShawnDocuments\IAR_WorkSpace\LPLD_ #
#                    Quad_V3\iar\..\source\lib\LPLD\DEV\ -I                   #
#                    E:\ShawnDocuments\IAR_WorkSpace\LPLD_Quad_V3\iar\..\sour #
#                    ce\lib\uCOS-II\Ports\ -I E:\ShawnDocuments\IAR_WorkSpace #
#                    \LPLD_Quad_V3\iar\..\source\lib\uCOS-II\Source\ -I       #
#                    E:\ShawnDocuments\IAR_WorkSpace\LPLD_Quad_V3\iar\..\sour #
#                    ce\lib\FatFs\ -I E:\ShawnDocuments\IAR_WorkSpace\LPLD_Qu #
#                    ad_V3\iar\..\source\lib\FatFs\option\ -I                 #
#                    E:\ShawnDocuments\IAR_WorkSpace\LPLD_Quad_V3\iar\..\sour #
#                    ce\lib\USB\common\ -I E:\ShawnDocuments\IAR_WorkSpace\LP #
#                    LD_Quad_V3\iar\..\source\lib\USB\driver\ -I              #
#                    E:\ShawnDocuments\IAR_WorkSpace\LPLD_Quad_V3\iar\..\sour #
#                    ce\lib\USB\descriptor\ -I E:\ShawnDocuments\IAR_WorkSpac #
#                    e\LPLD_Quad_V3\iar\..\source\lib\USB\class\ -I           #
#                    E:\ShawnDocuments\IAR_WorkSpace\LPLD_Quad_V3\iar\..\sour #
#                    ce\lib\MyLib\ -On -I "D:\Program Files\IAR               #
#                    Systems\Embedded Workbench 6.4\arm\CMSIS\Include\" -D    #
#                    ARM_MATH_CM4                                             #
#    List file    =  E:\ShawnDocuments\IAR_WorkSpace\LPLD_Quad_V3\iar\FLASH_M #
#                    INE\List\exception.lst                                   #
#    Object file  =  E:\ShawnDocuments\IAR_WorkSpace\LPLD_Quad_V3\iar\FLASH_M #
#                    INE\Obj\exception.o                                      #
#                                                                             #
#                                                                             #
###############################################################################

E:\ShawnDocuments\IAR_WorkSpace\LPLD_Quad_V3\source\app\Others\exception.c
      1          /****************************************************************************** 
      2           *       exception.c ----- The exception situation haldle          *
      3           *       (c) Copyright 2012 HUST RENESAS LAB,The Department of CSE, HUST       *
      4           *                        All Rights Reserved                                  *
      5           *Filename             :  exception.c                                           *
      6           *Programmer(s)        :  Yang Xiang                                           *
      7           *Description          :                                                       *
      8           *Modification History :                                                       *
      9           *01a 2014/5/5 10:27:30                                                       *
     10           ******************************************************************************/
     11          #include "exception.h"
     12          

   \                                 In section .data, align 4
     13          float g_f32HaltVoltage = 14.8;
   \                     g_f32HaltVoltage:
   \   00000000   0x416CCCCD         DC32 416CCCCDH

   \                                 In section .data, align 4
     14          float g_f32HaltInclinationAngle = 25;
   \                     g_f32HaltInclinationAngle:
   \   00000000   0x41C80000         DC32 41C80000H
     15          

   \                                 In section .rodata, align 4
     16          extern const float gc_f32LandingThrottle = 0.4;
   \                     gc_f32LandingThrottle:
   \   00000000   0x3ECCCCCD         DC32 3ECCCCCDH
     17          

   \                                 In section .text, align 2, keep-with-next
     18          uint8 ExceptionCheckInclination(EulerAttitudeTypeDef euler_attitude)
     19          {
   \                     ExceptionCheckInclination:
   \   00000000   0xB537             PUSH     {R0-R2,R4,R5,LR}
     20              if((fabs(euler_attitude.roll) > g_f32HaltInclinationAngle) || (fabs(euler_attitude.pitch) > g_f32HaltInclinationAngle))
   \   00000002   0x9802             LDR      R0,[SP, #+8]
   \   00000004   0x.... 0x....      BL       __aeabi_f2d
   \   00000008   0x0004             MOVS     R4,R0
   \   0000000A   0x000D             MOVS     R5,R1
   \   0000000C   0xF035 0x4500      BICS     R5,R5,#0x80000000
   \   00000010   0x....             LDR.N    R0,??DataTable1
   \   00000012   0x6800             LDR      R0,[R0, #+0]
   \   00000014   0x.... 0x....      BL       __aeabi_f2d
   \   00000018   0x0022             MOVS     R2,R4
   \   0000001A   0x002B             MOVS     R3,R5
   \   0000001C   0x.... 0x....      BL       __aeabi_cdcmple
   \   00000020   0xD30F             BCC.N    ??ExceptionCheckInclination_0
   \   00000022   0x9801             LDR      R0,[SP, #+4]
   \   00000024   0x.... 0x....      BL       __aeabi_f2d
   \   00000028   0x0004             MOVS     R4,R0
   \   0000002A   0x000D             MOVS     R5,R1
   \   0000002C   0xF035 0x4500      BICS     R5,R5,#0x80000000
   \   00000030   0x....             LDR.N    R0,??DataTable1
   \   00000032   0x6800             LDR      R0,[R0, #+0]
   \   00000034   0x.... 0x....      BL       __aeabi_f2d
   \   00000038   0x0022             MOVS     R2,R4
   \   0000003A   0x002B             MOVS     R3,R5
   \   0000003C   0x.... 0x....      BL       __aeabi_cdcmple
   \   00000040   0xD201             BCS.N    ??ExceptionCheckInclination_1
     21              {
     22                  return 1;
   \                     ??ExceptionCheckInclination_0:
   \   00000042   0x2001             MOVS     R0,#+1
   \   00000044   0xE000             B.N      ??ExceptionCheckInclination_2
     23              }
     24              else
     25              {
     26                  return 0;
   \                     ??ExceptionCheckInclination_1:
   \   00000046   0x2000             MOVS     R0,#+0
   \                     ??ExceptionCheckInclination_2:
   \   00000048   0xBD3E             POP      {R1-R5,PC}       ;; return
     27              }
     28          }
     29          

   \                                 In section .text, align 2, keep-with-next
     30          uint8 ExceptionCheckBatteryVoltageTooLow(float voltage)
     31          {
   \                     ExceptionCheckBatteryVoltageTooLow:
   \   00000000   0xB500             PUSH     {LR}
   \   00000002   0x0002             MOVS     R2,R0
     32              if(voltage < g_f32HaltVoltage)
   \   00000004   0x0010             MOVS     R0,R2
   \   00000006   0x....             LDR.N    R1,??DataTable1_1
   \   00000008   0x6809             LDR      R1,[R1, #+0]
   \   0000000A   0x.... 0x....      BL       __aeabi_cfcmple
   \   0000000E   0xD201             BCS.N    ??ExceptionCheckBatteryVoltageTooLow_0
     33              {
     34                  return 1;
   \   00000010   0x2001             MOVS     R0,#+1
   \   00000012   0xE000             B.N      ??ExceptionCheckBatteryVoltageTooLow_1
     35              }
     36              else
     37              {
     38                  return 0;
   \                     ??ExceptionCheckBatteryVoltageTooLow_0:
   \   00000014   0x2000             MOVS     R0,#+0
   \                     ??ExceptionCheckBatteryVoltageTooLow_1:
   \   00000016   0xBD00             POP      {PC}             ;; return
     39              }
     40          }

   \                                 In section .text, align 4, keep-with-next
   \                     ??DataTable1:
   \   00000000   0x........         DC32     g_f32HaltInclinationAngle

   \                                 In section .text, align 4, keep-with-next
   \                     ??DataTable1_1:
   \   00000000   0x........         DC32     g_f32HaltVoltage

   Maximum stack usage in bytes:

   .cstack Function
   ------- --------
        4  ExceptionCheckBatteryVoltageTooLow
              4 -> __aeabi_cfcmple
       24  ExceptionCheckInclination
             24 -> __aeabi_cdcmple
             24 -> __aeabi_f2d


   Section sizes:

   Bytes  Function/Label
   -----  --------------
       4  ??DataTable1
       4  ??DataTable1_1
      24  ExceptionCheckBatteryVoltageTooLow
      74  ExceptionCheckInclination
       4  g_f32HaltInclinationAngle
       4  g_f32HaltVoltage
       4  gc_f32LandingThrottle

 
   8 bytes in section .data
   4 bytes in section .rodata
 106 bytes in section .text
 
 106 bytes of CODE  memory
   4 bytes of CONST memory
   8 bytes of DATA  memory

Errors: none
Warnings: none
