###############################################################################
#                                                                             #
# IAR ANSI C/C++ Compiler V6.40.1.53790/W32 for ARM     07/Aug/2014  15:34:26 #
# Copyright 1999-2012 IAR Systems AB.                                         #
#                                                                             #
#    Cpu mode     =  thumb                                                    #
#    Endian       =  little                                                   #
#    Source file  =  E:\ShawnDocuments\IAR_WorkSpace\LPLD_Quad_V3\source\app\ #
#                    SignalProcess\gyrfilter.c                                #
#    Command line =  E:\ShawnDocuments\IAR_WorkSpace\LPLD_Quad_V3\source\app\ #
#                    SignalProcess\gyrfilter.c -D LPLD_K60 -lCN               #
#                    E:\ShawnDocuments\IAR_WorkSpace\LPLD_Quad_V3\iar\FLASH_M #
#                    INE\List\ -lB E:\ShawnDocuments\IAR_WorkSpace\LPLD_Quad_ #
#                    V3\iar\FLASH_MINE\List\ -o E:\ShawnDocuments\IAR_WorkSpa #
#                    ce\LPLD_Quad_V3\iar\FLASH_MINE\Obj\ --no_cse             #
#                    --no_unroll --no_inline --no_code_motion --no_tbaa       #
#                    --no_clustering --no_scheduling --debug --endian=little  #
#                    --cpu=Cortex-M4 -e --fpu=None --dlib_config "D:\Program  #
#                    Files\IAR Systems\Embedded Workbench                     #
#                    6.4\arm\INC\c\DLib_Config_Normal.h" -I                   #
#                    E:\ShawnDocuments\IAR_WorkSpace\LPLD_Quad_V3\iar\..\sour #
#                    ce\app\ -I E:\ShawnDocuments\IAR_WorkSpace\LPLD_Quad_V3\ #
#                    iar\..\source\app\Control\ -I                            #
#                    E:\ShawnDocuments\IAR_WorkSpace\LPLD_Quad_V3\iar\..\sour #
#                    ce\app\Others\ -I E:\ShawnDocuments\IAR_WorkSpace\LPLD_Q #
#                    uad_V3\iar\..\source\app\Communicate\ -I                 #
#                    E:\ShawnDocuments\IAR_WorkSpace\LPLD_Quad_V3\iar\..\sour #
#                    ce\app\Algorithm\ -I E:\ShawnDocuments\IAR_WorkSpace\LPL #
#                    D_Quad_V3\iar\..\source\app\SignalProcess\ -I            #
#                    E:\ShawnDocuments\IAR_WorkSpace\LPLD_Quad_V3\iar\..\sour #
#                    ce\module\ -I E:\ShawnDocuments\IAR_WorkSpace\LPLD_Quad_ #
#                    V3\iar\..\source\module\anbt_dmp\ -I                     #
#                    E:\ShawnDocuments\IAR_WorkSpace\LPLD_Quad_V3\iar\..\sour #
#                    ce\module\eMPL\ -I E:\ShawnDocuments\IAR_WorkSpace\LPLD_ #
#                    Quad_V3\iar\..\source\lib\CPU\ -I                        #
#                    E:\ShawnDocuments\IAR_WorkSpace\LPLD_Quad_V3\iar\..\sour #
#                    ce\lib\common\ -I E:\ShawnDocuments\IAR_WorkSpace\LPLD_Q #
#                    uad_V3\iar\..\source\lib\LPLD\ -I                        #
#                    E:\ShawnDocuments\IAR_WorkSpace\LPLD_Quad_V3\iar\..\sour #
#                    ce\lib\LPLD\HW\ -I E:\ShawnDocuments\IAR_WorkSpace\LPLD_ #
#                    Quad_V3\iar\..\source\lib\LPLD\DEV\ -I                   #
#                    E:\ShawnDocuments\IAR_WorkSpace\LPLD_Quad_V3\iar\..\sour #
#                    ce\lib\uCOS-II\Ports\ -I E:\ShawnDocuments\IAR_WorkSpace #
#                    \LPLD_Quad_V3\iar\..\source\lib\uCOS-II\Source\ -I       #
#                    E:\ShawnDocuments\IAR_WorkSpace\LPLD_Quad_V3\iar\..\sour #
#                    ce\lib\FatFs\ -I E:\ShawnDocuments\IAR_WorkSpace\LPLD_Qu #
#                    ad_V3\iar\..\source\lib\FatFs\option\ -I                 #
#                    E:\ShawnDocuments\IAR_WorkSpace\LPLD_Quad_V3\iar\..\sour #
#                    ce\lib\USB\common\ -I E:\ShawnDocuments\IAR_WorkSpace\LP #
#                    LD_Quad_V3\iar\..\source\lib\USB\driver\ -I              #
#                    E:\ShawnDocuments\IAR_WorkSpace\LPLD_Quad_V3\iar\..\sour #
#                    ce\lib\USB\descriptor\ -I E:\ShawnDocuments\IAR_WorkSpac #
#                    e\LPLD_Quad_V3\iar\..\source\lib\USB\class\ -I           #
#                    E:\ShawnDocuments\IAR_WorkSpace\LPLD_Quad_V3\iar\..\sour #
#                    ce\lib\MyLib\ -On -I "D:\Program Files\IAR               #
#                    Systems\Embedded Workbench 6.4\arm\CMSIS\Include\" -D    #
#                    ARM_MATH_CM4                                             #
#    List file    =  E:\ShawnDocuments\IAR_WorkSpace\LPLD_Quad_V3\iar\FLASH_M #
#                    INE\List\gyrfilter.lst                                   #
#    Object file  =  E:\ShawnDocuments\IAR_WorkSpace\LPLD_Quad_V3\iar\FLASH_M #
#                    INE\Obj\gyrfilter.o                                      #
#                                                                             #
#                                                                             #
###############################################################################

E:\ShawnDocuments\IAR_WorkSpace\LPLD_Quad_V3\source\app\SignalProcess\gyrfilter.c
      1          /****************************************************************************** 
      2           *       gyrfilter.c ----- The gyr Filter Function          *
      3           *       (c) Copyright 2012 HUST RENESAS LAB,The Department of CSE, HUST       *
      4           *                        All Rights Reserved                                  *
      5           *Filename             :  gyrfilter.c                                           *
      6           *Programmer(s)        :  Yang Xiang                                           *
      7           *Description          :                                                       *
      8           *Modification History :                                                       *
      9           *01a 2014/4/7 10:48:49                                                       *
     10           ******************************************************************************/
     11          #include "gyrfilter.h"
     12          

   \                                 In section .bss, align 4
     13          static float s_fGyrFilterCurrent[3] = {0,0,0};
   \                     s_fGyrFilterCurrent:
   \   00000000                      DS8 12
     14          

   \                                 In section .text, align 2, keep-with-next
     15          void InitGyrFilter(void)
     16          {
     17              int i = 0;
   \                     InitGyrFilter:
   \   00000000   0x2000             MOVS     R0,#+0
     18          
     19              for(i = 0; i < 3; i++)
   \   00000002   0x2100             MOVS     R1,#+0
   \   00000004   0x0008             MOVS     R0,R1
   \                     ??InitGyrFilter_0:
   \   00000006   0x2803             CMP      R0,#+3
   \   00000008   0xDA05             BGE.N    ??InitGyrFilter_1
     20              {
     21                  s_fGyrFilterCurrent[i] = 0;
   \   0000000A   0x....             LDR.N    R1,??DataTable2
   \   0000000C   0x2200             MOVS     R2,#+0
   \   0000000E   0xF841 0x2020      STR      R2,[R1, R0, LSL #+2]
     22              }
   \   00000012   0x1C40             ADDS     R0,R0,#+1
   \   00000014   0xE7F7             B.N      ??InitGyrFilter_0
     23          }
   \                     ??InitGyrFilter_1:
   \   00000016   0x4770             BX       LR               ;; return
     24          

   \                                 In section .text, align 2, keep-with-next
     25          void GyrFilterInput(float gyr[3])
     26          {
   \                     GyrFilterInput:
   \   00000000   0xB510             PUSH     {R4,LR}
   \   00000002   0x0002             MOVS     R2,R0
     27              int i = 0;
   \   00000004   0x2300             MOVS     R3,#+0
     28              float TH = 0.01;
   \   00000006   0x....             LDR.N    R4,??DataTable2_1  ;; 0x3c23d70a
     29          
     30              for(i = 0; i < 3; i ++)
   \   00000008   0x2000             MOVS     R0,#+0
   \   0000000A   0x0003             MOVS     R3,R0
   \                     ??GyrFilterInput_0:
   \   0000000C   0x2B03             CMP      R3,#+3
   \   0000000E   0xDA17             BGE.N    ??GyrFilterInput_1
     31              {
     32                  if((gyr[i] > -TH) && (gyr[i] < TH))
   \   00000010   0x0020             MOVS     R0,R4
   \   00000012   0xF090 0x4000      EORS     R0,R0,#0x80000000
   \   00000016   0xF852 0x1023      LDR      R1,[R2, R3, LSL #+2]
   \   0000001A   0x.... 0x....      BL       __aeabi_cfcmple
   \   0000001E   0xD208             BCS.N    ??GyrFilterInput_2
   \   00000020   0xF852 0x0023      LDR      R0,[R2, R3, LSL #+2]
   \   00000024   0x0021             MOVS     R1,R4
   \   00000026   0x.... 0x....      BL       __aeabi_cfcmple
   \   0000002A   0xD202             BCS.N    ??GyrFilterInput_2
     33                  {
     34                      gyr[i] = 0;
   \   0000002C   0x2000             MOVS     R0,#+0
   \   0000002E   0xF842 0x0023      STR      R0,[R2, R3, LSL #+2]
     35                  }
     36                  s_fGyrFilterCurrent[i] = gyr[i];
   \                     ??GyrFilterInput_2:
   \   00000032   0xF852 0x0023      LDR      R0,[R2, R3, LSL #+2]
   \   00000036   0x....             LDR.N    R1,??DataTable2
   \   00000038   0xF841 0x0023      STR      R0,[R1, R3, LSL #+2]
     37              }
   \   0000003C   0x1C5B             ADDS     R3,R3,#+1
   \   0000003E   0xE7E5             B.N      ??GyrFilterInput_0
     38          }
   \                     ??GyrFilterInput_1:
   \   00000040   0xBD10             POP      {R4,PC}          ;; return
     39          

   \                                 In section .text, align 2, keep-with-next
     40          float * GyrFilterGetCurrent()
     41          {
     42              return s_fGyrFilterCurrent;
   \                     GyrFilterGetCurrent:
   \   00000000   0x....             LDR.N    R0,??DataTable2
   \   00000002   0x4770             BX       LR               ;; return
     43          }

   \                                 In section .text, align 4, keep-with-next
   \                     ??DataTable2:
   \   00000000   0x........         DC32     s_fGyrFilterCurrent

   \                                 In section .text, align 4, keep-with-next
   \                     ??DataTable2_1:
   \   00000000   0x3C23D70A         DC32     0x3c23d70a

   Maximum stack usage in bytes:

   .cstack Function
   ------- --------
        0  GyrFilterGetCurrent
        8  GyrFilterInput
             8 -> __aeabi_cfcmple
        0  InitGyrFilter


   Section sizes:

   Bytes  Function/Label
   -----  --------------
       4  ??DataTable2
       4  ??DataTable2_1
       4  GyrFilterGetCurrent
      66  GyrFilterInput
      24  InitGyrFilter
      12  s_fGyrFilterCurrent

 
  12 bytes in section .bss
 102 bytes in section .text
 
 102 bytes of CODE memory
  12 bytes of DATA memory

Errors: none
Warnings: none
