###############################################################################
#                                                                             #
# IAR ANSI C/C++ Compiler V6.40.1.53790/W32 for ARM     07/Aug/2014  15:34:29 #
# Copyright 1999-2012 IAR Systems AB.                                         #
#                                                                             #
#    Cpu mode     =  thumb                                                    #
#    Endian       =  little                                                   #
#    Source file  =  E:\ShawnDocuments\IAR_WorkSpace\LPLD_Quad_V3\source\lib\ #
#                    LPLD\HW\HW_DAC.c                                         #
#    Command line =  E:\ShawnDocuments\IAR_WorkSpace\LPLD_Quad_V3\source\lib\ #
#                    LPLD\HW\HW_DAC.c -D LPLD_K60 -lCN                        #
#                    E:\ShawnDocuments\IAR_WorkSpace\LPLD_Quad_V3\iar\FLASH_M #
#                    INE\List\ -lB E:\ShawnDocuments\IAR_WorkSpace\LPLD_Quad_ #
#                    V3\iar\FLASH_MINE\List\ -o E:\ShawnDocuments\IAR_WorkSpa #
#                    ce\LPLD_Quad_V3\iar\FLASH_MINE\Obj\ --no_cse             #
#                    --no_unroll --no_inline --no_code_motion --no_tbaa       #
#                    --no_clustering --no_scheduling --debug --endian=little  #
#                    --cpu=Cortex-M4 -e --fpu=None --dlib_config "D:\Program  #
#                    Files\IAR Systems\Embedded Workbench                     #
#                    6.4\arm\INC\c\DLib_Config_Normal.h" -I                   #
#                    E:\ShawnDocuments\IAR_WorkSpace\LPLD_Quad_V3\iar\..\sour #
#                    ce\app\ -I E:\ShawnDocuments\IAR_WorkSpace\LPLD_Quad_V3\ #
#                    iar\..\source\app\Control\ -I                            #
#                    E:\ShawnDocuments\IAR_WorkSpace\LPLD_Quad_V3\iar\..\sour #
#                    ce\app\Others\ -I E:\ShawnDocuments\IAR_WorkSpace\LPLD_Q #
#                    uad_V3\iar\..\source\app\Communicate\ -I                 #
#                    E:\ShawnDocuments\IAR_WorkSpace\LPLD_Quad_V3\iar\..\sour #
#                    ce\app\Algorithm\ -I E:\ShawnDocuments\IAR_WorkSpace\LPL #
#                    D_Quad_V3\iar\..\source\app\SignalProcess\ -I            #
#                    E:\ShawnDocuments\IAR_WorkSpace\LPLD_Quad_V3\iar\..\sour #
#                    ce\module\ -I E:\ShawnDocuments\IAR_WorkSpace\LPLD_Quad_ #
#                    V3\iar\..\source\module\anbt_dmp\ -I                     #
#                    E:\ShawnDocuments\IAR_WorkSpace\LPLD_Quad_V3\iar\..\sour #
#                    ce\module\eMPL\ -I E:\ShawnDocuments\IAR_WorkSpace\LPLD_ #
#                    Quad_V3\iar\..\source\lib\CPU\ -I                        #
#                    E:\ShawnDocuments\IAR_WorkSpace\LPLD_Quad_V3\iar\..\sour #
#                    ce\lib\common\ -I E:\ShawnDocuments\IAR_WorkSpace\LPLD_Q #
#                    uad_V3\iar\..\source\lib\LPLD\ -I                        #
#                    E:\ShawnDocuments\IAR_WorkSpace\LPLD_Quad_V3\iar\..\sour #
#                    ce\lib\LPLD\HW\ -I E:\ShawnDocuments\IAR_WorkSpace\LPLD_ #
#                    Quad_V3\iar\..\source\lib\LPLD\DEV\ -I                   #
#                    E:\ShawnDocuments\IAR_WorkSpace\LPLD_Quad_V3\iar\..\sour #
#                    ce\lib\uCOS-II\Ports\ -I E:\ShawnDocuments\IAR_WorkSpace #
#                    \LPLD_Quad_V3\iar\..\source\lib\uCOS-II\Source\ -I       #
#                    E:\ShawnDocuments\IAR_WorkSpace\LPLD_Quad_V3\iar\..\sour #
#                    ce\lib\FatFs\ -I E:\ShawnDocuments\IAR_WorkSpace\LPLD_Qu #
#                    ad_V3\iar\..\source\lib\FatFs\option\ -I                 #
#                    E:\ShawnDocuments\IAR_WorkSpace\LPLD_Quad_V3\iar\..\sour #
#                    ce\lib\USB\common\ -I E:\ShawnDocuments\IAR_WorkSpace\LP #
#                    LD_Quad_V3\iar\..\source\lib\USB\driver\ -I              #
#                    E:\ShawnDocuments\IAR_WorkSpace\LPLD_Quad_V3\iar\..\sour #
#                    ce\lib\USB\descriptor\ -I E:\ShawnDocuments\IAR_WorkSpac #
#                    e\LPLD_Quad_V3\iar\..\source\lib\USB\class\ -I           #
#                    E:\ShawnDocuments\IAR_WorkSpace\LPLD_Quad_V3\iar\..\sour #
#                    ce\lib\MyLib\ -On -I "D:\Program Files\IAR               #
#                    Systems\Embedded Workbench 6.4\arm\CMSIS\Include\" -D    #
#                    ARM_MATH_CM4                                             #
#    List file    =  E:\ShawnDocuments\IAR_WorkSpace\LPLD_Quad_V3\iar\FLASH_M #
#                    INE\List\HW_DAC.lst                                      #
#    Object file  =  E:\ShawnDocuments\IAR_WorkSpace\LPLD_Quad_V3\iar\FLASH_M #
#                    INE\Obj\HW_DAC.o                                         #
#                                                                             #
#                                                                             #
###############################################################################

E:\ShawnDocuments\IAR_WorkSpace\LPLD_Quad_V3\source\lib\LPLD\HW\HW_DAC.c
      1          /**
      2           * @file HW_DAC.c
      3           * @version 3.0[By LPLD]
      4           * @date 2013-06-18
      5           * @brief DAC底层模块相关函数
      6           *
      7           * 更改建议:不建议修改
      8           *
      9           * 版权所有:北京拉普兰德电子技术有限公司
     10           * http://www.lpld.cn
     11           * mail:support@lpld.cn
     12           *
     13           * @par
     14           * 本代码由拉普兰德[LPLD]开发并维护，并向所有使用者开放源代码。
     15           * 开发者可以随意修使用或改源代码。但本段及以上注释应予以保留。
     16           * 不得更改或删除原版权所有者姓名，二次开发者可以加注二次版权所有者。
     17           * 但应在遵守此协议的基础上，开放源代码、不得出售代码本身。
     18           * 拉普兰德不负责由于使用本代码所带来的任何事故、法律责任或相关不良影响。
     19           * 拉普兰德无义务解释、说明本代码的具体原理、功能、实现方法。
     20           * 除非拉普兰德[LPLD]授权，开发者不得将本代码用于商业产品。
     21           */
     22          #include "common.h"

   \                                 In section .text, align 2, keep-with-next
   \   static __interwork __softfp void NVIC_EnableIRQ(IRQn_Type)
   \                     NVIC_EnableIRQ:
   \   00000000   0xB410             PUSH     {R4}
   \   00000002   0xB240             SXTB     R0,R0            ;; SignExt  R0,R0,#+24,#+24
   \   00000004   0x0941             LSRS     R1,R0,#+5
   \   00000006   0x.... 0x....      LDR.W    R2,??DataTable7  ;; 0xe000e100
   \   0000000A   0x2301             MOVS     R3,#+1
   \   0000000C   0xF010 0x041F      ANDS     R4,R0,#0x1F
   \   00000010   0x40A3             LSLS     R3,R3,R4
   \   00000012   0xF842 0x3021      STR      R3,[R2, R1, LSL #+2]
   \   00000016   0xBC10             POP      {R4}
   \   00000018   0x4770             BX       LR               ;; return

   \                                 In section .text, align 2, keep-with-next
   \   static __interwork __softfp void NVIC_DisableIRQ(IRQn_Type)
   \                     NVIC_DisableIRQ:
   \   00000000   0xB410             PUSH     {R4}
   \   00000002   0xB240             SXTB     R0,R0            ;; SignExt  R0,R0,#+24,#+24
   \   00000004   0x0941             LSRS     R1,R0,#+5
   \   00000006   0x.... 0x....      LDR.W    R2,??DataTable7_1  ;; 0xe000e180
   \   0000000A   0x2301             MOVS     R3,#+1
   \   0000000C   0xF010 0x041F      ANDS     R4,R0,#0x1F
   \   00000010   0x40A3             LSLS     R3,R3,R4
   \   00000012   0xF842 0x3021      STR      R3,[R2, R1, LSL #+2]
   \   00000016   0xBC10             POP      {R4}
   \   00000018   0x4770             BX       LR               ;; return
     23          #include "HW_DAC.h"
     24          
     25          //用户自定义中断服务函数数组

   \                                 In section .bss, align 4
     26          DAC_ISR_CALLBACK DAC_RDPTBOT_ISR[2];
   \                     DAC_RDPTBOT_ISR:
   \   00000000                      DS8 8

   \                                 In section .bss, align 4
     27          DAC_ISR_CALLBACK DAC_RDPTTOP_ISR[2];
   \                     DAC_RDPTTOP_ISR:
   \   00000000                      DS8 8

   \                                 In section .bss, align 4
     28          DAC_ISR_CALLBACK DAC_WATERMK_ISR[2];
   \                     DAC_WATERMK_ISR:
   \   00000000                      DS8 8
     29          
     30          
     31          /*
     32           * LPLD_DAC_Init
     33           * DAC初始化函数，使能DAC各项功能
     34           * 
     35           * 参数:
     36           *    dac_init_struct--DAC初始化结构体，
     37           *                        具体定义见DAC_InitTypeDef
     38           *
     39           * 输出:
     40           *    0--配置错误
     41           *    1--配置成功
     42           */

   \                                 In section .text, align 2, keep-with-next
     43          uint8 LPLD_DAC_Init(DAC_InitTypeDef dac_init_struct)
     44          {
   \                     LPLD_DAC_Init:
   \   00000000   0xB40F             PUSH     {R0-R3}
   \   00000002   0xB5F0             PUSH     {R4-R7,LR}
     45            uint8 x;
     46            DAC_Type *dacx = dac_init_struct.DAC_Dacx;
   \   00000004   0x9A05             LDR      R2,[SP, #+20]
     47            uint8 work_mode = dac_init_struct.DAC_BufferWorkMode;
   \   00000006   0xF89D 0x3019      LDRB     R3,[SP, #+25]
     48            uint8 watermark = dac_init_struct.DAC_BufferWatermarkSel;
   \   0000000A   0xF89D 0x401A      LDRB     R4,[SP, #+26]
     49            uint8 upper = dac_init_struct.DAC_BufferUpperLimit;
   \   0000000E   0xF89D 0xC01C      LDRB     R12,[SP, #+28]
     50            DAC_ISR_CALLBACK rdptbot_isr = dac_init_struct.DAC_ReadPointerBottomIsr;
   \   00000012   0x9D09             LDR      R5,[SP, #+36]
     51            DAC_ISR_CALLBACK rdpttop_isr = dac_init_struct.DAC_ReadPointerTopIsr;
   \   00000014   0x9E0A             LDR      R6,[SP, #+40]
     52            DAC_ISR_CALLBACK watermk_isr = dac_init_struct.DAC_BufferWatermarkIsr;
   \   00000016   0x9F0B             LDR      R7,[SP, #+44]
     53            
     54            upper = (upper==NULL?1:upper);
   \   00000018   0xFA5F 0xFC8C      UXTB     R12,R12          ;; ZeroExt  R12,R12,#+24,#+24
   \   0000001C   0xF1BC 0x0F00      CMP      R12,#+0
   \   00000020   0xD102             BNE.N    ??LPLD_DAC_Init_0
   \   00000022   0xF05F 0x0C01      MOVS     R12,#+1
   \   00000026   0xE7FF             B.N      ??LPLD_DAC_Init_1
     55              
     56            //参数检查
     57            ASSERT( work_mode <= BUFFER_MODE_ONETIMESCAN );  //判断模式选择
     58            ASSERT( watermark <= WATERMARK_4WORDS );      //判断缓冲区水印选择
     59            ASSERT( upper <= 16);         //判断缓冲区上限数值
     60              
     61            //配置DAC时钟
     62            if(dacx == DAC0)
   \                     ??LPLD_DAC_Init_0:
   \                     ??LPLD_DAC_Init_1:
   \   00000028   0x.... 0x....      LDR.W    R0,??DataTable7_2  ;; 0x400cc000
   \   0000002C   0x4282             CMP      R2,R0
   \   0000002E   0xD10B             BNE.N    ??LPLD_DAC_Init_2
     63            {
     64              x = 0;
   \   00000030   0x2000             MOVS     R0,#+0
   \   00000032   0x0001             MOVS     R1,R0
     65              SIM->SCGC2 |= SIM_SCGC2_DAC0_MASK;   //开启DAC0时钟
   \   00000034   0x.... 0x....      LDR.W    R0,??DataTable7_3  ;; 0x4004802c
   \   00000038   0x6800             LDR      R0,[R0, #+0]
   \   0000003A   0xF450 0x5080      ORRS     R0,R0,#0x1000
   \   0000003E   0x.... 0x....      LDR.W    LR,??DataTable7_3  ;; 0x4004802c
   \   00000042   0xF8CE 0x0000      STR      R0,[LR, #+0]
   \   00000046   0xE00F             B.N      ??LPLD_DAC_Init_3
     66            }
     67            else if(dacx == DAC1)
   \                     ??LPLD_DAC_Init_2:
   \   00000048   0x....             LDR.N    R0,??DataTable7_4  ;; 0x400cd000
   \   0000004A   0x4282             CMP      R2,R0
   \   0000004C   0xD10A             BNE.N    ??LPLD_DAC_Init_4
     68            {
     69              x = 1;
   \   0000004E   0x2001             MOVS     R0,#+1
   \   00000050   0x0001             MOVS     R1,R0
     70              SIM->SCGC2 |= SIM_SCGC2_DAC1_MASK;   //开启DAC1时钟
   \   00000052   0x....             LDR.N    R0,??DataTable7_3  ;; 0x4004802c
   \   00000054   0x6800             LDR      R0,[R0, #+0]
   \   00000056   0xF450 0x5000      ORRS     R0,R0,#0x2000
   \   0000005A   0x.... 0x....      LDR.W    LR,??DataTable7_3  ;; 0x4004802c
   \   0000005E   0xF8CE 0x0000      STR      R0,[LR, #+0]
   \   00000062   0xE001             B.N      ??LPLD_DAC_Init_3
     71            }
     72            else 
     73            {
     74              return 0;
   \                     ??LPLD_DAC_Init_4:
   \   00000064   0x2000             MOVS     R0,#+0
   \   00000066   0xE07D             B.N      ??LPLD_DAC_Init_5
     75            }
     76            
     77            //配置C2寄存器
     78            dacx->C2 = DAC_C2_DACBFUP(upper - 1);     //配置缓冲区上限数值
   \                     ??LPLD_DAC_Init_3:
   \   00000068   0xF1BC 0x0001      SUBS     R0,R12,#+1
   \   0000006C   0xF010 0x000F      ANDS     R0,R0,#0xF
   \   00000070   0xF882 0x0023      STRB     R0,[R2, #+35]
     79            
     80            //配置C1寄存器
     81            dacx->C1 = 0;
   \   00000074   0x2000             MOVS     R0,#+0
   \   00000076   0xF882 0x0022      STRB     R0,[R2, #+34]
     82            if(dac_init_struct.DAC_BufferEnable == TRUE)
   \   0000007A   0xF89D 0x0018      LDRB     R0,[SP, #+24]
   \   0000007E   0x2801             CMP      R0,#+1
   \   00000080   0xD105             BNE.N    ??LPLD_DAC_Init_6
     83            {
     84              dacx->C1 |= DAC_C1_DACBFEN_MASK;    //使能缓冲区 
   \   00000082   0xF892 0x0022      LDRB     R0,[R2, #+34]
   \   00000086   0xF050 0x0001      ORRS     R0,R0,#0x1
   \   0000008A   0xF882 0x0022      STRB     R0,[R2, #+34]
     85            }
     86            dacx->C1 |= DAC_C1_DACBFMD(work_mode);        //缓冲区工作模式配置
   \                     ??LPLD_DAC_Init_6:
   \   0000008E   0xF892 0x0022      LDRB     R0,[R2, #+34]
   \   00000092   0xEA5F 0x0E43      LSLS     LR,R3,#+1
   \   00000096   0xF01E 0x0E06      ANDS     LR,LR,#0x6
   \   0000009A   0xEA5E 0x0000      ORRS     R0,LR,R0
   \   0000009E   0xF882 0x0022      STRB     R0,[R2, #+34]
     87            dacx->C1 |= DAC_C1_DACBFWM(watermark);        //缓冲区水印选择配置
   \   000000A2   0xF892 0x0022      LDRB     R0,[R2, #+34]
   \   000000A6   0xEA5F 0x0EC4      LSLS     LR,R4,#+3
   \   000000AA   0xF01E 0x0E18      ANDS     LR,LR,#0x18
   \   000000AE   0xEA5E 0x0000      ORRS     R0,LR,R0
   \   000000B2   0xF882 0x0022      STRB     R0,[R2, #+34]
     88            if(dac_init_struct.DAC_DmaEnable == TRUE)
   \   000000B6   0xF89D 0x001B      LDRB     R0,[SP, #+27]
   \   000000BA   0x2801             CMP      R0,#+1
   \   000000BC   0xD105             BNE.N    ??LPLD_DAC_Init_7
     89            {
     90              dacx->C1 |= DAC_C1_DMAEN_MASK;      //使能DMA
   \   000000BE   0xF892 0x0022      LDRB     R0,[R2, #+34]
   \   000000C2   0xF050 0x0080      ORRS     R0,R0,#0x80
   \   000000C6   0xF882 0x0022      STRB     R0,[R2, #+34]
     91            }
     92            
     93            //配置C0寄存器
     94            dacx->C0 = 0;
   \                     ??LPLD_DAC_Init_7:
   \   000000CA   0x2000             MOVS     R0,#+0
   \   000000CC   0xF882 0x0021      STRB     R0,[R2, #+33]
     95            if(dac_init_struct.DAC_ReadPointerBottomIntEnable == TRUE && rdptbot_isr != NULL)
   \   000000D0   0xF89D 0x001E      LDRB     R0,[SP, #+30]
   \   000000D4   0x2801             CMP      R0,#+1
   \   000000D6   0xD10C             BNE.N    ??LPLD_DAC_Init_8
   \   000000D8   0x0028             MOVS     R0,R5
   \   000000DA   0x2800             CMP      R0,#+0
   \   000000DC   0xD009             BEQ.N    ??LPLD_DAC_Init_8
     96            {
     97              dacx->C0 |= DAC_C0_DACBBIEN_MASK;   //使能缓冲区底部中断
   \   000000DE   0xF892 0x0021      LDRB     R0,[R2, #+33]
   \   000000E2   0xF050 0x0001      ORRS     R0,R0,#0x1
   \   000000E6   0xF882 0x0021      STRB     R0,[R2, #+33]
     98              DAC_RDPTBOT_ISR[x] = rdptbot_isr;
   \   000000EA   0xB2C9             UXTB     R1,R1            ;; ZeroExt  R1,R1,#+24,#+24
   \   000000EC   0x....             LDR.N    R0,??DataTable7_5
   \   000000EE   0xF840 0x5021      STR      R5,[R0, R1, LSL #+2]
     99            }
    100            if(dac_init_struct.DAC_ReadPointerTopIntEnable == TRUE && rdpttop_isr != NULL)
   \                     ??LPLD_DAC_Init_8:
   \   000000F2   0xF89D 0x001F      LDRB     R0,[SP, #+31]
   \   000000F6   0x2801             CMP      R0,#+1
   \   000000F8   0xD10C             BNE.N    ??LPLD_DAC_Init_9
   \   000000FA   0x0030             MOVS     R0,R6
   \   000000FC   0x2800             CMP      R0,#+0
   \   000000FE   0xD009             BEQ.N    ??LPLD_DAC_Init_9
    101            {
    102              dacx->C0 |= DAC_C0_DACBTIEN_MASK;   //使能缓冲区顶部中断
   \   00000100   0xF892 0x0021      LDRB     R0,[R2, #+33]
   \   00000104   0xF050 0x0002      ORRS     R0,R0,#0x2
   \   00000108   0xF882 0x0021      STRB     R0,[R2, #+33]
    103              DAC_RDPTTOP_ISR[x] = rdpttop_isr;
   \   0000010C   0xB2C9             UXTB     R1,R1            ;; ZeroExt  R1,R1,#+24,#+24
   \   0000010E   0x....             LDR.N    R0,??DataTable7_6
   \   00000110   0xF840 0x6021      STR      R6,[R0, R1, LSL #+2]
    104            }
    105            if(dac_init_struct.DAC_BufferWatermarkIntEnable == TRUE && watermk_isr != NULL)
   \                     ??LPLD_DAC_Init_9:
   \   00000114   0xF89D 0x0020      LDRB     R0,[SP, #+32]
   \   00000118   0x2801             CMP      R0,#+1
   \   0000011A   0xD10C             BNE.N    ??LPLD_DAC_Init_10
   \   0000011C   0x0038             MOVS     R0,R7
   \   0000011E   0x2800             CMP      R0,#+0
   \   00000120   0xD009             BEQ.N    ??LPLD_DAC_Init_10
    106            {
    107              dacx->C0 |= DAC_C0_DACBWIEN_MASK;   //使能缓冲区水印中断
   \   00000122   0xF892 0x0021      LDRB     R0,[R2, #+33]
   \   00000126   0xF050 0x0004      ORRS     R0,R0,#0x4
   \   0000012A   0xF882 0x0021      STRB     R0,[R2, #+33]
    108              DAC_WATERMK_ISR[x] = watermk_isr;
   \   0000012E   0xB2C9             UXTB     R1,R1            ;; ZeroExt  R1,R1,#+24,#+24
   \   00000130   0x....             LDR.N    R0,??DataTable7_7
   \   00000132   0xF840 0x7021      STR      R7,[R0, R1, LSL #+2]
    109            }
    110            if(dac_init_struct.DAC_SoftTrgEnable == TRUE)
   \                     ??LPLD_DAC_Init_10:
   \   00000136   0xF89D 0x001D      LDRB     R0,[SP, #+29]
   \   0000013A   0x2801             CMP      R0,#+1
   \   0000013C   0xD105             BNE.N    ??LPLD_DAC_Init_11
    111            {
    112              dacx->C0 |= DAC_C0_DACTRGSEL_MASK;  //使能软件触发缓冲区
   \   0000013E   0xF892 0x0021      LDRB     R0,[R2, #+33]
   \   00000142   0xF050 0x0020      ORRS     R0,R0,#0x20
   \   00000146   0xF882 0x0021      STRB     R0,[R2, #+33]
    113            }
    114            dacx->C0 |= DAC_C0_DACRFS_MASK;       //使能DACREF_2(VDDA)为参考电压
   \                     ??LPLD_DAC_Init_11:
   \   0000014A   0xF892 0x0021      LDRB     R0,[R2, #+33]
   \   0000014E   0xF050 0x0040      ORRS     R0,R0,#0x40
   \   00000152   0xF882 0x0021      STRB     R0,[R2, #+33]
    115            
    116            //使能DAC模块，可编程参考发生器开始工作
    117            dacx->C0 |= DAC_C0_DACEN_MASK;
   \   00000156   0xF892 0x0021      LDRB     R0,[R2, #+33]
   \   0000015A   0xF050 0x0080      ORRS     R0,R0,#0x80
   \   0000015E   0xF882 0x0021      STRB     R0,[R2, #+33]
    118            
    119            return 1;
   \   00000162   0x2001             MOVS     R0,#+1
   \                     ??LPLD_DAC_Init_5:
   \   00000164   0xBCF0             POP      {R4-R7}
   \   00000166   0xF85D 0xFB14      LDR      PC,[SP], #+20    ;; return
    120          }
    121          
    122          /*
    123           * LPLD_DAC_Deinit
    124           * DAC反初始化函数，禁用DAC模块
    125           * 
    126           * 参数:
    127           *    dac_init_struct--DAC初始化结构体，
    128           *                        具体定义见DAC_InitTypeDef
    129           *
    130           * 输出:
    131           *    0--配置错误
    132           *    1--配置成功
    133           */

   \                                 In section .text, align 2, keep-with-next
    134          uint8 LPLD_DAC_Deinit(DAC_InitTypeDef dac_init_struct)
    135          {
   \                     LPLD_DAC_Deinit:
   \   00000000   0xB40F             PUSH     {R0-R3}
   \   00000002   0xB538             PUSH     {R3-R5,LR}
    136            uint8 x;
    137            DAC_Type *dacx = dac_init_struct.DAC_Dacx;
   \   00000004   0x9D04             LDR      R5,[SP, #+16]
    138          
    139            //关闭DAC模块
    140            dacx->C0 &= ~(DAC_C0_DACEN_MASK);
   \   00000006   0xF895 0x0021      LDRB     R0,[R5, #+33]
   \   0000000A   0xF010 0x007F      ANDS     R0,R0,#0x7F
   \   0000000E   0xF885 0x0021      STRB     R0,[R5, #+33]
    141            
    142            //关闭DAC时钟
    143            if(dacx == DAC0)
   \   00000012   0x....             LDR.N    R0,??DataTable7_2  ;; 0x400cc000
   \   00000014   0x4285             CMP      R5,R0
   \   00000016   0xD108             BNE.N    ??LPLD_DAC_Deinit_0
    144            {
    145              x = 0;
   \   00000018   0x2000             MOVS     R0,#+0
   \   0000001A   0x0004             MOVS     R4,R0
    146              SIM->SCGC2 &= ~(SIM_SCGC2_DAC0_MASK);   
   \   0000001C   0x....             LDR.N    R0,??DataTable7_3  ;; 0x4004802c
   \   0000001E   0x6800             LDR      R0,[R0, #+0]
   \   00000020   0xF430 0x5080      BICS     R0,R0,#0x1000
   \   00000024   0x....             LDR.N    R1,??DataTable7_3  ;; 0x4004802c
   \   00000026   0x6008             STR      R0,[R1, #+0]
   \   00000028   0xE00D             B.N      ??LPLD_DAC_Deinit_1
    147            }
    148            else if(dacx == DAC1)
   \                     ??LPLD_DAC_Deinit_0:
   \   0000002A   0x....             LDR.N    R0,??DataTable7_4  ;; 0x400cd000
   \   0000002C   0x4285             CMP      R5,R0
   \   0000002E   0xD108             BNE.N    ??LPLD_DAC_Deinit_2
    149            {
    150              x = 1;
   \   00000030   0x2001             MOVS     R0,#+1
   \   00000032   0x0004             MOVS     R4,R0
    151              SIM->SCGC2 &= ~(SIM_SCGC2_DAC1_MASK);   
   \   00000034   0x....             LDR.N    R0,??DataTable7_3  ;; 0x4004802c
   \   00000036   0x6800             LDR      R0,[R0, #+0]
   \   00000038   0xF430 0x5000      BICS     R0,R0,#0x2000
   \   0000003C   0x....             LDR.N    R1,??DataTable7_3  ;; 0x4004802c
   \   0000003E   0x6008             STR      R0,[R1, #+0]
   \   00000040   0xE001             B.N      ??LPLD_DAC_Deinit_1
    152            }
    153            else 
    154            {
    155              return 0;
   \                     ??LPLD_DAC_Deinit_2:
   \   00000042   0x2000             MOVS     R0,#+0
   \   00000044   0xE005             B.N      ??LPLD_DAC_Deinit_3
    156            }
    157          
    158            disable_irq((IRQn_Type)(DAC0_IRQn + x));
   \                     ??LPLD_DAC_Deinit_1:
   \   00000046   0xF114 0x0051      ADDS     R0,R4,#+81
   \   0000004A   0xB240             SXTB     R0,R0            ;; SignExt  R0,R0,#+24,#+24
   \   0000004C   0x.... 0x....      BL       NVIC_DisableIRQ
    159            
    160            return 1;
   \   00000050   0x2001             MOVS     R0,#+1
   \                     ??LPLD_DAC_Deinit_3:
   \   00000052   0xBC32             POP      {R1,R4,R5}
   \   00000054   0xF85D 0xFB14      LDR      PC,[SP], #+20    ;; return
    161          }
    162          
    163          /*
    164           * LPLD_DAC_EnableIrq
    165           * 使能DACx中断
    166           * 
    167           * 参数:
    168           *    dac_init_struct--DAC初始化结构体，
    169           *                        具体定义见DAC_InitTypeDef
    170           *
    171           * 输出:
    172           *    0--配置错误
    173           *    1--配置成功
    174           */

   \                                 In section .text, align 2, keep-with-next
    175          uint8 LPLD_DAC_EnableIrq(DAC_InitTypeDef dac_init_struct)
    176          {
   \                     LPLD_DAC_EnableIrq:
   \   00000000   0xB40F             PUSH     {R0-R3}
   \   00000002   0xB538             PUSH     {R3-R5,LR}
    177            uint8 x;
    178            DAC_Type *dacx = dac_init_struct.DAC_Dacx;
   \   00000004   0x9D04             LDR      R5,[SP, #+16]
    179            
    180            if(dacx == DAC0)
   \   00000006   0x....             LDR.N    R0,??DataTable7_2  ;; 0x400cc000
   \   00000008   0x4285             CMP      R5,R0
   \   0000000A   0xD102             BNE.N    ??LPLD_DAC_EnableIrq_0
    181              x = 0;
   \   0000000C   0x2000             MOVS     R0,#+0
   \   0000000E   0x0004             MOVS     R4,R0
   \   00000010   0xE007             B.N      ??LPLD_DAC_EnableIrq_1
    182            else if(dacx == DAC1)
   \                     ??LPLD_DAC_EnableIrq_0:
   \   00000012   0x....             LDR.N    R0,??DataTable7_4  ;; 0x400cd000
   \   00000014   0x4285             CMP      R5,R0
   \   00000016   0xD102             BNE.N    ??LPLD_DAC_EnableIrq_2
    183              x = 1;
   \   00000018   0x2001             MOVS     R0,#+1
   \   0000001A   0x0004             MOVS     R4,R0
   \   0000001C   0xE001             B.N      ??LPLD_DAC_EnableIrq_1
    184            else
    185              return 0;
   \                     ??LPLD_DAC_EnableIrq_2:
   \   0000001E   0x2000             MOVS     R0,#+0
   \   00000020   0xE005             B.N      ??LPLD_DAC_EnableIrq_3
    186          
    187            enable_irq((IRQn_Type)(DAC0_IRQn + x));
   \                     ??LPLD_DAC_EnableIrq_1:
   \   00000022   0xF114 0x0051      ADDS     R0,R4,#+81
   \   00000026   0xB240             SXTB     R0,R0            ;; SignExt  R0,R0,#+24,#+24
   \   00000028   0x.... 0x....      BL       NVIC_EnableIRQ
    188            
    189            return 1;
   \   0000002C   0x2001             MOVS     R0,#+1
   \                     ??LPLD_DAC_EnableIrq_3:
   \   0000002E   0xBC32             POP      {R1,R4,R5}
   \   00000030   0xF85D 0xFB14      LDR      PC,[SP], #+20    ;; return
    190          }
    191          
    192          /*
    193           * LPLD_DAC_DisableIrq
    194           * 禁用DACx中断
    195           * 
    196           * 参数:
    197           *    dac_init_struct--DAC初始化结构体，
    198           *                        具体定义见DAC_InitTypeDef
    199           *
    200           * 输出:
    201           *    0--配置错误
    202           *    1--配置成功
    203           */

   \                                 In section .text, align 2, keep-with-next
    204          uint8 LPLD_DAC_DisableIrq(DAC_InitTypeDef dac_init_struct)
    205          {
   \                     LPLD_DAC_DisableIrq:
   \   00000000   0xB40F             PUSH     {R0-R3}
   \   00000002   0xB538             PUSH     {R3-R5,LR}
    206            uint8 x;
    207            DAC_Type *dacx = dac_init_struct.DAC_Dacx;
   \   00000004   0x9D04             LDR      R5,[SP, #+16]
    208            
    209            if(dacx == DAC0)
   \   00000006   0x....             LDR.N    R0,??DataTable7_2  ;; 0x400cc000
   \   00000008   0x4285             CMP      R5,R0
   \   0000000A   0xD102             BNE.N    ??LPLD_DAC_DisableIrq_0
    210              x = 0;
   \   0000000C   0x2000             MOVS     R0,#+0
   \   0000000E   0x0004             MOVS     R4,R0
   \   00000010   0xE007             B.N      ??LPLD_DAC_DisableIrq_1
    211            else if(dacx == DAC1)
   \                     ??LPLD_DAC_DisableIrq_0:
   \   00000012   0x....             LDR.N    R0,??DataTable7_4  ;; 0x400cd000
   \   00000014   0x4285             CMP      R5,R0
   \   00000016   0xD102             BNE.N    ??LPLD_DAC_DisableIrq_2
    212              x = 1;
   \   00000018   0x2001             MOVS     R0,#+1
   \   0000001A   0x0004             MOVS     R4,R0
   \   0000001C   0xE001             B.N      ??LPLD_DAC_DisableIrq_1
    213            else
    214              return 0;
   \                     ??LPLD_DAC_DisableIrq_2:
   \   0000001E   0x2000             MOVS     R0,#+0
   \   00000020   0xE005             B.N      ??LPLD_DAC_DisableIrq_3
    215          
    216            disable_irq((IRQn_Type)(DAC0_IRQn + x));
   \                     ??LPLD_DAC_DisableIrq_1:
   \   00000022   0xF114 0x0051      ADDS     R0,R4,#+81
   \   00000026   0xB240             SXTB     R0,R0            ;; SignExt  R0,R0,#+24,#+24
   \   00000028   0x.... 0x....      BL       NVIC_DisableIRQ
    217            
    218            return 1;
   \   0000002C   0x2001             MOVS     R0,#+1
   \                     ??LPLD_DAC_DisableIrq_3:
   \   0000002E   0xBC32             POP      {R1,R4,R5}
   \   00000030   0xF85D 0xFB14      LDR      PC,[SP], #+20    ;; return
    219          }
    220          
    221          /*
    222           * LPLD_DAC_SetBufferDataN
    223           * 设置DAC缓存区单个数据n
    224           * 
    225           * 参数:
    226           *    dacx--DACx模块号
    227           *      |__DAC0          --DAC0
    228           *      |__DAC1          --DAC1
    229           *    data--缓冲区输出数据
    230           *      |__0~4095        --12位数据
    231           *    num--指定缓冲区位置
    232           *      |__1~16          --缓冲区第1至16个字
    233           *
    234           * 输出:
    235           *    无
    236           */

   \                                 In section .text, align 2, keep-with-next
    237          void LPLD_DAC_SetBufferDataN(DAC_Type *dacx, uint16 data, uint8 num)
    238          {
   \                     LPLD_DAC_SetBufferDataN:
   \   00000000   0xB410             PUSH     {R4}
    239            //参数检查
    240            ASSERT( (num <= 16)&&(num > 0) );  //判断数据序号
    241          
    242            dacx->DAT[num-1].DATL = data & 0x0FF;
   \   00000002   0xB2D2             UXTB     R2,R2            ;; ZeroExt  R2,R2,#+24,#+24
   \   00000004   0xEB10 0x0342      ADDS     R3,R0,R2, LSL #+1
   \   00000008   0xF803 0x1C02      STRB     R1,[R3, #-2]
    243            dacx->DAT[num-1].DATH = (data & 0xF00)>>8;
   \   0000000C   0xB2D2             UXTB     R2,R2            ;; ZeroExt  R2,R2,#+24,#+24
   \   0000000E   0xEB10 0x0342      ADDS     R3,R0,R2, LSL #+1
   \   00000012   0xB289             UXTH     R1,R1            ;; ZeroExt  R1,R1,#+16,#+16
   \   00000014   0x120C             ASRS     R4,R1,#+8
   \   00000016   0xF014 0x040F      ANDS     R4,R4,#0xF
   \   0000001A   0xF803 0x4C01      STRB     R4,[R3, #-1]
    244          }
   \   0000001E   0xBC10             POP      {R4}
   \   00000020   0x4770             BX       LR               ;; return
    245          
    246          /*
    247           * LPLD_DAC_SetBufferData
    248           * 设置DAC缓存区所有数据
    249           * 
    250           * 参数:
    251           *    dacx--DACx模块号
    252           *      |__DAC0          --DAC0
    253           *      |__DAC1          --DAC1
    254           *    *data--缓冲区输出数据数组指针
    255           *      |__*0~4095       --12位数据数组
    256           *    len--数据数组长度
    257           *      |__1~16          --长度为1~16
    258           *
    259           * 输出:
    260           *    无
    261           */

   \                                 In section .text, align 2, keep-with-next
    262          void LPLD_DAC_SetBufferData(DAC_Type *dacx, uint16 *data, uint8 len)
    263          {
   \                     LPLD_DAC_SetBufferData:
   \   00000000   0xB430             PUSH     {R4,R5}
    264            //参数检查
    265            ASSERT( (len <= 16)&&(len > 0) );  //判断数据长度
    266            
    267            for(uint8 i=0; i < len; i++)
   \   00000002   0x2300             MOVS     R3,#+0
   \                     ??LPLD_DAC_SetBufferData_0:
   \   00000004   0xB2DB             UXTB     R3,R3            ;; ZeroExt  R3,R3,#+24,#+24
   \   00000006   0xB2D2             UXTB     R2,R2            ;; ZeroExt  R2,R2,#+24,#+24
   \   00000008   0x4293             CMP      R3,R2
   \   0000000A   0xD211             BCS.N    ??LPLD_DAC_SetBufferData_1
    268            {
    269              dacx->DAT[i].DATL = data[i] & 0x0FF;
   \   0000000C   0xB2DB             UXTB     R3,R3            ;; ZeroExt  R3,R3,#+24,#+24
   \   0000000E   0xB2DB             UXTB     R3,R3            ;; ZeroExt  R3,R3,#+24,#+24
   \   00000010   0xF831 0x4013      LDRH     R4,[R1, R3, LSL #+1]
   \   00000014   0xF800 0x4013      STRB     R4,[R0, R3, LSL #+1]
    270              dacx->DAT[i].DATH = (data[i] & 0xF00)>>8;
   \   00000018   0xB2DB             UXTB     R3,R3            ;; ZeroExt  R3,R3,#+24,#+24
   \   0000001A   0xF831 0x4013      LDRH     R4,[R1, R3, LSL #+1]
   \   0000001E   0x1224             ASRS     R4,R4,#+8
   \   00000020   0xF014 0x040F      ANDS     R4,R4,#0xF
   \   00000024   0xB2DB             UXTB     R3,R3            ;; ZeroExt  R3,R3,#+24,#+24
   \   00000026   0xEB10 0x0543      ADDS     R5,R0,R3, LSL #+1
   \   0000002A   0x706C             STRB     R4,[R5, #+1]
    271            }
   \   0000002C   0x1C5B             ADDS     R3,R3,#+1
   \   0000002E   0xE7E9             B.N      ??LPLD_DAC_SetBufferData_0
    272          }
   \                     ??LPLD_DAC_SetBufferData_1:
   \   00000030   0xBC30             POP      {R4,R5}
   \   00000032   0x4770             BX       LR               ;; return
    273          
    274          /*
    275           * LPLD_DAC_SoftwareTrigger
    276           * 软件触发DAC缓冲区工作
    277           * 
    278           * 参数:
    279           *    dacx--DACx模块号
    280           *      |__DAC0          --DAC0
    281           *      |__DAC1          --DAC1
    282           *
    283           * 输出:
    284           *    无
    285           */

   \                                 In section .text, align 2, keep-with-next
    286          void LPLD_DAC_SoftwareTrigger(DAC_Type *dacx)
    287          {
    288            dacx->C0 |= DAC_C0_DACSWTRG_MASK;
   \                     LPLD_DAC_SoftwareTrigger:
   \   00000000   0xF890 0x1021      LDRB     R1,[R0, #+33]
   \   00000004   0xF051 0x0110      ORRS     R1,R1,#0x10
   \   00000008   0xF880 0x1021      STRB     R1,[R0, #+33]
    289          }
   \   0000000C   0x4770             BX       LR               ;; return
    290          
    291          /*
    292           * DAC0--DAC1中断处理函数
    293           * 与启动文件startup_K60.s中的中断向量表关联
    294           * 用户无需修改，程序自动进入对应通道中断函数
    295           */
    296          

   \                                 In section .text, align 2, keep-with-next
    297          void DAC0_IRQHandler(void)
    298          {
   \                     DAC0_IRQHandler:
   \   00000000   0xB580             PUSH     {R7,LR}
    299          #if (UCOS_II > 0u)
    300            OS_CPU_SR  cpu_sr = 0u;
    301            OS_ENTER_CRITICAL(); //告知系统此时已经进入了中断服务子函数
    302            OSIntEnter();
    303            OS_EXIT_CRITICAL();
    304          #endif
    305            
    306            //是否为指针底部中断
    307            if((DAC0->SR & DAC_SR_DACBFRPBF_MASK) && (DAC0->C0 & DAC_C0_DACBBIEN_MASK))
   \   00000002   0x....             LDR.N    R0,??DataTable7_8  ;; 0x400cc020
   \   00000004   0x7800             LDRB     R0,[R0, #+0]
   \   00000006   0x07C0             LSLS     R0,R0,#+31
   \   00000008   0xD50C             BPL.N    ??DAC0_IRQHandler_0
   \   0000000A   0x....             LDR.N    R0,??DataTable7_9  ;; 0x400cc021
   \   0000000C   0x7800             LDRB     R0,[R0, #+0]
   \   0000000E   0x07C0             LSLS     R0,R0,#+31
   \   00000010   0xD508             BPL.N    ??DAC0_IRQHandler_0
    308            {
    309              //调用用户自定义中断服务
    310              DAC_RDPTBOT_ISR[0]();  
   \   00000012   0x....             LDR.N    R0,??DataTable7_5
   \   00000014   0x6800             LDR      R0,[R0, #+0]
   \   00000016   0x4780             BLX      R0
    311              DAC0->SR &= ~(DAC_SR_DACBFRPBF_MASK);
   \   00000018   0x....             LDR.N    R0,??DataTable7_8  ;; 0x400cc020
   \   0000001A   0x7800             LDRB     R0,[R0, #+0]
   \   0000001C   0xF010 0x00FE      ANDS     R0,R0,#0xFE
   \   00000020   0x....             LDR.N    R1,??DataTable7_8  ;; 0x400cc020
   \   00000022   0x7008             STRB     R0,[R1, #+0]
    312            }
    313            //是否为指针顶部中断
    314            if((DAC0->SR & DAC_SR_DACBFRPTF_MASK) && (DAC0->C0 & DAC_C0_DACBTIEN_MASK))
   \                     ??DAC0_IRQHandler_0:
   \   00000024   0x....             LDR.N    R0,??DataTable7_8  ;; 0x400cc020
   \   00000026   0x7800             LDRB     R0,[R0, #+0]
   \   00000028   0x0780             LSLS     R0,R0,#+30
   \   0000002A   0xD50C             BPL.N    ??DAC0_IRQHandler_1
   \   0000002C   0x....             LDR.N    R0,??DataTable7_9  ;; 0x400cc021
   \   0000002E   0x7800             LDRB     R0,[R0, #+0]
   \   00000030   0x0780             LSLS     R0,R0,#+30
   \   00000032   0xD508             BPL.N    ??DAC0_IRQHandler_1
    315            {
    316              //调用用户自定义中断服务
    317              DAC_RDPTTOP_ISR[0]();  
   \   00000034   0x....             LDR.N    R0,??DataTable7_6
   \   00000036   0x6800             LDR      R0,[R0, #+0]
   \   00000038   0x4780             BLX      R0
    318              DAC0->SR &= ~(DAC_SR_DACBFRPTF_MASK);
   \   0000003A   0x....             LDR.N    R0,??DataTable7_8  ;; 0x400cc020
   \   0000003C   0x7800             LDRB     R0,[R0, #+0]
   \   0000003E   0xF010 0x00FD      ANDS     R0,R0,#0xFD
   \   00000042   0x....             LDR.N    R1,??DataTable7_8  ;; 0x400cc020
   \   00000044   0x7008             STRB     R0,[R1, #+0]
    319            }
    320            //是否为水印中断
    321            if((DAC0->SR & DAC_SR_DACBFWMF_MASK) && (DAC0->C0 & DAC_C0_DACBWIEN_MASK))
   \                     ??DAC0_IRQHandler_1:
   \   00000046   0x....             LDR.N    R0,??DataTable7_8  ;; 0x400cc020
   \   00000048   0x7800             LDRB     R0,[R0, #+0]
   \   0000004A   0x0740             LSLS     R0,R0,#+29
   \   0000004C   0xD50C             BPL.N    ??DAC0_IRQHandler_2
   \   0000004E   0x....             LDR.N    R0,??DataTable7_9  ;; 0x400cc021
   \   00000050   0x7800             LDRB     R0,[R0, #+0]
   \   00000052   0x0740             LSLS     R0,R0,#+29
   \   00000054   0xD508             BPL.N    ??DAC0_IRQHandler_2
    322            {
    323              //调用用户自定义中断服务
    324              DAC_WATERMK_ISR[0]();  
   \   00000056   0x....             LDR.N    R0,??DataTable7_7
   \   00000058   0x6800             LDR      R0,[R0, #+0]
   \   0000005A   0x4780             BLX      R0
    325              DAC0->SR &= ~(DAC_SR_DACBFWMF_MASK);
   \   0000005C   0x....             LDR.N    R0,??DataTable7_8  ;; 0x400cc020
   \   0000005E   0x7800             LDRB     R0,[R0, #+0]
   \   00000060   0xF010 0x00FB      ANDS     R0,R0,#0xFB
   \   00000064   0x....             LDR.N    R1,??DataTable7_8  ;; 0x400cc020
   \   00000066   0x7008             STRB     R0,[R1, #+0]
    326            }
    327            
    328          #if (UCOS_II > 0u)
    329            OSIntExit();          //告知系统此时即将离开中断服务子函数
    330          #endif
    331          }
   \                     ??DAC0_IRQHandler_2:
   \   00000068   0xBD01             POP      {R0,PC}          ;; return
    332          

   \                                 In section .text, align 2, keep-with-next
    333          void DAC1_IRQHandler(void)
    334          {
   \                     DAC1_IRQHandler:
   \   00000000   0xB580             PUSH     {R7,LR}
    335          #if (UCOS_II > 0u)
    336            OS_CPU_SR  cpu_sr = 0u;
    337            OS_ENTER_CRITICAL(); //告知系统此时已经进入了中断服务子函数
    338            OSIntEnter();
    339            OS_EXIT_CRITICAL();
    340          #endif
    341            
    342            //是否为指针底部中断
    343            if((DAC1->SR & DAC_SR_DACBFRPBF_MASK) && (DAC1->C0 & DAC_C0_DACBBIEN_MASK))
   \   00000002   0x....             LDR.N    R0,??DataTable7_10  ;; 0x400cd020
   \   00000004   0x7800             LDRB     R0,[R0, #+0]
   \   00000006   0x07C0             LSLS     R0,R0,#+31
   \   00000008   0xD50C             BPL.N    ??DAC1_IRQHandler_0
   \   0000000A   0x....             LDR.N    R0,??DataTable7_11  ;; 0x400cd021
   \   0000000C   0x7800             LDRB     R0,[R0, #+0]
   \   0000000E   0x07C0             LSLS     R0,R0,#+31
   \   00000010   0xD508             BPL.N    ??DAC1_IRQHandler_0
    344            {
    345              //调用用户自定义中断服务
    346              DAC_RDPTBOT_ISR[1]();  
   \   00000012   0x....             LDR.N    R0,??DataTable7_5
   \   00000014   0x6840             LDR      R0,[R0, #+4]
   \   00000016   0x4780             BLX      R0
    347              DAC1->SR &= ~(DAC_SR_DACBFRPBF_MASK);
   \   00000018   0x....             LDR.N    R0,??DataTable7_10  ;; 0x400cd020
   \   0000001A   0x7800             LDRB     R0,[R0, #+0]
   \   0000001C   0xF010 0x00FE      ANDS     R0,R0,#0xFE
   \   00000020   0x....             LDR.N    R1,??DataTable7_10  ;; 0x400cd020
   \   00000022   0x7008             STRB     R0,[R1, #+0]
    348            }
    349            //是否为指针顶部中断
    350            if((DAC1->SR & DAC_SR_DACBFRPTF_MASK) && (DAC1->C0 & DAC_C0_DACBTIEN_MASK))
   \                     ??DAC1_IRQHandler_0:
   \   00000024   0x....             LDR.N    R0,??DataTable7_10  ;; 0x400cd020
   \   00000026   0x7800             LDRB     R0,[R0, #+0]
   \   00000028   0x0780             LSLS     R0,R0,#+30
   \   0000002A   0xD50C             BPL.N    ??DAC1_IRQHandler_1
   \   0000002C   0x....             LDR.N    R0,??DataTable7_11  ;; 0x400cd021
   \   0000002E   0x7800             LDRB     R0,[R0, #+0]
   \   00000030   0x0780             LSLS     R0,R0,#+30
   \   00000032   0xD508             BPL.N    ??DAC1_IRQHandler_1
    351            {
    352              //调用用户自定义中断服务
    353              DAC_RDPTTOP_ISR[1]();  
   \   00000034   0x....             LDR.N    R0,??DataTable7_6
   \   00000036   0x6840             LDR      R0,[R0, #+4]
   \   00000038   0x4780             BLX      R0
    354              DAC1->SR &= ~(DAC_SR_DACBFRPTF_MASK);
   \   0000003A   0x....             LDR.N    R0,??DataTable7_10  ;; 0x400cd020
   \   0000003C   0x7800             LDRB     R0,[R0, #+0]
   \   0000003E   0xF010 0x00FD      ANDS     R0,R0,#0xFD
   \   00000042   0x....             LDR.N    R1,??DataTable7_10  ;; 0x400cd020
   \   00000044   0x7008             STRB     R0,[R1, #+0]
    355            }
    356            //是否为水印中断
    357            if((DAC1->SR & DAC_SR_DACBFWMF_MASK) && (DAC1->C0 & DAC_C0_DACBWIEN_MASK))
   \                     ??DAC1_IRQHandler_1:
   \   00000046   0x....             LDR.N    R0,??DataTable7_10  ;; 0x400cd020
   \   00000048   0x7800             LDRB     R0,[R0, #+0]
   \   0000004A   0x0740             LSLS     R0,R0,#+29
   \   0000004C   0xD50C             BPL.N    ??DAC1_IRQHandler_2
   \   0000004E   0x....             LDR.N    R0,??DataTable7_11  ;; 0x400cd021
   \   00000050   0x7800             LDRB     R0,[R0, #+0]
   \   00000052   0x0740             LSLS     R0,R0,#+29
   \   00000054   0xD508             BPL.N    ??DAC1_IRQHandler_2
    358            {
    359              //调用用户自定义中断服务
    360              DAC_WATERMK_ISR[1]();  
   \   00000056   0x....             LDR.N    R0,??DataTable7_7
   \   00000058   0x6840             LDR      R0,[R0, #+4]
   \   0000005A   0x4780             BLX      R0
    361              DAC1->SR &= ~(DAC_SR_DACBFWMF_MASK);
   \   0000005C   0x....             LDR.N    R0,??DataTable7_10  ;; 0x400cd020
   \   0000005E   0x7800             LDRB     R0,[R0, #+0]
   \   00000060   0xF010 0x00FB      ANDS     R0,R0,#0xFB
   \   00000064   0x....             LDR.N    R1,??DataTable7_10  ;; 0x400cd020
   \   00000066   0x7008             STRB     R0,[R1, #+0]
    362            }
    363            
    364          #if (UCOS_II > 0u)
    365            OSIntExit();          //告知系统此时即将离开中断服务子函数
    366          #endif
    367          }
   \                     ??DAC1_IRQHandler_2:
   \   00000068   0xBD01             POP      {R0,PC}          ;; return

   \                                 In section .text, align 4, keep-with-next
   \                     ??DataTable7:
   \   00000000   0xE000E100         DC32     0xe000e100

   \                                 In section .text, align 4, keep-with-next
   \                     ??DataTable7_1:
   \   00000000   0xE000E180         DC32     0xe000e180

   \                                 In section .text, align 4, keep-with-next
   \                     ??DataTable7_2:
   \   00000000   0x400CC000         DC32     0x400cc000

   \                                 In section .text, align 4, keep-with-next
   \                     ??DataTable7_3:
   \   00000000   0x4004802C         DC32     0x4004802c

   \                                 In section .text, align 4, keep-with-next
   \                     ??DataTable7_4:
   \   00000000   0x400CD000         DC32     0x400cd000

   \                                 In section .text, align 4, keep-with-next
   \                     ??DataTable7_5:
   \   00000000   0x........         DC32     DAC_RDPTBOT_ISR

   \                                 In section .text, align 4, keep-with-next
   \                     ??DataTable7_6:
   \   00000000   0x........         DC32     DAC_RDPTTOP_ISR

   \                                 In section .text, align 4, keep-with-next
   \                     ??DataTable7_7:
   \   00000000   0x........         DC32     DAC_WATERMK_ISR

   \                                 In section .text, align 4, keep-with-next
   \                     ??DataTable7_8:
   \   00000000   0x400CC020         DC32     0x400cc020

   \                                 In section .text, align 4, keep-with-next
   \                     ??DataTable7_9:
   \   00000000   0x400CC021         DC32     0x400cc021

   \                                 In section .text, align 4, keep-with-next
   \                     ??DataTable7_10:
   \   00000000   0x400CD020         DC32     0x400cd020

   \                                 In section .text, align 4, keep-with-next
   \                     ??DataTable7_11:
   \   00000000   0x400CD021         DC32     0x400cd021

   Maximum stack usage in bytes:

   .cstack Function
   ------- --------
        8  DAC0_IRQHandler
              8 -- Indirect call
        8  DAC1_IRQHandler
              8 -- Indirect call
       32  LPLD_DAC_Deinit
             32 -> NVIC_DisableIRQ
       32  LPLD_DAC_DisableIrq
             32 -> NVIC_DisableIRQ
       32  LPLD_DAC_EnableIrq
             32 -> NVIC_EnableIRQ
       36  LPLD_DAC_Init
        8  LPLD_DAC_SetBufferData
        4  LPLD_DAC_SetBufferDataN
        0  LPLD_DAC_SoftwareTrigger
        4  NVIC_DisableIRQ
        4  NVIC_EnableIRQ


   Section sizes:

   Bytes  Function/Label
   -----  --------------
       4  ??DataTable7
       4  ??DataTable7_1
       4  ??DataTable7_10
       4  ??DataTable7_11
       4  ??DataTable7_2
       4  ??DataTable7_3
       4  ??DataTable7_4
       4  ??DataTable7_5
       4  ??DataTable7_6
       4  ??DataTable7_7
       4  ??DataTable7_8
       4  ??DataTable7_9
     106  DAC0_IRQHandler
     106  DAC1_IRQHandler
       8  DAC_RDPTBOT_ISR
       8  DAC_RDPTTOP_ISR
       8  DAC_WATERMK_ISR
      88  LPLD_DAC_Deinit
      52  LPLD_DAC_DisableIrq
      52  LPLD_DAC_EnableIrq
     362  LPLD_DAC_Init
      52  LPLD_DAC_SetBufferData
      34  LPLD_DAC_SetBufferDataN
      14  LPLD_DAC_SoftwareTrigger
      26  NVIC_DisableIRQ
      26  NVIC_EnableIRQ

 
  24 bytes in section .bss
 966 bytes in section .text
 
 966 bytes of CODE memory
  24 bytes of DATA memory

Errors: none
Warnings: none
