###############################################################################
#                                                                             #
# IAR ANSI C/C++ Compiler V6.40.1.53790/W32 for ARM     07/Aug/2014  15:34:23 #
# Copyright 1999-2012 IAR Systems AB.                                         #
#                                                                             #
#    Cpu mode     =  thumb                                                    #
#    Endian       =  little                                                   #
#    Source file  =  E:\ShawnDocuments\IAR_WorkSpace\LPLD_Quad_V3\source\modu #
#                    le\lights.c                                              #
#    Command line =  E:\ShawnDocuments\IAR_WorkSpace\LPLD_Quad_V3\source\modu #
#                    le\lights.c -D LPLD_K60 -lCN                             #
#                    E:\ShawnDocuments\IAR_WorkSpace\LPLD_Quad_V3\iar\FLASH_M #
#                    INE\List\ -lB E:\ShawnDocuments\IAR_WorkSpace\LPLD_Quad_ #
#                    V3\iar\FLASH_MINE\List\ -o E:\ShawnDocuments\IAR_WorkSpa #
#                    ce\LPLD_Quad_V3\iar\FLASH_MINE\Obj\ --no_cse             #
#                    --no_unroll --no_inline --no_code_motion --no_tbaa       #
#                    --no_clustering --no_scheduling --debug --endian=little  #
#                    --cpu=Cortex-M4 -e --fpu=None --dlib_config "D:\Program  #
#                    Files\IAR Systems\Embedded Workbench                     #
#                    6.4\arm\INC\c\DLib_Config_Normal.h" -I                   #
#                    E:\ShawnDocuments\IAR_WorkSpace\LPLD_Quad_V3\iar\..\sour #
#                    ce\app\ -I E:\ShawnDocuments\IAR_WorkSpace\LPLD_Quad_V3\ #
#                    iar\..\source\app\Control\ -I                            #
#                    E:\ShawnDocuments\IAR_WorkSpace\LPLD_Quad_V3\iar\..\sour #
#                    ce\app\Others\ -I E:\ShawnDocuments\IAR_WorkSpace\LPLD_Q #
#                    uad_V3\iar\..\source\app\Communicate\ -I                 #
#                    E:\ShawnDocuments\IAR_WorkSpace\LPLD_Quad_V3\iar\..\sour #
#                    ce\app\Algorithm\ -I E:\ShawnDocuments\IAR_WorkSpace\LPL #
#                    D_Quad_V3\iar\..\source\app\SignalProcess\ -I            #
#                    E:\ShawnDocuments\IAR_WorkSpace\LPLD_Quad_V3\iar\..\sour #
#                    ce\module\ -I E:\ShawnDocuments\IAR_WorkSpace\LPLD_Quad_ #
#                    V3\iar\..\source\module\anbt_dmp\ -I                     #
#                    E:\ShawnDocuments\IAR_WorkSpace\LPLD_Quad_V3\iar\..\sour #
#                    ce\module\eMPL\ -I E:\ShawnDocuments\IAR_WorkSpace\LPLD_ #
#                    Quad_V3\iar\..\source\lib\CPU\ -I                        #
#                    E:\ShawnDocuments\IAR_WorkSpace\LPLD_Quad_V3\iar\..\sour #
#                    ce\lib\common\ -I E:\ShawnDocuments\IAR_WorkSpace\LPLD_Q #
#                    uad_V3\iar\..\source\lib\LPLD\ -I                        #
#                    E:\ShawnDocuments\IAR_WorkSpace\LPLD_Quad_V3\iar\..\sour #
#                    ce\lib\LPLD\HW\ -I E:\ShawnDocuments\IAR_WorkSpace\LPLD_ #
#                    Quad_V3\iar\..\source\lib\LPLD\DEV\ -I                   #
#                    E:\ShawnDocuments\IAR_WorkSpace\LPLD_Quad_V3\iar\..\sour #
#                    ce\lib\uCOS-II\Ports\ -I E:\ShawnDocuments\IAR_WorkSpace #
#                    \LPLD_Quad_V3\iar\..\source\lib\uCOS-II\Source\ -I       #
#                    E:\ShawnDocuments\IAR_WorkSpace\LPLD_Quad_V3\iar\..\sour #
#                    ce\lib\FatFs\ -I E:\ShawnDocuments\IAR_WorkSpace\LPLD_Qu #
#                    ad_V3\iar\..\source\lib\FatFs\option\ -I                 #
#                    E:\ShawnDocuments\IAR_WorkSpace\LPLD_Quad_V3\iar\..\sour #
#                    ce\lib\USB\common\ -I E:\ShawnDocuments\IAR_WorkSpace\LP #
#                    LD_Quad_V3\iar\..\source\lib\USB\driver\ -I              #
#                    E:\ShawnDocuments\IAR_WorkSpace\LPLD_Quad_V3\iar\..\sour #
#                    ce\lib\USB\descriptor\ -I E:\ShawnDocuments\IAR_WorkSpac #
#                    e\LPLD_Quad_V3\iar\..\source\lib\USB\class\ -I           #
#                    E:\ShawnDocuments\IAR_WorkSpace\LPLD_Quad_V3\iar\..\sour #
#                    ce\lib\MyLib\ -On -I "D:\Program Files\IAR               #
#                    Systems\Embedded Workbench 6.4\arm\CMSIS\Include\" -D    #
#                    ARM_MATH_CM4                                             #
#    List file    =  E:\ShawnDocuments\IAR_WorkSpace\LPLD_Quad_V3\iar\FLASH_M #
#                    INE\List\lights.lst                                      #
#    Object file  =  E:\ShawnDocuments\IAR_WorkSpace\LPLD_Quad_V3\iar\FLASH_M #
#                    INE\Obj\lights.o                                         #
#                                                                             #
#                                                                             #
###############################################################################

E:\ShawnDocuments\IAR_WorkSpace\LPLD_Quad_V3\source\module\lights.c
      1          /****************************************************************************** 
      2           *       lights.c ----- The code for led lights use          *
      3           *       (c) Copyright 2012 HUST RENESAS LAB,The Department of CSE, HUST       *
      4           *                        All Rights Reserved                                  *
      5           *Filename             :  lights.c                                           *
      6           *Programmer(s)        :  Yang Xiang                                           *
      7           *Description          :                                                       *
      8           *Modification History :                                                       *
      9           *01a 2014/3/21 9:45:25                                                       *
     10           ******************************************************************************/
     11          #include "lights.h"
     12          

   \                                 In section .text, align 2, keep-with-next
     13          void InitLight(void)
     14          {
   \                     InitLight:
   \   00000000   0xB500             PUSH     {LR}
   \   00000002   0xB087             SUB      SP,SP,#+28
     15              GPIO_InitTypeDef light_init_struct = {0};
   \   00000004   0xA801             ADD      R0,SP,#+4
   \   00000006   0x2114             MOVS     R1,#+20
   \   00000008   0x.... 0x....      BL       __aeabi_memclr4
     16          
     17              light_init_struct.GPIO_PTx      = LED0_PORT;
   \   0000000C   0x.... 0x....      LDR.W    R0,??DataTable2  ;; 0x400ff000
   \   00000010   0x9001             STR      R0,[SP, #+4]
     18              light_init_struct.GPIO_Pins     = LED0_GPIO_PIN;
   \   00000012   0x2019             MOVS     R0,#+25
   \   00000014   0x.... 0x....      BL       PinNum2GpioPin
   \   00000018   0x9002             STR      R0,[SP, #+8]
     19              light_init_struct.GPIO_Dir      = DIR_OUTPUT;
   \   0000001A   0x2001             MOVS     R0,#+1
   \   0000001C   0xF88D 0x0010      STRB     R0,[SP, #+16]
     20              light_init_struct.GPIO_Output   = OUTPUT_H;
   \   00000020   0x2001             MOVS     R0,#+1
   \   00000022   0xF88D 0x0011      STRB     R0,[SP, #+17]
     21              light_init_struct.GPIO_PinControl = 0;
   \   00000026   0x2000             MOVS     R0,#+0
   \   00000028   0x9003             STR      R0,[SP, #+12]
     22              light_init_struct.GPIO_Isr      = NULL;
   \   0000002A   0x2000             MOVS     R0,#+0
   \   0000002C   0x9005             STR      R0,[SP, #+20]
     23              LPLD_GPIO_Init(light_init_struct);
   \   0000002E   0xA901             ADD      R1,SP,#+4
   \   00000030   0xB084             SUB      SP,SP,#+16
   \   00000032   0x4668             MOV      R0,SP
   \   00000034   0x2214             MOVS     R2,#+20
   \   00000036   0x.... 0x....      BL       __aeabi_memcpy4
   \   0000003A   0xBC0F             POP      {R0-R3}
   \   0000003C   0x.... 0x....      BL       LPLD_GPIO_Init
     24          
     25              light_init_struct.GPIO_PTx      = LED1_PORT;
   \   00000040   0x.... 0x....      LDR.W    R0,??DataTable2  ;; 0x400ff000
   \   00000044   0x9001             STR      R0,[SP, #+4]
     26              light_init_struct.GPIO_Pins     = LED1_GPIO_PIN;
   \   00000046   0x2018             MOVS     R0,#+24
   \   00000048   0x.... 0x....      BL       PinNum2GpioPin
   \   0000004C   0x9002             STR      R0,[SP, #+8]
     27              light_init_struct.GPIO_Dir      = DIR_OUTPUT;
   \   0000004E   0x2001             MOVS     R0,#+1
   \   00000050   0xF88D 0x0010      STRB     R0,[SP, #+16]
     28              light_init_struct.GPIO_Output   = OUTPUT_H;
   \   00000054   0x2001             MOVS     R0,#+1
   \   00000056   0xF88D 0x0011      STRB     R0,[SP, #+17]
     29              light_init_struct.GPIO_PinControl = 0;
   \   0000005A   0x2000             MOVS     R0,#+0
   \   0000005C   0x9003             STR      R0,[SP, #+12]
     30              light_init_struct.GPIO_Isr      = NULL;    
   \   0000005E   0x2000             MOVS     R0,#+0
   \   00000060   0x9005             STR      R0,[SP, #+20]
     31              LPLD_GPIO_Init(light_init_struct);
   \   00000062   0xA901             ADD      R1,SP,#+4
   \   00000064   0xB084             SUB      SP,SP,#+16
   \   00000066   0x4668             MOV      R0,SP
   \   00000068   0x2214             MOVS     R2,#+20
   \   0000006A   0x.... 0x....      BL       __aeabi_memcpy4
   \   0000006E   0xBC0F             POP      {R0-R3}
   \   00000070   0x.... 0x....      BL       LPLD_GPIO_Init
     32          
     33              light_init_struct.GPIO_PTx      = LED2_PORT;
   \   00000074   0x.... 0x....      LDR.W    R0,??DataTable2_1  ;; 0x400ff080
   \   00000078   0x9001             STR      R0,[SP, #+4]
     34              light_init_struct.GPIO_Pins     = LED2_GPIO_PIN;
   \   0000007A   0x2008             MOVS     R0,#+8
   \   0000007C   0x.... 0x....      BL       PinNum2GpioPin
   \   00000080   0x9002             STR      R0,[SP, #+8]
     35              light_init_struct.GPIO_Dir      = DIR_OUTPUT;
   \   00000082   0x2001             MOVS     R0,#+1
   \   00000084   0xF88D 0x0010      STRB     R0,[SP, #+16]
     36              light_init_struct.GPIO_Output   = OUTPUT_H;
   \   00000088   0x2001             MOVS     R0,#+1
   \   0000008A   0xF88D 0x0011      STRB     R0,[SP, #+17]
     37              light_init_struct.GPIO_PinControl = 0;
   \   0000008E   0x2000             MOVS     R0,#+0
   \   00000090   0x9003             STR      R0,[SP, #+12]
     38              light_init_struct.GPIO_Isr      = NULL;    
   \   00000092   0x2000             MOVS     R0,#+0
   \   00000094   0x9005             STR      R0,[SP, #+20]
     39              LPLD_GPIO_Init(light_init_struct);
   \   00000096   0xA901             ADD      R1,SP,#+4
   \   00000098   0xB084             SUB      SP,SP,#+16
   \   0000009A   0x4668             MOV      R0,SP
   \   0000009C   0x2214             MOVS     R2,#+20
   \   0000009E   0x.... 0x....      BL       __aeabi_memcpy4
   \   000000A2   0xBC0F             POP      {R0-R3}
   \   000000A4   0x.... 0x....      BL       LPLD_GPIO_Init
     40          
     41              light_init_struct.GPIO_PTx      = LED3_PORT;
   \   000000A8   0x.... 0x....      LDR.W    R0,??DataTable2_1  ;; 0x400ff080
   \   000000AC   0x9001             STR      R0,[SP, #+4]
     42              light_init_struct.GPIO_Pins     = LED3_GPIO_PIN;
   \   000000AE   0x2009             MOVS     R0,#+9
   \   000000B0   0x.... 0x....      BL       PinNum2GpioPin
   \   000000B4   0x9002             STR      R0,[SP, #+8]
     43              light_init_struct.GPIO_Dir      = DIR_OUTPUT;
   \   000000B6   0x2001             MOVS     R0,#+1
   \   000000B8   0xF88D 0x0010      STRB     R0,[SP, #+16]
     44              light_init_struct.GPIO_Output   = OUTPUT_H;
   \   000000BC   0x2001             MOVS     R0,#+1
   \   000000BE   0xF88D 0x0011      STRB     R0,[SP, #+17]
     45              light_init_struct.GPIO_PinControl = 0;
   \   000000C2   0x2000             MOVS     R0,#+0
   \   000000C4   0x9003             STR      R0,[SP, #+12]
     46              light_init_struct.GPIO_Isr      = NULL;    
   \   000000C6   0x2000             MOVS     R0,#+0
   \   000000C8   0x9005             STR      R0,[SP, #+20]
     47              LPLD_GPIO_Init(light_init_struct);
   \   000000CA   0xA901             ADD      R1,SP,#+4
   \   000000CC   0xB084             SUB      SP,SP,#+16
   \   000000CE   0x4668             MOV      R0,SP
   \   000000D0   0x2214             MOVS     R2,#+20
   \   000000D2   0x.... 0x....      BL       __aeabi_memcpy4
   \   000000D6   0xBC0F             POP      {R0-R3}
   \   000000D8   0x.... 0x....      BL       LPLD_GPIO_Init
     48          
     49              light_init_struct.GPIO_PTx      = LED4_PORT;
   \   000000DC   0x....             LDR.N    R0,??DataTable2_1  ;; 0x400ff080
   \   000000DE   0x9001             STR      R0,[SP, #+4]
     50              light_init_struct.GPIO_Pins     = LED4_GPIO_PIN;
   \   000000E0   0x2010             MOVS     R0,#+16
   \   000000E2   0x.... 0x....      BL       PinNum2GpioPin
   \   000000E6   0x9002             STR      R0,[SP, #+8]
     51              light_init_struct.GPIO_Dir      = DIR_OUTPUT;
   \   000000E8   0x2001             MOVS     R0,#+1
   \   000000EA   0xF88D 0x0010      STRB     R0,[SP, #+16]
     52              light_init_struct.GPIO_Output   = OUTPUT_H;
   \   000000EE   0x2001             MOVS     R0,#+1
   \   000000F0   0xF88D 0x0011      STRB     R0,[SP, #+17]
     53              light_init_struct.GPIO_PinControl = 0;
   \   000000F4   0x2000             MOVS     R0,#+0
   \   000000F6   0x9003             STR      R0,[SP, #+12]
     54              light_init_struct.GPIO_Isr      = NULL;    
   \   000000F8   0x2000             MOVS     R0,#+0
   \   000000FA   0x9005             STR      R0,[SP, #+20]
     55              LPLD_GPIO_Init(light_init_struct);
   \   000000FC   0xA901             ADD      R1,SP,#+4
   \   000000FE   0xB084             SUB      SP,SP,#+16
   \   00000100   0x4668             MOV      R0,SP
   \   00000102   0x2214             MOVS     R2,#+20
   \   00000104   0x.... 0x....      BL       __aeabi_memcpy4
   \   00000108   0xBC0F             POP      {R0-R3}
   \   0000010A   0x.... 0x....      BL       LPLD_GPIO_Init
     56          
     57              light_init_struct.GPIO_PTx      = LED5_PORT;
   \   0000010E   0x....             LDR.N    R0,??DataTable2_1  ;; 0x400ff080
   \   00000110   0x9001             STR      R0,[SP, #+4]
     58              light_init_struct.GPIO_Pins     = LED5_GPIO_PIN;
   \   00000112   0x2011             MOVS     R0,#+17
   \   00000114   0x.... 0x....      BL       PinNum2GpioPin
   \   00000118   0x9002             STR      R0,[SP, #+8]
     59              light_init_struct.GPIO_Dir      = DIR_OUTPUT;
   \   0000011A   0x2001             MOVS     R0,#+1
   \   0000011C   0xF88D 0x0010      STRB     R0,[SP, #+16]
     60              light_init_struct.GPIO_Output   = OUTPUT_H;
   \   00000120   0x2001             MOVS     R0,#+1
   \   00000122   0xF88D 0x0011      STRB     R0,[SP, #+17]
     61              light_init_struct.GPIO_PinControl = 0;
   \   00000126   0x2000             MOVS     R0,#+0
   \   00000128   0x9003             STR      R0,[SP, #+12]
     62              light_init_struct.GPIO_Isr      = NULL;    
   \   0000012A   0x2000             MOVS     R0,#+0
   \   0000012C   0x9005             STR      R0,[SP, #+20]
     63              LPLD_GPIO_Init(light_init_struct);
   \   0000012E   0xA901             ADD      R1,SP,#+4
   \   00000130   0xB084             SUB      SP,SP,#+16
   \   00000132   0x4668             MOV      R0,SP
   \   00000134   0x2214             MOVS     R2,#+20
   \   00000136   0x.... 0x....      BL       __aeabi_memcpy4
   \   0000013A   0xBC0F             POP      {R0-R3}
   \   0000013C   0x.... 0x....      BL       LPLD_GPIO_Init
     64          
     65              light_init_struct.GPIO_PTx      = LED6_PORT;
   \   00000140   0x....             LDR.N    R0,??DataTable2_1  ;; 0x400ff080
   \   00000142   0x9001             STR      R0,[SP, #+4]
     66              light_init_struct.GPIO_Pins     = LED6_GPIO_PIN;
   \   00000144   0x2012             MOVS     R0,#+18
   \   00000146   0x.... 0x....      BL       PinNum2GpioPin
   \   0000014A   0x9002             STR      R0,[SP, #+8]
     67              light_init_struct.GPIO_Dir      = DIR_OUTPUT;
   \   0000014C   0x2001             MOVS     R0,#+1
   \   0000014E   0xF88D 0x0010      STRB     R0,[SP, #+16]
     68              light_init_struct.GPIO_Output   = OUTPUT_H;
   \   00000152   0x2001             MOVS     R0,#+1
   \   00000154   0xF88D 0x0011      STRB     R0,[SP, #+17]
     69              light_init_struct.GPIO_PinControl = 0;
   \   00000158   0x2000             MOVS     R0,#+0
   \   0000015A   0x9003             STR      R0,[SP, #+12]
     70              light_init_struct.GPIO_Isr      = NULL;    
   \   0000015C   0x2000             MOVS     R0,#+0
   \   0000015E   0x9005             STR      R0,[SP, #+20]
     71              LPLD_GPIO_Init(light_init_struct);
   \   00000160   0xA901             ADD      R1,SP,#+4
   \   00000162   0xB084             SUB      SP,SP,#+16
   \   00000164   0x4668             MOV      R0,SP
   \   00000166   0x2214             MOVS     R2,#+20
   \   00000168   0x.... 0x....      BL       __aeabi_memcpy4
   \   0000016C   0xBC0F             POP      {R0-R3}
   \   0000016E   0x.... 0x....      BL       LPLD_GPIO_Init
     72          
     73              light_init_struct.GPIO_PTx      = LED7_PORT;
   \   00000172   0x....             LDR.N    R0,??DataTable2_1  ;; 0x400ff080
   \   00000174   0x9001             STR      R0,[SP, #+4]
     74              light_init_struct.GPIO_Pins     = LED7_GPIO_PIN;
   \   00000176   0x2013             MOVS     R0,#+19
   \   00000178   0x.... 0x....      BL       PinNum2GpioPin
   \   0000017C   0x9002             STR      R0,[SP, #+8]
     75              light_init_struct.GPIO_Dir      = DIR_OUTPUT;
   \   0000017E   0x2001             MOVS     R0,#+1
   \   00000180   0xF88D 0x0010      STRB     R0,[SP, #+16]
     76              light_init_struct.GPIO_Output   = OUTPUT_H;
   \   00000184   0x2001             MOVS     R0,#+1
   \   00000186   0xF88D 0x0011      STRB     R0,[SP, #+17]
     77              light_init_struct.GPIO_PinControl = 0;
   \   0000018A   0x2000             MOVS     R0,#+0
   \   0000018C   0x9003             STR      R0,[SP, #+12]
     78              light_init_struct.GPIO_Isr      = NULL;    
   \   0000018E   0x2000             MOVS     R0,#+0
   \   00000190   0x9005             STR      R0,[SP, #+20]
     79              LPLD_GPIO_Init(light_init_struct);   
   \   00000192   0xA901             ADD      R1,SP,#+4
   \   00000194   0xB084             SUB      SP,SP,#+16
   \   00000196   0x4668             MOV      R0,SP
   \   00000198   0x2214             MOVS     R2,#+20
   \   0000019A   0x.... 0x....      BL       __aeabi_memcpy4
   \   0000019E   0xBC0F             POP      {R0-R3}
   \   000001A0   0x.... 0x....      BL       LPLD_GPIO_Init
     80          }
   \   000001A4   0xB007             ADD      SP,SP,#+28
   \   000001A6   0xBD00             POP      {PC}             ;; return
     81          

   \                                 In section .text, align 2, keep-with-next
     82          void TurnOnLights(uint8 mask)
     83          {
   \                     TurnOnLights:
   \   00000000   0xB538             PUSH     {R3-R5,LR}
   \   00000002   0x0004             MOVS     R4,R0
     84              int i = 0;
   \   00000004   0x2500             MOVS     R5,#+0
     85          
     86              for(i = 0; i < LIGHTS_AMOUNT; i++)
   \   00000006   0x2000             MOVS     R0,#+0
   \   00000008   0x0005             MOVS     R5,R0
   \                     ??TurnOnLights_0:
   \   0000000A   0x2D08             CMP      R5,#+8
   \   0000000C   0xDA09             BGE.N    ??TurnOnLights_1
     87              {
     88                  if(mask & 0x01)
   \   0000000E   0x07E0             LSLS     R0,R4,#+31
   \   00000010   0xD503             BPL.N    ??TurnOnLights_2
     89                  {
     90                      SetOneLightOnOff(i, 1);
   \   00000012   0x2101             MOVS     R1,#+1
   \   00000014   0x0028             MOVS     R0,R5
   \   00000016   0x.... 0x....      BL       SetOneLightOnOff
     91                  }
     92                  mask = mask >> 1;
   \                     ??TurnOnLights_2:
   \   0000001A   0xB2E4             UXTB     R4,R4            ;; ZeroExt  R4,R4,#+24,#+24
   \   0000001C   0x0864             LSRS     R4,R4,#+1
     93              }
   \   0000001E   0x1C6D             ADDS     R5,R5,#+1
   \   00000020   0xE7F3             B.N      ??TurnOnLights_0
     94          }
   \                     ??TurnOnLights_1:
   \   00000022   0xBD31             POP      {R0,R4,R5,PC}    ;; return
     95          

   \                                 In section .text, align 2, keep-with-next
     96          void TurnOffLights(uint8 mask)
     97          {
   \                     TurnOffLights:
   \   00000000   0xB538             PUSH     {R3-R5,LR}
   \   00000002   0x0004             MOVS     R4,R0
     98              int i = 0;
   \   00000004   0x2500             MOVS     R5,#+0
     99          
    100              for(i = 0; i < LIGHTS_AMOUNT; i++)
   \   00000006   0x2000             MOVS     R0,#+0
   \   00000008   0x0005             MOVS     R5,R0
   \                     ??TurnOffLights_0:
   \   0000000A   0x2D08             CMP      R5,#+8
   \   0000000C   0xDA09             BGE.N    ??TurnOffLights_1
    101              {
    102                  if(mask & 0x01)
   \   0000000E   0x07E0             LSLS     R0,R4,#+31
   \   00000010   0xD503             BPL.N    ??TurnOffLights_2
    103                  {
    104                      SetOneLightOnOff(i, 0);
   \   00000012   0x2100             MOVS     R1,#+0
   \   00000014   0x0028             MOVS     R0,R5
   \   00000016   0x.... 0x....      BL       SetOneLightOnOff
    105                  }
    106                  mask = mask >> 1;
   \                     ??TurnOffLights_2:
   \   0000001A   0xB2E4             UXTB     R4,R4            ;; ZeroExt  R4,R4,#+24,#+24
   \   0000001C   0x0864             LSRS     R4,R4,#+1
    107              }
   \   0000001E   0x1C6D             ADDS     R5,R5,#+1
   \   00000020   0xE7F3             B.N      ??TurnOffLights_0
    108          }
   \                     ??TurnOffLights_1:
   \   00000022   0xBD31             POP      {R0,R4,R5,PC}    ;; return
    109          

   \                                 In section .text, align 2, keep-with-next
    110          void SetLightsOnOff(uint8 mask)
    111          {
   \                     SetLightsOnOff:
   \   00000000   0xB538             PUSH     {R3-R5,LR}
   \   00000002   0x0004             MOVS     R4,R0
    112              int i = 0;
   \   00000004   0x2500             MOVS     R5,#+0
    113          
    114              for(i = 0; i < LIGHTS_AMOUNT; i++)
   \   00000006   0x2000             MOVS     R0,#+0
   \   00000008   0x0005             MOVS     R5,R0
   \                     ??SetLightsOnOff_0:
   \   0000000A   0x2D08             CMP      R5,#+8
   \   0000000C   0xDA0E             BGE.N    ??SetLightsOnOff_1
    115              {
    116                  if(mask & 0x01)
   \   0000000E   0x07E0             LSLS     R0,R4,#+31
   \   00000010   0xD504             BPL.N    ??SetLightsOnOff_2
    117                  {
    118                      SetOneLightOnOff(i, 1);
   \   00000012   0x2101             MOVS     R1,#+1
   \   00000014   0x0028             MOVS     R0,R5
   \   00000016   0x.... 0x....      BL       SetOneLightOnOff
   \   0000001A   0xE003             B.N      ??SetLightsOnOff_3
    119                  }
    120                  else
    121                  {
    122                      SetOneLightOnOff(i, 0);
   \                     ??SetLightsOnOff_2:
   \   0000001C   0x2100             MOVS     R1,#+0
   \   0000001E   0x0028             MOVS     R0,R5
   \   00000020   0x.... 0x....      BL       SetOneLightOnOff
    123                  }
    124                  mask = mask >> 1;
   \                     ??SetLightsOnOff_3:
   \   00000024   0xB2E4             UXTB     R4,R4            ;; ZeroExt  R4,R4,#+24,#+24
   \   00000026   0x0864             LSRS     R4,R4,#+1
    125              }
   \   00000028   0x1C6D             ADDS     R5,R5,#+1
   \   0000002A   0xE7EE             B.N      ??SetLightsOnOff_0
    126          }
   \                     ??SetLightsOnOff_1:
   \   0000002C   0xBD31             POP      {R0,R4,R5,PC}    ;; return
    127          

   \                                 In section .text, align 2, keep-with-next
    128          void SetOneLightOnOff(int led_num, uint8 state)
    129          {
    130              if((led_num >=0) && (led_num < LIGHTS_AMOUNT))
   \                     SetOneLightOnOff:
   \   00000000   0x2800             CMP      R0,#+0
   \   00000002   0xD45F             BMI.N    ??SetOneLightOnOff_0
   \   00000004   0x2808             CMP      R0,#+8
   \   00000006   0xDA5D             BGE.N    ??SetOneLightOnOff_0
    131              {
    132              switch (led_num)
   \   00000008   0x2800             CMP      R0,#+0
   \   0000000A   0xD00B             BEQ.N    ??SetOneLightOnOff_1
   \   0000000C   0x2802             CMP      R0,#+2
   \   0000000E   0xD01D             BEQ.N    ??SetOneLightOnOff_2
   \   00000010   0xD312             BCC.N    ??SetOneLightOnOff_3
   \   00000012   0x2804             CMP      R0,#+4
   \   00000014   0xD02E             BEQ.N    ??SetOneLightOnOff_4
   \   00000016   0xD323             BCC.N    ??SetOneLightOnOff_5
   \   00000018   0x2806             CMP      R0,#+6
   \   0000001A   0xD03F             BEQ.N    ??SetOneLightOnOff_6
   \   0000001C   0xD334             BCC.N    ??SetOneLightOnOff_7
   \   0000001E   0x2807             CMP      R0,#+7
   \   00000020   0xD046             BEQ.N    ??SetOneLightOnOff_8
   \   00000022   0xE04F             B.N      ??SetOneLightOnOff_9
    133              {
    134                  case 0: 
    135                          LED0_OUTPUT = !state;
   \                     ??SetOneLightOnOff_1:
   \   00000024   0xB2C9             UXTB     R1,R1            ;; ZeroExt  R1,R1,#+24,#+24
   \   00000026   0x2900             CMP      R1,#+0
   \   00000028   0xD101             BNE.N    ??SetOneLightOnOff_10
   \   0000002A   0x2201             MOVS     R2,#+1
   \   0000002C   0xE000             B.N      ??SetOneLightOnOff_11
   \                     ??SetOneLightOnOff_10:
   \   0000002E   0x2200             MOVS     R2,#+0
   \                     ??SetOneLightOnOff_11:
   \   00000030   0x....             LDR.N    R3,??DataTable2_2  ;; 0x43fe0064
   \   00000032   0xB2D2             UXTB     R2,R2            ;; ZeroExt  R2,R2,#+24,#+24
   \   00000034   0x601A             STR      R2,[R3, #+0]
    136                          //LPLD_GPIO_Output_b(LED0_PORT, LED0_PIN_NUM, (uint8)!state);
    137                          break;
   \   00000036   0xE045             B.N      ??SetOneLightOnOff_0
    138                  case 1: 
    139                          LED1_OUTPUT = !state;
   \                     ??SetOneLightOnOff_3:
   \   00000038   0xB2C9             UXTB     R1,R1            ;; ZeroExt  R1,R1,#+24,#+24
   \   0000003A   0x2900             CMP      R1,#+0
   \   0000003C   0xD101             BNE.N    ??SetOneLightOnOff_12
   \   0000003E   0x2201             MOVS     R2,#+1
   \   00000040   0xE000             B.N      ??SetOneLightOnOff_13
   \                     ??SetOneLightOnOff_12:
   \   00000042   0x2200             MOVS     R2,#+0
   \                     ??SetOneLightOnOff_13:
   \   00000044   0x....             LDR.N    R3,??DataTable2_3  ;; 0x43fe0060
   \   00000046   0xB2D2             UXTB     R2,R2            ;; ZeroExt  R2,R2,#+24,#+24
   \   00000048   0x601A             STR      R2,[R3, #+0]
    140                          //LPLD_GPIO_Output_b(LED1_PORT, LED1_PIN_NUM, (uint8)!state);
    141                          break;
   \   0000004A   0xE03B             B.N      ??SetOneLightOnOff_0
    142                  case 2: 
    143                          LED2_OUTPUT = !state;
   \                     ??SetOneLightOnOff_2:
   \   0000004C   0xB2C9             UXTB     R1,R1            ;; ZeroExt  R1,R1,#+24,#+24
   \   0000004E   0x2900             CMP      R1,#+0
   \   00000050   0xD101             BNE.N    ??SetOneLightOnOff_14
   \   00000052   0x2201             MOVS     R2,#+1
   \   00000054   0xE000             B.N      ??SetOneLightOnOff_15
   \                     ??SetOneLightOnOff_14:
   \   00000056   0x2200             MOVS     R2,#+0
   \                     ??SetOneLightOnOff_15:
   \   00000058   0x....             LDR.N    R3,??DataTable2_4  ;; 0x43fe1020
   \   0000005A   0xB2D2             UXTB     R2,R2            ;; ZeroExt  R2,R2,#+24,#+24
   \   0000005C   0x601A             STR      R2,[R3, #+0]
    144                          //LPLD_GPIO_Output_b(LED2_PORT, LED2_PIN_NUM, (uint8)!state);
    145                          break;
   \   0000005E   0xE031             B.N      ??SetOneLightOnOff_0
    146                  case 3: 
    147                          LED3_OUTPUT = !state;
   \                     ??SetOneLightOnOff_5:
   \   00000060   0xB2C9             UXTB     R1,R1            ;; ZeroExt  R1,R1,#+24,#+24
   \   00000062   0x2900             CMP      R1,#+0
   \   00000064   0xD101             BNE.N    ??SetOneLightOnOff_16
   \   00000066   0x2201             MOVS     R2,#+1
   \   00000068   0xE000             B.N      ??SetOneLightOnOff_17
   \                     ??SetOneLightOnOff_16:
   \   0000006A   0x2200             MOVS     R2,#+0
   \                     ??SetOneLightOnOff_17:
   \   0000006C   0x....             LDR.N    R3,??DataTable2_5  ;; 0x43fe1024
   \   0000006E   0xB2D2             UXTB     R2,R2            ;; ZeroExt  R2,R2,#+24,#+24
   \   00000070   0x601A             STR      R2,[R3, #+0]
    148                          //LPLD_GPIO_Output_b(LED3_PORT, LED3_PIN_NUM, (uint8)!state);
    149                          break;
   \   00000072   0xE027             B.N      ??SetOneLightOnOff_0
    150                  case 4: 
    151                          LED4_OUTPUT = !state;
   \                     ??SetOneLightOnOff_4:
   \   00000074   0xB2C9             UXTB     R1,R1            ;; ZeroExt  R1,R1,#+24,#+24
   \   00000076   0x2900             CMP      R1,#+0
   \   00000078   0xD101             BNE.N    ??SetOneLightOnOff_18
   \   0000007A   0x2201             MOVS     R2,#+1
   \   0000007C   0xE000             B.N      ??SetOneLightOnOff_19
   \                     ??SetOneLightOnOff_18:
   \   0000007E   0x2200             MOVS     R2,#+0
   \                     ??SetOneLightOnOff_19:
   \   00000080   0x....             LDR.N    R3,??DataTable2_6  ;; 0x43fe1040
   \   00000082   0xB2D2             UXTB     R2,R2            ;; ZeroExt  R2,R2,#+24,#+24
   \   00000084   0x601A             STR      R2,[R3, #+0]
    152                          //LPLD_GPIO_Output_b(LED4_PORT, LED4_PIN_NUM, (uint8)!state);
    153                          break;
   \   00000086   0xE01D             B.N      ??SetOneLightOnOff_0
    154                  case 5: 
    155                          LED5_OUTPUT = !state;
   \                     ??SetOneLightOnOff_7:
   \   00000088   0xB2C9             UXTB     R1,R1            ;; ZeroExt  R1,R1,#+24,#+24
   \   0000008A   0x2900             CMP      R1,#+0
   \   0000008C   0xD101             BNE.N    ??SetOneLightOnOff_20
   \   0000008E   0x2201             MOVS     R2,#+1
   \   00000090   0xE000             B.N      ??SetOneLightOnOff_21
   \                     ??SetOneLightOnOff_20:
   \   00000092   0x2200             MOVS     R2,#+0
   \                     ??SetOneLightOnOff_21:
   \   00000094   0x....             LDR.N    R3,??DataTable2_7  ;; 0x43fe1044
   \   00000096   0xB2D2             UXTB     R2,R2            ;; ZeroExt  R2,R2,#+24,#+24
   \   00000098   0x601A             STR      R2,[R3, #+0]
    156                          //LPLD_GPIO_Output_b(LED5_PORT, LED5_PIN_NUM, (uint8)!state);
    157                          break;
   \   0000009A   0xE013             B.N      ??SetOneLightOnOff_0
    158                  case 6: 
    159                          LED6_OUTPUT = !state;
   \                     ??SetOneLightOnOff_6:
   \   0000009C   0xB2C9             UXTB     R1,R1            ;; ZeroExt  R1,R1,#+24,#+24
   \   0000009E   0x2900             CMP      R1,#+0
   \   000000A0   0xD101             BNE.N    ??SetOneLightOnOff_22
   \   000000A2   0x2201             MOVS     R2,#+1
   \   000000A4   0xE000             B.N      ??SetOneLightOnOff_23
   \                     ??SetOneLightOnOff_22:
   \   000000A6   0x2200             MOVS     R2,#+0
   \                     ??SetOneLightOnOff_23:
   \   000000A8   0x....             LDR.N    R3,??DataTable2_8  ;; 0x43fe1048
   \   000000AA   0xB2D2             UXTB     R2,R2            ;; ZeroExt  R2,R2,#+24,#+24
   \   000000AC   0x601A             STR      R2,[R3, #+0]
    160                          //LPLD_GPIO_Output_b(LED6_PORT, LED6_PIN_NUM, (uint8)!state);
    161                          break;
   \   000000AE   0xE009             B.N      ??SetOneLightOnOff_0
    162                  case 7: 
    163                          LED7_OUTPUT = !state;
   \                     ??SetOneLightOnOff_8:
   \   000000B0   0xB2C9             UXTB     R1,R1            ;; ZeroExt  R1,R1,#+24,#+24
   \   000000B2   0x2900             CMP      R1,#+0
   \   000000B4   0xD101             BNE.N    ??SetOneLightOnOff_24
   \   000000B6   0x2201             MOVS     R2,#+1
   \   000000B8   0xE000             B.N      ??SetOneLightOnOff_25
   \                     ??SetOneLightOnOff_24:
   \   000000BA   0x2200             MOVS     R2,#+0
   \                     ??SetOneLightOnOff_25:
   \   000000BC   0x....             LDR.N    R3,??DataTable2_9  ;; 0x43fe104c
   \   000000BE   0xB2D2             UXTB     R2,R2            ;; ZeroExt  R2,R2,#+24,#+24
   \   000000C0   0x601A             STR      R2,[R3, #+0]
    164                          //LPLD_GPIO_Output_b(LED7_PORT, LED7_PIN_NUM, (uint8)!state);
    165                          break;
   \   000000C2   0xE7FF             B.N      ??SetOneLightOnOff_0
    166                  default:
    167                          break;
    168              }
    169              }
    170          }
   \                     ??SetOneLightOnOff_9:
   \                     ??SetOneLightOnOff_0:
   \   000000C4   0x4770             BX       LR               ;; return
    171          

   \                                 In section .text, align 2, keep-with-next
    172          void ToggleOneLight(int led_num)
    173          {
    174              if((led_num >=0) && (led_num < LIGHTS_AMOUNT))
   \                     ToggleOneLight:
   \   00000000   0x2800             CMP      R0,#+0
   \   00000002   0xD467             BMI.N    ??ToggleOneLight_0
   \   00000004   0x2808             CMP      R0,#+8
   \   00000006   0xDA65             BGE.N    ??ToggleOneLight_0
    175              {    
    176              switch (led_num)
   \   00000008   0x2800             CMP      R0,#+0
   \   0000000A   0xD00B             BEQ.N    ??ToggleOneLight_1
   \   0000000C   0x2802             CMP      R0,#+2
   \   0000000E   0xD01F             BEQ.N    ??ToggleOneLight_2
   \   00000010   0xD313             BCC.N    ??ToggleOneLight_3
   \   00000012   0x2804             CMP      R0,#+4
   \   00000014   0xD032             BEQ.N    ??ToggleOneLight_4
   \   00000016   0xD326             BCC.N    ??ToggleOneLight_5
   \   00000018   0x2806             CMP      R0,#+6
   \   0000001A   0xD045             BEQ.N    ??ToggleOneLight_6
   \   0000001C   0xD339             BCC.N    ??ToggleOneLight_7
   \   0000001E   0x2807             CMP      R0,#+7
   \   00000020   0xD04D             BEQ.N    ??ToggleOneLight_8
   \   00000022   0xE057             B.N      ??ToggleOneLight_9
    177              {
    178                  case 0: 
    179                          LED0_OUTPUT = !LED0_INPUT;
   \                     ??ToggleOneLight_1:
   \   00000024   0x....             LDR.N    R1,??DataTable2_10  ;; 0x43fe0264
   \   00000026   0x6809             LDR      R1,[R1, #+0]
   \   00000028   0x2900             CMP      R1,#+0
   \   0000002A   0xD101             BNE.N    ??ToggleOneLight_10
   \   0000002C   0x2101             MOVS     R1,#+1
   \   0000002E   0xE000             B.N      ??ToggleOneLight_11
   \                     ??ToggleOneLight_10:
   \   00000030   0x2100             MOVS     R1,#+0
   \                     ??ToggleOneLight_11:
   \   00000032   0x....             LDR.N    R2,??DataTable2_2  ;; 0x43fe0064
   \   00000034   0xB2C9             UXTB     R1,R1            ;; ZeroExt  R1,R1,#+24,#+24
   \   00000036   0x6011             STR      R1,[R2, #+0]
    180                          //LPLD_GPIO_Toggle_b(LED0_PORT, LED0_PIN_NUM);
    181                          break;
   \   00000038   0xE04C             B.N      ??ToggleOneLight_0
    182                  case 1: 
    183                          LED1_OUTPUT = !LED1_INPUT;
   \                     ??ToggleOneLight_3:
   \   0000003A   0x....             LDR.N    R1,??DataTable2_11  ;; 0x43fe0260
   \   0000003C   0x6809             LDR      R1,[R1, #+0]
   \   0000003E   0x2900             CMP      R1,#+0
   \   00000040   0xD101             BNE.N    ??ToggleOneLight_12
   \   00000042   0x2101             MOVS     R1,#+1
   \   00000044   0xE000             B.N      ??ToggleOneLight_13
   \                     ??ToggleOneLight_12:
   \   00000046   0x2100             MOVS     R1,#+0
   \                     ??ToggleOneLight_13:
   \   00000048   0x....             LDR.N    R2,??DataTable2_3  ;; 0x43fe0060
   \   0000004A   0xB2C9             UXTB     R1,R1            ;; ZeroExt  R1,R1,#+24,#+24
   \   0000004C   0x6011             STR      R1,[R2, #+0]
    184                          //LPLD_GPIO_Toggle_b(LED1_PORT, LED1_PIN_NUM);
    185                          break;
   \   0000004E   0xE041             B.N      ??ToggleOneLight_0
    186                  case 2: 
    187                          LED2_OUTPUT = !LED2_INPUT;                
   \                     ??ToggleOneLight_2:
   \   00000050   0x....             LDR.N    R1,??DataTable2_12  ;; 0x43fe1220
   \   00000052   0x6809             LDR      R1,[R1, #+0]
   \   00000054   0x2900             CMP      R1,#+0
   \   00000056   0xD101             BNE.N    ??ToggleOneLight_14
   \   00000058   0x2101             MOVS     R1,#+1
   \   0000005A   0xE000             B.N      ??ToggleOneLight_15
   \                     ??ToggleOneLight_14:
   \   0000005C   0x2100             MOVS     R1,#+0
   \                     ??ToggleOneLight_15:
   \   0000005E   0x....             LDR.N    R2,??DataTable2_4  ;; 0x43fe1020
   \   00000060   0xB2C9             UXTB     R1,R1            ;; ZeroExt  R1,R1,#+24,#+24
   \   00000062   0x6011             STR      R1,[R2, #+0]
    188                          //LPLD_GPIO_Toggle_b(LED2_PORT, LED2_PIN_NUM);
    189                          break;
   \   00000064   0xE036             B.N      ??ToggleOneLight_0
    190                  case 3: 
    191                          LED3_OUTPUT = !LED3_INPUT; 
   \                     ??ToggleOneLight_5:
   \   00000066   0x....             LDR.N    R1,??DataTable2_13  ;; 0x43fe1224
   \   00000068   0x6809             LDR      R1,[R1, #+0]
   \   0000006A   0x2900             CMP      R1,#+0
   \   0000006C   0xD101             BNE.N    ??ToggleOneLight_16
   \   0000006E   0x2101             MOVS     R1,#+1
   \   00000070   0xE000             B.N      ??ToggleOneLight_17
   \                     ??ToggleOneLight_16:
   \   00000072   0x2100             MOVS     R1,#+0
   \                     ??ToggleOneLight_17:
   \   00000074   0x....             LDR.N    R2,??DataTable2_5  ;; 0x43fe1024
   \   00000076   0xB2C9             UXTB     R1,R1            ;; ZeroExt  R1,R1,#+24,#+24
   \   00000078   0x6011             STR      R1,[R2, #+0]
    192                          //LPLD_GPIO_Toggle_b(LED3_PORT, LED3_PIN_NUM);
    193                          break;
   \   0000007A   0xE02B             B.N      ??ToggleOneLight_0
    194                  case 4: 
    195                          LED4_OUTPUT = !LED4_INPUT; 
   \                     ??ToggleOneLight_4:
   \   0000007C   0x....             LDR.N    R1,??DataTable2_14  ;; 0x43fe1240
   \   0000007E   0x6809             LDR      R1,[R1, #+0]
   \   00000080   0x2900             CMP      R1,#+0
   \   00000082   0xD101             BNE.N    ??ToggleOneLight_18
   \   00000084   0x2101             MOVS     R1,#+1
   \   00000086   0xE000             B.N      ??ToggleOneLight_19
   \                     ??ToggleOneLight_18:
   \   00000088   0x2100             MOVS     R1,#+0
   \                     ??ToggleOneLight_19:
   \   0000008A   0x....             LDR.N    R2,??DataTable2_6  ;; 0x43fe1040
   \   0000008C   0xB2C9             UXTB     R1,R1            ;; ZeroExt  R1,R1,#+24,#+24
   \   0000008E   0x6011             STR      R1,[R2, #+0]
    196                          //LPLD_GPIO_Toggle_b(LED4_PORT, LED4_PIN_NUM);
    197                          break;
   \   00000090   0xE020             B.N      ??ToggleOneLight_0
    198                  case 5: 
    199                          LED5_OUTPUT = !LED5_INPUT; 
   \                     ??ToggleOneLight_7:
   \   00000092   0x....             LDR.N    R1,??DataTable2_15  ;; 0x43fe1244
   \   00000094   0x6809             LDR      R1,[R1, #+0]
   \   00000096   0x2900             CMP      R1,#+0
   \   00000098   0xD101             BNE.N    ??ToggleOneLight_20
   \   0000009A   0x2101             MOVS     R1,#+1
   \   0000009C   0xE000             B.N      ??ToggleOneLight_21
   \                     ??ToggleOneLight_20:
   \   0000009E   0x2100             MOVS     R1,#+0
   \                     ??ToggleOneLight_21:
   \   000000A0   0x....             LDR.N    R2,??DataTable2_7  ;; 0x43fe1044
   \   000000A2   0xB2C9             UXTB     R1,R1            ;; ZeroExt  R1,R1,#+24,#+24
   \   000000A4   0x6011             STR      R1,[R2, #+0]
    200                          //LPLD_GPIO_Toggle_b(LED5_PORT, LED5_PIN_NUM);
    201                          break;
   \   000000A6   0xE015             B.N      ??ToggleOneLight_0
    202                  case 6: 
    203                          LED6_OUTPUT = !LED6_INPUT; 
   \                     ??ToggleOneLight_6:
   \   000000A8   0x....             LDR.N    R1,??DataTable2_16  ;; 0x43fe1248
   \   000000AA   0x6809             LDR      R1,[R1, #+0]
   \   000000AC   0x2900             CMP      R1,#+0
   \   000000AE   0xD101             BNE.N    ??ToggleOneLight_22
   \   000000B0   0x2101             MOVS     R1,#+1
   \   000000B2   0xE000             B.N      ??ToggleOneLight_23
   \                     ??ToggleOneLight_22:
   \   000000B4   0x2100             MOVS     R1,#+0
   \                     ??ToggleOneLight_23:
   \   000000B6   0x....             LDR.N    R2,??DataTable2_8  ;; 0x43fe1048
   \   000000B8   0xB2C9             UXTB     R1,R1            ;; ZeroExt  R1,R1,#+24,#+24
   \   000000BA   0x6011             STR      R1,[R2, #+0]
    204                          //LPLD_GPIO_Toggle_b(LED6_PORT, LED6_PIN_NUM);
    205                          break;
   \   000000BC   0xE00A             B.N      ??ToggleOneLight_0
    206                  case 7: 
    207                          LED7_OUTPUT = !LED7_INPUT; 
   \                     ??ToggleOneLight_8:
   \   000000BE   0x....             LDR.N    R1,??DataTable2_17  ;; 0x43fe124c
   \   000000C0   0x6809             LDR      R1,[R1, #+0]
   \   000000C2   0x2900             CMP      R1,#+0
   \   000000C4   0xD101             BNE.N    ??ToggleOneLight_24
   \   000000C6   0x2101             MOVS     R1,#+1
   \   000000C8   0xE000             B.N      ??ToggleOneLight_25
   \                     ??ToggleOneLight_24:
   \   000000CA   0x2100             MOVS     R1,#+0
   \                     ??ToggleOneLight_25:
   \   000000CC   0x....             LDR.N    R2,??DataTable2_9  ;; 0x43fe104c
   \   000000CE   0xB2C9             UXTB     R1,R1            ;; ZeroExt  R1,R1,#+24,#+24
   \   000000D0   0x6011             STR      R1,[R2, #+0]
    208                          //LPLD_GPIO_Toggle_b(LED7_PORT, LED7_PIN_NUM);
    209                          break;
   \   000000D2   0xE7FF             B.N      ??ToggleOneLight_0
    210                  default:
    211                          break;
    212              }    
    213              }
    214          }
   \                     ??ToggleOneLight_9:
   \                     ??ToggleOneLight_0:
   \   000000D4   0x4770             BX       LR               ;; return
    215          

   \                                 In section .text, align 2, keep-with-next
    216          void ToggleLights(uint8 mask)
    217          {
   \                     ToggleLights:
   \   00000000   0xB538             PUSH     {R3-R5,LR}
   \   00000002   0x0004             MOVS     R4,R0
    218              int i = 0;
   \   00000004   0x2500             MOVS     R5,#+0
    219          
    220              for(i = 0; i < LIGHTS_AMOUNT; i++)
   \   00000006   0x2000             MOVS     R0,#+0
   \   00000008   0x0005             MOVS     R5,R0
   \                     ??ToggleLights_0:
   \   0000000A   0x2D08             CMP      R5,#+8
   \   0000000C   0xDA08             BGE.N    ??ToggleLights_1
    221              {
    222                  if(mask & 0x01)
   \   0000000E   0x07E0             LSLS     R0,R4,#+31
   \   00000010   0xD502             BPL.N    ??ToggleLights_2
    223                  {
    224                      ToggleOneLight(i);
   \   00000012   0x0028             MOVS     R0,R5
   \   00000014   0x.... 0x....      BL       ToggleOneLight
    225                  }
    226                  mask = mask >> 1;
   \                     ??ToggleLights_2:
   \   00000018   0xB2E4             UXTB     R4,R4            ;; ZeroExt  R4,R4,#+24,#+24
   \   0000001A   0x0864             LSRS     R4,R4,#+1
    227              }    
   \   0000001C   0x1C6D             ADDS     R5,R5,#+1
   \   0000001E   0xE7F4             B.N      ??ToggleLights_0
    228          }
   \                     ??ToggleLights_1:
   \   00000020   0xBD31             POP      {R0,R4,R5,PC}    ;; return

   \                                 In section .text, align 4, keep-with-next
   \                     ??DataTable2:
   \   00000000   0x400FF000         DC32     0x400ff000

   \                                 In section .text, align 4, keep-with-next
   \                     ??DataTable2_1:
   \   00000000   0x400FF080         DC32     0x400ff080

   \                                 In section .text, align 4, keep-with-next
   \                     ??DataTable2_2:
   \   00000000   0x43FE0064         DC32     0x43fe0064

   \                                 In section .text, align 4, keep-with-next
   \                     ??DataTable2_3:
   \   00000000   0x43FE0060         DC32     0x43fe0060

   \                                 In section .text, align 4, keep-with-next
   \                     ??DataTable2_4:
   \   00000000   0x43FE1020         DC32     0x43fe1020

   \                                 In section .text, align 4, keep-with-next
   \                     ??DataTable2_5:
   \   00000000   0x43FE1024         DC32     0x43fe1024

   \                                 In section .text, align 4, keep-with-next
   \                     ??DataTable2_6:
   \   00000000   0x43FE1040         DC32     0x43fe1040

   \                                 In section .text, align 4, keep-with-next
   \                     ??DataTable2_7:
   \   00000000   0x43FE1044         DC32     0x43fe1044

   \                                 In section .text, align 4, keep-with-next
   \                     ??DataTable2_8:
   \   00000000   0x43FE1048         DC32     0x43fe1048

   \                                 In section .text, align 4, keep-with-next
   \                     ??DataTable2_9:
   \   00000000   0x43FE104C         DC32     0x43fe104c

   \                                 In section .text, align 4, keep-with-next
   \                     ??DataTable2_10:
   \   00000000   0x43FE0264         DC32     0x43fe0264

   \                                 In section .text, align 4, keep-with-next
   \                     ??DataTable2_11:
   \   00000000   0x43FE0260         DC32     0x43fe0260

   \                                 In section .text, align 4, keep-with-next
   \                     ??DataTable2_12:
   \   00000000   0x43FE1220         DC32     0x43fe1220

   \                                 In section .text, align 4, keep-with-next
   \                     ??DataTable2_13:
   \   00000000   0x43FE1224         DC32     0x43fe1224

   \                                 In section .text, align 4, keep-with-next
   \                     ??DataTable2_14:
   \   00000000   0x43FE1240         DC32     0x43fe1240

   \                                 In section .text, align 4, keep-with-next
   \                     ??DataTable2_15:
   \   00000000   0x43FE1244         DC32     0x43fe1244

   \                                 In section .text, align 4, keep-with-next
   \                     ??DataTable2_16:
   \   00000000   0x43FE1248         DC32     0x43fe1248

   \                                 In section .text, align 4, keep-with-next
   \                     ??DataTable2_17:
   \   00000000   0x43FE124C         DC32     0x43fe124c

   \                                 In section .rodata, align 4
   \   00000000   0x00000000         DC32 0H
   \   00000004   0x00 0x00          DC8 0, 0, 0, 0, 0, 0, 0, 0, 0, 0, 0, 0, 0, 0, 0, 0
   \              0x00 0x00    
   \              0x00 0x00    
   \              0x00 0x00    
   \              0x00 0x00    
   \              0x00 0x00    
   \              0x00 0x00    
   \              0x00 0x00    

   Maximum stack usage in bytes:

   .cstack Function
   ------- --------
       48  InitLight
             32 -> LPLD_GPIO_Init
             32 -> PinNum2GpioPin
             32 -> __aeabi_memclr4
             48 -> __aeabi_memcpy4
       16  SetLightsOnOff
             16 -> SetOneLightOnOff
        0  SetOneLightOnOff
       16  ToggleLights
             16 -> ToggleOneLight
        0  ToggleOneLight
       16  TurnOffLights
             16 -> SetOneLightOnOff
       16  TurnOnLights
             16 -> SetOneLightOnOff


   Section sizes:

   Bytes  Function/Label
   -----  --------------
      20  ?<Constant {(GPIO_Type *)0}>
       4  ??DataTable2
       4  ??DataTable2_1
       4  ??DataTable2_10
       4  ??DataTable2_11
       4  ??DataTable2_12
       4  ??DataTable2_13
       4  ??DataTable2_14
       4  ??DataTable2_15
       4  ??DataTable2_16
       4  ??DataTable2_17
       4  ??DataTable2_2
       4  ??DataTable2_3
       4  ??DataTable2_4
       4  ??DataTable2_5
       4  ??DataTable2_6
       4  ??DataTable2_7
       4  ??DataTable2_8
       4  ??DataTable2_9
     424  InitLight
      46  SetLightsOnOff
     198  SetOneLightOnOff
      34  ToggleLights
     214  ToggleOneLight
      36  TurnOffLights
      36  TurnOnLights

 
    20 bytes in section .rodata
 1 060 bytes in section .text
 
 1 060 bytes of CODE  memory
    20 bytes of CONST memory

Errors: none
Warnings: none
