###############################################################################
#                                                                             #
# IAR ANSI C/C++ Compiler V6.40.1.53790/W32 for ARM     07/Aug/2014  15:34:35 #
# Copyright 1999-2012 IAR Systems AB.                                         #
#                                                                             #
#    Cpu mode     =  thumb                                                    #
#    Endian       =  little                                                   #
#    Source file  =  E:\ShawnDocuments\IAR_WorkSpace\LPLD_Quad_V3\source\lib\ #
#                    MyLib\MyLib.c                                            #
#    Command line =  E:\ShawnDocuments\IAR_WorkSpace\LPLD_Quad_V3\source\lib\ #
#                    MyLib\MyLib.c -D LPLD_K60 -lCN                           #
#                    E:\ShawnDocuments\IAR_WorkSpace\LPLD_Quad_V3\iar\FLASH_M #
#                    INE\List\ -lB E:\ShawnDocuments\IAR_WorkSpace\LPLD_Quad_ #
#                    V3\iar\FLASH_MINE\List\ -o E:\ShawnDocuments\IAR_WorkSpa #
#                    ce\LPLD_Quad_V3\iar\FLASH_MINE\Obj\ --no_cse             #
#                    --no_unroll --no_inline --no_code_motion --no_tbaa       #
#                    --no_clustering --no_scheduling --debug --endian=little  #
#                    --cpu=Cortex-M4 -e --fpu=None --dlib_config "D:\Program  #
#                    Files\IAR Systems\Embedded Workbench                     #
#                    6.4\arm\INC\c\DLib_Config_Normal.h" -I                   #
#                    E:\ShawnDocuments\IAR_WorkSpace\LPLD_Quad_V3\iar\..\sour #
#                    ce\app\ -I E:\ShawnDocuments\IAR_WorkSpace\LPLD_Quad_V3\ #
#                    iar\..\source\app\Control\ -I                            #
#                    E:\ShawnDocuments\IAR_WorkSpace\LPLD_Quad_V3\iar\..\sour #
#                    ce\app\Others\ -I E:\ShawnDocuments\IAR_WorkSpace\LPLD_Q #
#                    uad_V3\iar\..\source\app\Communicate\ -I                 #
#                    E:\ShawnDocuments\IAR_WorkSpace\LPLD_Quad_V3\iar\..\sour #
#                    ce\app\Algorithm\ -I E:\ShawnDocuments\IAR_WorkSpace\LPL #
#                    D_Quad_V3\iar\..\source\app\SignalProcess\ -I            #
#                    E:\ShawnDocuments\IAR_WorkSpace\LPLD_Quad_V3\iar\..\sour #
#                    ce\module\ -I E:\ShawnDocuments\IAR_WorkSpace\LPLD_Quad_ #
#                    V3\iar\..\source\module\anbt_dmp\ -I                     #
#                    E:\ShawnDocuments\IAR_WorkSpace\LPLD_Quad_V3\iar\..\sour #
#                    ce\module\eMPL\ -I E:\ShawnDocuments\IAR_WorkSpace\LPLD_ #
#                    Quad_V3\iar\..\source\lib\CPU\ -I                        #
#                    E:\ShawnDocuments\IAR_WorkSpace\LPLD_Quad_V3\iar\..\sour #
#                    ce\lib\common\ -I E:\ShawnDocuments\IAR_WorkSpace\LPLD_Q #
#                    uad_V3\iar\..\source\lib\LPLD\ -I                        #
#                    E:\ShawnDocuments\IAR_WorkSpace\LPLD_Quad_V3\iar\..\sour #
#                    ce\lib\LPLD\HW\ -I E:\ShawnDocuments\IAR_WorkSpace\LPLD_ #
#                    Quad_V3\iar\..\source\lib\LPLD\DEV\ -I                   #
#                    E:\ShawnDocuments\IAR_WorkSpace\LPLD_Quad_V3\iar\..\sour #
#                    ce\lib\uCOS-II\Ports\ -I E:\ShawnDocuments\IAR_WorkSpace #
#                    \LPLD_Quad_V3\iar\..\source\lib\uCOS-II\Source\ -I       #
#                    E:\ShawnDocuments\IAR_WorkSpace\LPLD_Quad_V3\iar\..\sour #
#                    ce\lib\FatFs\ -I E:\ShawnDocuments\IAR_WorkSpace\LPLD_Qu #
#                    ad_V3\iar\..\source\lib\FatFs\option\ -I                 #
#                    E:\ShawnDocuments\IAR_WorkSpace\LPLD_Quad_V3\iar\..\sour #
#                    ce\lib\USB\common\ -I E:\ShawnDocuments\IAR_WorkSpace\LP #
#                    LD_Quad_V3\iar\..\source\lib\USB\driver\ -I              #
#                    E:\ShawnDocuments\IAR_WorkSpace\LPLD_Quad_V3\iar\..\sour #
#                    ce\lib\USB\descriptor\ -I E:\ShawnDocuments\IAR_WorkSpac #
#                    e\LPLD_Quad_V3\iar\..\source\lib\USB\class\ -I           #
#                    E:\ShawnDocuments\IAR_WorkSpace\LPLD_Quad_V3\iar\..\sour #
#                    ce\lib\MyLib\ -On -I "D:\Program Files\IAR               #
#                    Systems\Embedded Workbench 6.4\arm\CMSIS\Include\" -D    #
#                    ARM_MATH_CM4                                             #
#    List file    =  E:\ShawnDocuments\IAR_WorkSpace\LPLD_Quad_V3\iar\FLASH_M #
#                    INE\List\MyLib.lst                                       #
#    Object file  =  E:\ShawnDocuments\IAR_WorkSpace\LPLD_Quad_V3\iar\FLASH_M #
#                    INE\Obj\MyLib.o                                          #
#                                                                             #
#                                                                             #
###############################################################################

E:\ShawnDocuments\IAR_WorkSpace\LPLD_Quad_V3\source\lib\MyLib\MyLib.c
      1          /****************************************************************************** 
      2           *       MyLib.c ----- The lib Function of my Owm          *
      3           *       (c) Copyright 2012 HUST RENESAS LAB,The Department of CSE, HUST       *
      4           *                        All Rights Reserved                                  *
      5           *Filename             :  MyLib.c                                           *
      6           *Programmer(s)        :  Yang Xiang                                           *
      7           *Description          :                                                       *
      8           *Modification History :                                                       *
      9           *01a 2014/3/23 16:52:26                                                       *
     10           ******************************************************************************/
     11          #include "mylib.h"
     12          

   \                                 In section .text, align 2, keep-with-next
     13          GpioPinsEnum_Type PinNum2GpioPin(uint8 pin_num)
     14          {
   \                     PinNum2GpioPin:
   \   00000000   0x0001             MOVS     R1,R0
     15              GpioPinsEnum_Type ret;
     16              if(pin_num <= 31)
   \   00000002   0xB2C9             UXTB     R1,R1            ;; ZeroExt  R1,R1,#+24,#+24
   \   00000004   0x2920             CMP      R1,#+32
   \   00000006   0xF080 0x80AB      BCS.W    ??PinNum2GpioPin_0
     17              {
     18                  switch(pin_num)
   \   0000000A   0xB2C9             UXTB     R1,R1            ;; ZeroExt  R1,R1,#+24,#+24
   \   0000000C   0x2900             CMP      R1,#+0
   \   0000000E   0xD02F             BEQ.N    ??PinNum2GpioPin_1
   \   00000010   0x2902             CMP      R1,#+2
   \   00000012   0xD033             BEQ.N    ??PinNum2GpioPin_2
   \   00000014   0xD32F             BCC.N    ??PinNum2GpioPin_3
   \   00000016   0x2904             CMP      R1,#+4
   \   00000018   0xD036             BEQ.N    ??PinNum2GpioPin_4
   \   0000001A   0xD332             BCC.N    ??PinNum2GpioPin_5
   \   0000001C   0x2906             CMP      R1,#+6
   \   0000001E   0xD039             BEQ.N    ??PinNum2GpioPin_6
   \   00000020   0xD335             BCC.N    ??PinNum2GpioPin_7
   \   00000022   0x2908             CMP      R1,#+8
   \   00000024   0xD03C             BEQ.N    ??PinNum2GpioPin_8
   \   00000026   0xD338             BCC.N    ??PinNum2GpioPin_9
   \   00000028   0x290A             CMP      R1,#+10
   \   0000002A   0xD041             BEQ.N    ??PinNum2GpioPin_10
   \   0000002C   0xD33C             BCC.N    ??PinNum2GpioPin_11
   \   0000002E   0x290C             CMP      R1,#+12
   \   00000030   0xD046             BEQ.N    ??PinNum2GpioPin_12
   \   00000032   0xD341             BCC.N    ??PinNum2GpioPin_13
   \   00000034   0x290E             CMP      R1,#+14
   \   00000036   0xD04B             BEQ.N    ??PinNum2GpioPin_14
   \   00000038   0xD346             BCC.N    ??PinNum2GpioPin_15
   \   0000003A   0x2910             CMP      R1,#+16
   \   0000003C   0xD050             BEQ.N    ??PinNum2GpioPin_16
   \   0000003E   0xD34B             BCC.N    ??PinNum2GpioPin_17
   \   00000040   0x2912             CMP      R1,#+18
   \   00000042   0xD055             BEQ.N    ??PinNum2GpioPin_18
   \   00000044   0xD350             BCC.N    ??PinNum2GpioPin_19
   \   00000046   0x2914             CMP      R1,#+20
   \   00000048   0xD05A             BEQ.N    ??PinNum2GpioPin_20
   \   0000004A   0xD355             BCC.N    ??PinNum2GpioPin_21
   \   0000004C   0x2916             CMP      R1,#+22
   \   0000004E   0xD05F             BEQ.N    ??PinNum2GpioPin_22
   \   00000050   0xD35A             BCC.N    ??PinNum2GpioPin_23
   \   00000052   0x2918             CMP      R1,#+24
   \   00000054   0xD064             BEQ.N    ??PinNum2GpioPin_24
   \   00000056   0xD35F             BCC.N    ??PinNum2GpioPin_25
   \   00000058   0x291A             CMP      R1,#+26
   \   0000005A   0xD069             BEQ.N    ??PinNum2GpioPin_26
   \   0000005C   0xD364             BCC.N    ??PinNum2GpioPin_27
   \   0000005E   0x291C             CMP      R1,#+28
   \   00000060   0xD06E             BEQ.N    ??PinNum2GpioPin_28
   \   00000062   0xD369             BCC.N    ??PinNum2GpioPin_29
   \   00000064   0x291E             CMP      R1,#+30
   \   00000066   0xD073             BEQ.N    ??PinNum2GpioPin_30
   \   00000068   0xD36E             BCC.N    ??PinNum2GpioPin_31
   \   0000006A   0x291F             CMP      R1,#+31
   \   0000006C   0xD074             BEQ.N    ??PinNum2GpioPin_32
   \   0000006E   0xE077             B.N      ??PinNum2GpioPin_33
     19                  {
     20                      case 0 : ret = GPIO_Pin0;
   \                     ??PinNum2GpioPin_1:
   \   00000070   0x2201             MOVS     R2,#+1
   \   00000072   0x0010             MOVS     R0,R2
     21                               break;
   \   00000074   0xE074             B.N      ??PinNum2GpioPin_0
     22                      case 1 : ret = GPIO_Pin1;
   \                     ??PinNum2GpioPin_3:
   \   00000076   0x2202             MOVS     R2,#+2
   \   00000078   0x0010             MOVS     R0,R2
     23                               break;
   \   0000007A   0xE071             B.N      ??PinNum2GpioPin_0
     24                      case 2 : ret = GPIO_Pin2;
   \                     ??PinNum2GpioPin_2:
   \   0000007C   0x2204             MOVS     R2,#+4
   \   0000007E   0x0010             MOVS     R0,R2
     25                               break;
   \   00000080   0xE06E             B.N      ??PinNum2GpioPin_0
     26                      case 3 : ret = GPIO_Pin3;
   \                     ??PinNum2GpioPin_5:
   \   00000082   0x2208             MOVS     R2,#+8
   \   00000084   0x0010             MOVS     R0,R2
     27                               break;
   \   00000086   0xE06B             B.N      ??PinNum2GpioPin_0
     28                      case 4 : ret = GPIO_Pin4;
   \                     ??PinNum2GpioPin_4:
   \   00000088   0x2210             MOVS     R2,#+16
   \   0000008A   0x0010             MOVS     R0,R2
     29                               break;
   \   0000008C   0xE068             B.N      ??PinNum2GpioPin_0
     30                      case 5 : ret = GPIO_Pin5;
   \                     ??PinNum2GpioPin_7:
   \   0000008E   0x2220             MOVS     R2,#+32
   \   00000090   0x0010             MOVS     R0,R2
     31                               break;
   \   00000092   0xE065             B.N      ??PinNum2GpioPin_0
     32                      case 6 : ret = GPIO_Pin6;
   \                     ??PinNum2GpioPin_6:
   \   00000094   0x2240             MOVS     R2,#+64
   \   00000096   0x0010             MOVS     R0,R2
     33                               break;
   \   00000098   0xE062             B.N      ??PinNum2GpioPin_0
     34                      case 7 : ret = GPIO_Pin7;
   \                     ??PinNum2GpioPin_9:
   \   0000009A   0x2280             MOVS     R2,#+128
   \   0000009C   0x0010             MOVS     R0,R2
     35                               break;
   \   0000009E   0xE05F             B.N      ??PinNum2GpioPin_0
     36                      case 8 : ret = GPIO_Pin8;
   \                     ??PinNum2GpioPin_8:
   \   000000A0   0xF44F 0x7280      MOV      R2,#+256
   \   000000A4   0x0010             MOVS     R0,R2
     37                               break;
   \   000000A6   0xE05B             B.N      ??PinNum2GpioPin_0
     38                      case 9 : ret = GPIO_Pin9;
   \                     ??PinNum2GpioPin_11:
   \   000000A8   0xF44F 0x7200      MOV      R2,#+512
   \   000000AC   0x0010             MOVS     R0,R2
     39                               break;
   \   000000AE   0xE057             B.N      ??PinNum2GpioPin_0
     40                      case 10: ret = GPIO_Pin10;
   \                     ??PinNum2GpioPin_10:
   \   000000B0   0xF44F 0x6280      MOV      R2,#+1024
   \   000000B4   0x0010             MOVS     R0,R2
     41                               break;
   \   000000B6   0xE053             B.N      ??PinNum2GpioPin_0
     42                      case 11: ret = GPIO_Pin11;
   \                     ??PinNum2GpioPin_13:
   \   000000B8   0xF44F 0x6200      MOV      R2,#+2048
   \   000000BC   0x0010             MOVS     R0,R2
     43                               break;
   \   000000BE   0xE04F             B.N      ??PinNum2GpioPin_0
     44                      case 12: ret = GPIO_Pin12;
   \                     ??PinNum2GpioPin_12:
   \   000000C0   0xF44F 0x5280      MOV      R2,#+4096
   \   000000C4   0x0010             MOVS     R0,R2
     45                               break;
   \   000000C6   0xE04B             B.N      ??PinNum2GpioPin_0
     46                      case 13: ret = GPIO_Pin13;
   \                     ??PinNum2GpioPin_15:
   \   000000C8   0xF44F 0x5200      MOV      R2,#+8192
   \   000000CC   0x0010             MOVS     R0,R2
     47                               break;
   \   000000CE   0xE047             B.N      ??PinNum2GpioPin_0
     48                      case 14: ret = GPIO_Pin14;
   \                     ??PinNum2GpioPin_14:
   \   000000D0   0xF44F 0x4280      MOV      R2,#+16384
   \   000000D4   0x0010             MOVS     R0,R2
     49                               break;
   \   000000D6   0xE043             B.N      ??PinNum2GpioPin_0
     50                      case 15: ret = GPIO_Pin15;
   \                     ??PinNum2GpioPin_17:
   \   000000D8   0xF44F 0x4200      MOV      R2,#+32768
   \   000000DC   0x0010             MOVS     R0,R2
     51                               break;
   \   000000DE   0xE03F             B.N      ??PinNum2GpioPin_0
     52                      case 16: ret = GPIO_Pin16;
   \                     ??PinNum2GpioPin_16:
   \   000000E0   0xF45F 0x3280      MOVS     R2,#+65536
   \   000000E4   0x0010             MOVS     R0,R2
     53                               break;
   \   000000E6   0xE03B             B.N      ??PinNum2GpioPin_0
     54                      case 17: ret = GPIO_Pin17;
   \                     ??PinNum2GpioPin_19:
   \   000000E8   0xF45F 0x3200      MOVS     R2,#+131072
   \   000000EC   0x0010             MOVS     R0,R2
     55                               break;
   \   000000EE   0xE037             B.N      ??PinNum2GpioPin_0
     56                      case 18: ret = GPIO_Pin18;
   \                     ??PinNum2GpioPin_18:
   \   000000F0   0xF45F 0x2280      MOVS     R2,#+262144
   \   000000F4   0x0010             MOVS     R0,R2
     57                               break;
   \   000000F6   0xE033             B.N      ??PinNum2GpioPin_0
     58                      case 19: ret = GPIO_Pin19;
   \                     ??PinNum2GpioPin_21:
   \   000000F8   0xF45F 0x2200      MOVS     R2,#+524288
   \   000000FC   0x0010             MOVS     R0,R2
     59                               break;
   \   000000FE   0xE02F             B.N      ??PinNum2GpioPin_0
     60                      case 20: ret = GPIO_Pin20;
   \                     ??PinNum2GpioPin_20:
   \   00000100   0xF45F 0x1280      MOVS     R2,#+1048576
   \   00000104   0x0010             MOVS     R0,R2
     61                               break;
   \   00000106   0xE02B             B.N      ??PinNum2GpioPin_0
     62                      case 21: ret = GPIO_Pin21;
   \                     ??PinNum2GpioPin_23:
   \   00000108   0xF45F 0x1200      MOVS     R2,#+2097152
   \   0000010C   0x0010             MOVS     R0,R2
     63                               break;
   \   0000010E   0xE027             B.N      ??PinNum2GpioPin_0
     64                      case 22: ret = GPIO_Pin22;
   \                     ??PinNum2GpioPin_22:
   \   00000110   0xF45F 0x0280      MOVS     R2,#+4194304
   \   00000114   0x0010             MOVS     R0,R2
     65                               break;
   \   00000116   0xE023             B.N      ??PinNum2GpioPin_0
     66                      case 23: ret = GPIO_Pin23;
   \                     ??PinNum2GpioPin_25:
   \   00000118   0xF45F 0x0200      MOVS     R2,#+8388608
   \   0000011C   0x0010             MOVS     R0,R2
     67                               break;
   \   0000011E   0xE01F             B.N      ??PinNum2GpioPin_0
     68                      case 24: ret = GPIO_Pin24;
   \                     ??PinNum2GpioPin_24:
   \   00000120   0xF05F 0x7280      MOVS     R2,#+16777216
   \   00000124   0x0010             MOVS     R0,R2
     69                               break;
   \   00000126   0xE01B             B.N      ??PinNum2GpioPin_0
     70                      case 25: ret = GPIO_Pin25;
   \                     ??PinNum2GpioPin_27:
   \   00000128   0xF05F 0x7200      MOVS     R2,#+33554432
   \   0000012C   0x0010             MOVS     R0,R2
     71                               break;
   \   0000012E   0xE017             B.N      ??PinNum2GpioPin_0
     72                      case 26: ret = GPIO_Pin26;
   \                     ??PinNum2GpioPin_26:
   \   00000130   0xF05F 0x6280      MOVS     R2,#+67108864
   \   00000134   0x0010             MOVS     R0,R2
     73                               break;
   \   00000136   0xE013             B.N      ??PinNum2GpioPin_0
     74                      case 27: ret = GPIO_Pin27;
   \                     ??PinNum2GpioPin_29:
   \   00000138   0xF05F 0x6200      MOVS     R2,#+134217728
   \   0000013C   0x0010             MOVS     R0,R2
     75                               break;
   \   0000013E   0xE00F             B.N      ??PinNum2GpioPin_0
     76                      case 28: ret = GPIO_Pin28;
   \                     ??PinNum2GpioPin_28:
   \   00000140   0xF05F 0x5280      MOVS     R2,#+268435456
   \   00000144   0x0010             MOVS     R0,R2
     77                               break;
   \   00000146   0xE00B             B.N      ??PinNum2GpioPin_0
     78                      case 29: ret = GPIO_Pin29;
   \                     ??PinNum2GpioPin_31:
   \   00000148   0xF05F 0x5200      MOVS     R2,#+536870912
   \   0000014C   0x0010             MOVS     R0,R2
     79                               break;
   \   0000014E   0xE007             B.N      ??PinNum2GpioPin_0
     80                      case 30: ret = GPIO_Pin30;
   \                     ??PinNum2GpioPin_30:
   \   00000150   0xF05F 0x4280      MOVS     R2,#+1073741824
   \   00000154   0x0010             MOVS     R0,R2
     81                               break;
   \   00000156   0xE003             B.N      ??PinNum2GpioPin_0
     82                      case 31: ret = GPIO_Pin31;
   \                     ??PinNum2GpioPin_32:
   \   00000158   0xF05F 0x4200      MOVS     R2,#-2147483648
   \   0000015C   0x0010             MOVS     R0,R2
     83                               break;
   \   0000015E   0xE7FF             B.N      ??PinNum2GpioPin_0
     84                      default:
     85                               break;
     86                  }
     87              }
     88              return ret;
   \                     ??PinNum2GpioPin_33:
   \                     ??PinNum2GpioPin_0:
   \   00000160   0x4770             BX       LR               ;; return
     89          }

   Maximum stack usage in bytes:

   .cstack Function
   ------- --------
        0  PinNum2GpioPin


   Section sizes:

   Bytes  Function/Label
   -----  --------------
     354  PinNum2GpioPin

 
 354 bytes in section .text
 
 354 bytes of CODE memory

Errors: none
Warnings: none
