###############################################################################
#                                                                             #
# IAR ANSI C/C++ Compiler V6.40.1.53790/W32 for ARM     07/Aug/2014  15:34:42 #
# Copyright 1999-2012 IAR Systems AB.                                         #
#                                                                             #
#    Cpu mode     =  thumb                                                    #
#    Endian       =  little                                                   #
#    Source file  =  E:\ShawnDocuments\IAR_WorkSpace\LPLD_Quad_V3\source\lib\ #
#                    CPU\system_MK60DZ10.c                                    #
#    Command line =  E:\ShawnDocuments\IAR_WorkSpace\LPLD_Quad_V3\source\lib\ #
#                    CPU\system_MK60DZ10.c -D LPLD_K60 -lCN                   #
#                    E:\ShawnDocuments\IAR_WorkSpace\LPLD_Quad_V3\iar\FLASH_M #
#                    INE\List\ -lB E:\ShawnDocuments\IAR_WorkSpace\LPLD_Quad_ #
#                    V3\iar\FLASH_MINE\List\ -o E:\ShawnDocuments\IAR_WorkSpa #
#                    ce\LPLD_Quad_V3\iar\FLASH_MINE\Obj\ --no_cse             #
#                    --no_unroll --no_inline --no_code_motion --no_tbaa       #
#                    --no_clustering --no_scheduling --debug --endian=little  #
#                    --cpu=Cortex-M4 -e --fpu=None --dlib_config "D:\Program  #
#                    Files\IAR Systems\Embedded Workbench                     #
#                    6.4\arm\INC\c\DLib_Config_Normal.h" -I                   #
#                    E:\ShawnDocuments\IAR_WorkSpace\LPLD_Quad_V3\iar\..\sour #
#                    ce\app\ -I E:\ShawnDocuments\IAR_WorkSpace\LPLD_Quad_V3\ #
#                    iar\..\source\app\Control\ -I                            #
#                    E:\ShawnDocuments\IAR_WorkSpace\LPLD_Quad_V3\iar\..\sour #
#                    ce\app\Others\ -I E:\ShawnDocuments\IAR_WorkSpace\LPLD_Q #
#                    uad_V3\iar\..\source\app\Communicate\ -I                 #
#                    E:\ShawnDocuments\IAR_WorkSpace\LPLD_Quad_V3\iar\..\sour #
#                    ce\app\Algorithm\ -I E:\ShawnDocuments\IAR_WorkSpace\LPL #
#                    D_Quad_V3\iar\..\source\app\SignalProcess\ -I            #
#                    E:\ShawnDocuments\IAR_WorkSpace\LPLD_Quad_V3\iar\..\sour #
#                    ce\module\ -I E:\ShawnDocuments\IAR_WorkSpace\LPLD_Quad_ #
#                    V3\iar\..\source\module\anbt_dmp\ -I                     #
#                    E:\ShawnDocuments\IAR_WorkSpace\LPLD_Quad_V3\iar\..\sour #
#                    ce\module\eMPL\ -I E:\ShawnDocuments\IAR_WorkSpace\LPLD_ #
#                    Quad_V3\iar\..\source\lib\CPU\ -I                        #
#                    E:\ShawnDocuments\IAR_WorkSpace\LPLD_Quad_V3\iar\..\sour #
#                    ce\lib\common\ -I E:\ShawnDocuments\IAR_WorkSpace\LPLD_Q #
#                    uad_V3\iar\..\source\lib\LPLD\ -I                        #
#                    E:\ShawnDocuments\IAR_WorkSpace\LPLD_Quad_V3\iar\..\sour #
#                    ce\lib\LPLD\HW\ -I E:\ShawnDocuments\IAR_WorkSpace\LPLD_ #
#                    Quad_V3\iar\..\source\lib\LPLD\DEV\ -I                   #
#                    E:\ShawnDocuments\IAR_WorkSpace\LPLD_Quad_V3\iar\..\sour #
#                    ce\lib\uCOS-II\Ports\ -I E:\ShawnDocuments\IAR_WorkSpace #
#                    \LPLD_Quad_V3\iar\..\source\lib\uCOS-II\Source\ -I       #
#                    E:\ShawnDocuments\IAR_WorkSpace\LPLD_Quad_V3\iar\..\sour #
#                    ce\lib\FatFs\ -I E:\ShawnDocuments\IAR_WorkSpace\LPLD_Qu #
#                    ad_V3\iar\..\source\lib\FatFs\option\ -I                 #
#                    E:\ShawnDocuments\IAR_WorkSpace\LPLD_Quad_V3\iar\..\sour #
#                    ce\lib\USB\common\ -I E:\ShawnDocuments\IAR_WorkSpace\LP #
#                    LD_Quad_V3\iar\..\source\lib\USB\driver\ -I              #
#                    E:\ShawnDocuments\IAR_WorkSpace\LPLD_Quad_V3\iar\..\sour #
#                    ce\lib\USB\descriptor\ -I E:\ShawnDocuments\IAR_WorkSpac #
#                    e\LPLD_Quad_V3\iar\..\source\lib\USB\class\ -I           #
#                    E:\ShawnDocuments\IAR_WorkSpace\LPLD_Quad_V3\iar\..\sour #
#                    ce\lib\MyLib\ -On -I "D:\Program Files\IAR               #
#                    Systems\Embedded Workbench 6.4\arm\CMSIS\Include\" -D    #
#                    ARM_MATH_CM4                                             #
#    List file    =  E:\ShawnDocuments\IAR_WorkSpace\LPLD_Quad_V3\iar\FLASH_M #
#                    INE\List\system_MK60DZ10.lst                             #
#    Object file  =  E:\ShawnDocuments\IAR_WorkSpace\LPLD_Quad_V3\iar\FLASH_M #
#                    INE\Obj\system_MK60DZ10.o                                #
#                                                                             #
#                                                                             #
###############################################################################

E:\ShawnDocuments\IAR_WorkSpace\LPLD_Quad_V3\source\lib\CPU\system_MK60DZ10.c
      1          /**
      2           * @file system_MK60DZ10.c
      3           * @version 1.2.1[By LPLD]
      4           * @date 2013-06-18
      5           * @brief MK60DZ10系列单片机系统配置文件
      6           *
      7           * 更改建议:禁止修改
      8           *
      9           * 该代码提供系统配置函数以及一个储存系统主频的全局变量。
     10           * 配置函数主要负责建立系统各模块的时钟。
     11           * 代码还实现常见的系统中断函数。
     12           *
     13           * 版权所有:北京拉普兰德电子技术有限公司
     14           * http://www.lpld.cn
     15           * mail:support@lpld.cn
     16           *
     17           * @par
     18           * 本代码由拉普兰德[LPLD]开发并维护，并向所有使用者开放源代码。
     19           * 开发者可以随意修使用或改源代码。但本段及以上注释应予以保留。
     20           * 不得更改或删除原版权所有者姓名，二次开发者可以加注二次版权所有者。
     21           * 但应在遵守此协议的基础上，开放源代码、不得出售代码本身。
     22           * 拉普兰德不负责由于使用本代码所带来的任何事故、法律责任或相关不良影响。
     23           * 拉普兰德无义务解释、说明本代码的具体原理、功能、实现方法。
     24           * 除非拉普兰德[LPLD]授权，开发者不得将本代码用于商业产品。
     25           */
     26          
     27          #include <stdint.h>
     28          #include "common.h"
     29          
     30          #define DISABLE_WDOG    1
     31          
     32          /*----------------------------------------------------------------------------
     33            定义时钟相关值
     34           *----------------------------------------------------------------------------*/
     35          #define CPU_XTAL_CLK_HZ                 50000000u       //外部有源晶振频率，单位Hz
     36          #define CPU_XTAL32k_CLK_HZ              32768u          //外部32k时钟晶振频率，单位Hz    
     37          #define CPU_INT_SLOW_CLK_HZ             32768u          //慢速内部振荡器的值，单位Hz
     38          #define CPU_INT_FAST_CLK_HZ             4000000u        //快速内部振荡器的值，单位Hz
     39          #define DEFAULT_SYSTEM_CLOCK            100000000u      //默认系统主频，单位Hz
     40          
     41          /**
     42           * @brief 系统主频（单位Hz）
     43           */

   \                                 In section .data, align 4
     44          uint32_t SystemCoreClock = DEFAULT_SYSTEM_CLOCK;
   \                     SystemCoreClock:
   \   00000000   0x05F5E100         DC32 100000000
     45          
     46          /**
     47           * 初始化系统
     48           *
     49           * @param  none
     50           * @return none
     51           *
     52           * @brief  初始化MCU硬件系统，包括开放IO时钟、初始化主频、初始化调试串口，
     53           *         打印调试信息。SystemInit由MCU启动文件调用。
     54           *         
     55           */

   \                                 In section .text, align 2, keep-with-next
     56          void SystemInit (void) {
   \                     SystemInit:
   \   00000000   0xB500             PUSH     {LR}
   \   00000002   0xB087             SUB      SP,SP,#+28
     57            UART_InitTypeDef term_port_structure;
     58            //使能全部IO时钟
     59            SIM->SCGC5 |= (SIM_SCGC5_PORTA_MASK
     60                        | SIM_SCGC5_PORTB_MASK
     61                        | SIM_SCGC5_PORTC_MASK
     62                        | SIM_SCGC5_PORTD_MASK
     63                        | SIM_SCGC5_PORTE_MASK );
   \   00000004   0x....             LDR.N    R0,??DataTable1  ;; 0x40048038
   \   00000006   0x6800             LDR      R0,[R0, #+0]
   \   00000008   0xF450 0x5078      ORRS     R0,R0,#0x3E00
   \   0000000C   0x....             LDR.N    R1,??DataTable1  ;; 0x40048038
   \   0000000E   0x6008             STR      R0,[R1, #+0]
     64          #if (DISABLE_WDOG)
     65            //禁用看门狗模块
     66            /* WDOG_UNLOCK: WDOGUNLOCK=0xC520 */
     67            WDOG->UNLOCK = (uint16_t)0xC520u;     /* Key 1 */
   \   00000010   0x....             LDR.N    R0,??DataTable1_1  ;; 0x4005200e
   \   00000012   0xF24C 0x5120      MOVW     R1,#+50464
   \   00000016   0x8001             STRH     R1,[R0, #+0]
     68            /* WDOG_UNLOCK : WDOGUNLOCK=0xD928 */
     69            WDOG->UNLOCK  = (uint16_t)0xD928u;    /* Key 2 */
   \   00000018   0x....             LDR.N    R0,??DataTable1_1  ;; 0x4005200e
   \   0000001A   0xF64D 0x1128      MOVW     R1,#+55592
   \   0000001E   0x8001             STRH     R1,[R0, #+0]
     70            /* WDOG_STCTRLH: ??=0,DISTESTWDOG=0,BYTESEL=0,TESTSEL=0,TESTWDOG=0,??=0,STNDBYEN=1,WAITEN=1,STOPEN=1,DBGEN=0,ALLOWUPDATE=1,WINEN=0,IRQRSTEN=0,CLKSRC=1,WDOGEN=0 */
     71            WDOG->STCTRLH = (uint16_t)0x01D2u;
   \   00000020   0x....             LDR.N    R0,??DataTable1_2  ;; 0x40052000
   \   00000022   0xF44F 0x71E9      MOV      R1,#+466
   \   00000026   0x8001             STRH     R1,[R0, #+0]
     72          #endif /* (DISABLE_WDOG) */
     73            
     74            //将中断向量表、需在RAM中运行的函数等数据拷贝到RAM中
     75            common_relocate();
   \   00000028   0x.... 0x....      BL       common_relocate
     76            
     77            //初始化各部分时钟：系统内核主频、总线时钟、FlexBus时钟、Flash时钟
     78            LPLD_PLL_Setup(CORE_CLK_MHZ);
   \   0000002C   0x2064             MOVS     R0,#+100
   \   0000002E   0x.... 0x....      BL       LPLD_PLL_Setup
     79            
     80            //更新内核主频
     81            SystemCoreClockUpdate();
   \   00000032   0x.... 0x....      BL       SystemCoreClockUpdate
     82            
     83            //获取各部分时钟
     84            g_core_clock = SystemCoreClock;
   \   00000036   0x....             LDR.N    R0,??DataTable1_3
   \   00000038   0x....             LDR.N    R1,??DataTable1_4
   \   0000003A   0x6809             LDR      R1,[R1, #+0]
   \   0000003C   0x6001             STR      R1,[R0, #+0]
     85            g_bus_clock = g_core_clock / ((uint32_t)((SIM->CLKDIV1 & SIM_CLKDIV1_OUTDIV2_MASK) >> SIM_CLKDIV1_OUTDIV2_SHIFT)+ 1u);
   \   0000003E   0x....             LDR.N    R0,??DataTable1_3
   \   00000040   0x6800             LDR      R0,[R0, #+0]
   \   00000042   0x....             LDR.N    R1,??DataTable1_5  ;; 0x40048044
   \   00000044   0x6809             LDR      R1,[R1, #+0]
   \   00000046   0xF3C1 0x6103      UBFX     R1,R1,#+24,#+4
   \   0000004A   0x1C49             ADDS     R1,R1,#+1
   \   0000004C   0xFBB0 0xF0F1      UDIV     R0,R0,R1
   \   00000050   0x....             LDR.N    R1,??DataTable1_6
   \   00000052   0x6008             STR      R0,[R1, #+0]
     86            g_flexbus_clock =  g_core_clock / ((uint32_t)((SIM->CLKDIV1 & SIM_CLKDIV1_OUTDIV3_MASK) >> SIM_CLKDIV1_OUTDIV3_SHIFT)+ 1u);
   \   00000054   0x....             LDR.N    R0,??DataTable1_3
   \   00000056   0x6800             LDR      R0,[R0, #+0]
   \   00000058   0x....             LDR.N    R1,??DataTable1_5  ;; 0x40048044
   \   0000005A   0x6809             LDR      R1,[R1, #+0]
   \   0000005C   0xF3C1 0x5103      UBFX     R1,R1,#+20,#+4
   \   00000060   0x1C49             ADDS     R1,R1,#+1
   \   00000062   0xFBB0 0xF0F1      UDIV     R0,R0,R1
   \   00000066   0x....             LDR.N    R1,??DataTable1_7
   \   00000068   0x6008             STR      R0,[R1, #+0]
     87            g_flash_clock =  g_core_clock / ((uint32_t)((SIM->CLKDIV1 & SIM_CLKDIV1_OUTDIV4_MASK) >> SIM_CLKDIV1_OUTDIV4_SHIFT)+ 1u);
   \   0000006A   0x....             LDR.N    R0,??DataTable1_3
   \   0000006C   0x6800             LDR      R0,[R0, #+0]
   \   0000006E   0x....             LDR.N    R1,??DataTable1_5  ;; 0x40048044
   \   00000070   0x6809             LDR      R1,[R1, #+0]
   \   00000072   0xF3C1 0x4103      UBFX     R1,R1,#+16,#+4
   \   00000076   0x1C49             ADDS     R1,R1,#+1
   \   00000078   0xFBB0 0xF0F1      UDIV     R0,R0,R1
   \   0000007C   0x....             LDR.N    R1,??DataTable1_8
   \   0000007E   0x6008             STR      R0,[R1, #+0]
     88            
     89            //初始化用于打印调试信息的串口模块
     90            //TERM_PORT为UART通道，在k60_card.h中定义
     91            //TERMINAL_BAUD为UART波特率，在k60_card.h中定义
     92            term_port_structure.UART_Uartx = TERM_PORT;
   \   00000080   0x....             LDR.N    R0,??DataTable1_9  ;; 0x4006b000
   \   00000082   0x9001             STR      R0,[SP, #+4]
     93            term_port_structure.UART_BaudRate = TERMINAL_BAUD;
   \   00000084   0xF45F 0x30E1      MOVS     R0,#+115200
   \   00000088   0x9002             STR      R0,[SP, #+8]
     94            LPLD_UART_Init(term_port_structure);
   \   0000008A   0xA901             ADD      R1,SP,#+4
   \   0000008C   0xB084             SUB      SP,SP,#+16
   \   0000008E   0x4668             MOV      R0,SP
   \   00000090   0x2214             MOVS     R2,#+20
   \   00000092   0x.... 0x....      BL       __aeabi_memcpy4
   \   00000096   0xBC0F             POP      {R0-R3}
   \   00000098   0x.... 0x....      BL       LPLD_UART_Init
     95            
     96            //打印系统调试信息
     97          #ifdef DEBUG_PRINT     
     98            printf("\r\n");   
     99            printf("*********** 基于拉普兰德K60底层库 http://www.lpld.cn ***********\r\n");
    100            printf("OSKinetis固件库版本:%s\tmail:support@lpld.cn\r\n", OSKinetis_Version);
    101            printf("系统内核时钟:%dMHz\t总线时钟:%dMHz\r\n", g_core_clock/1000000u, g_bus_clock/1000000u);
    102            printf("FlexBus时钟:%dMHz\tFlash时钟:%dMHz\r\n", g_flexbus_clock/1000000u, g_flash_clock/1000000u);
    103            printf("系统启动完毕，若要禁用调试输出请定义PRINT_ON_OFF为1(k60_card.h)\r\n");
    104            printf("********************************************************************\r\n");
    105          #endif
    106            
    107          }
   \   0000009C   0xB007             ADD      SP,SP,#+28
   \   0000009E   0xBD00             POP      {PC}             ;; return
    108          
    109          /**
    110           * 更新SystemCoreClock
    111           *
    112           * @param  none
    113           * @return none
    114           *
    115           * @brief  更新全局变量SystemCoreClock的值，以便获取最新的系统内核频率。
    116           *         
    117           */

   \                                 In section .text, align 2, keep-with-next
    118          void SystemCoreClockUpdate (void) {
    119            uint32_t temp;
    120            temp =  CPU_XTAL_CLK_HZ *((uint32_t)(MCG->C6 & MCG_C6_VDIV_MASK) + 24u );
   \                     SystemCoreClockUpdate:
   \   00000000   0x....             LDR.N    R1,??DataTable1_10  ;; 0x40064005
   \   00000002   0x7809             LDRB     R1,[R1, #+0]
   \   00000004   0xB2C9             UXTB     R1,R1            ;; ZeroExt  R1,R1,#+24,#+24
   \   00000006   0xF011 0x011F      ANDS     R1,R1,#0x1F
   \   0000000A   0x3118             ADDS     R1,R1,#+24
   \   0000000C   0x....             LDR.N    R2,??DataTable1_11  ;; 0x2faf080
   \   0000000E   0x4351             MULS     R1,R2,R1
   \   00000010   0x0008             MOVS     R0,R1
    121            temp = (uint32_t)(temp/((uint32_t)(MCG->C5 & MCG_C5_PRDIV_MASK) +1u ));
   \   00000012   0x....             LDR.N    R1,??DataTable1_12  ;; 0x40064004
   \   00000014   0x7809             LDRB     R1,[R1, #+0]
   \   00000016   0xB2C9             UXTB     R1,R1            ;; ZeroExt  R1,R1,#+24,#+24
   \   00000018   0xF011 0x011F      ANDS     R1,R1,#0x1F
   \   0000001C   0x1C49             ADDS     R1,R1,#+1
   \   0000001E   0xFBB0 0xF0F1      UDIV     R0,R0,R1
    122            SystemCoreClock = temp;
   \   00000022   0x....             LDR.N    R1,??DataTable1_4
   \   00000024   0x6008             STR      R0,[R1, #+0]
    123          }
   \   00000026   0x4770             BX       LR               ;; return
    124          
    125          /**
    126           * 硬件错误中断函数
    127           *
    128           * @param  none
    129           * @return none
    130           *
    131           * @brief  触发此中断的原因一般为：模块使用未初始化、错误的寻址空间等。
    132           *         
    133           */

   \                                 In section .text, align 2, keep-with-next
    134          void HardFault_Handler(void)
    135          {
    136          #ifdef DEBUG_PRINT 
    137             printf("\r\n****内核发生硬件错误*****\r\n");
    138          #endif
    139             return;
   \                     HardFault_Handler:
   \   00000000   0x4770             BX       LR               ;; return
    140          }
    141          
    142          /**
    143           * 默认中断函数
    144           *
    145           * @param  none
    146           * @return none
    147           *
    148           * @brief  未定义中断处理函数的中断源会进入此函数，并打印中断向量号。
    149           *         
    150           */

   \                                 In section .text, align 2, keep-with-next
    151          void DefaultISR(void)
    152          {
    153             #define VECTORNUM                     (*(volatile uint8_t*)(0xE000ED04)) 
    154          #ifdef DEBUG_PRINT 
    155             printf("\r\n****进入未定义中断,Interrupt Number %d*****\r\n",VECTORNUM-16);
    156          #endif
    157             return;
   \                     DefaultISR:
   \   00000000   0x4770             BX       LR               ;; return
    158          }

   \                                 In section .text, align 4, keep-with-next
   \                     ??DataTable1:
   \   00000000   0x40048038         DC32     0x40048038

   \                                 In section .text, align 4, keep-with-next
   \                     ??DataTable1_1:
   \   00000000   0x4005200E         DC32     0x4005200e

   \                                 In section .text, align 4, keep-with-next
   \                     ??DataTable1_2:
   \   00000000   0x40052000         DC32     0x40052000

   \                                 In section .text, align 4, keep-with-next
   \                     ??DataTable1_3:
   \   00000000   0x........         DC32     g_core_clock

   \                                 In section .text, align 4, keep-with-next
   \                     ??DataTable1_4:
   \   00000000   0x........         DC32     SystemCoreClock

   \                                 In section .text, align 4, keep-with-next
   \                     ??DataTable1_5:
   \   00000000   0x40048044         DC32     0x40048044

   \                                 In section .text, align 4, keep-with-next
   \                     ??DataTable1_6:
   \   00000000   0x........         DC32     g_bus_clock

   \                                 In section .text, align 4, keep-with-next
   \                     ??DataTable1_7:
   \   00000000   0x........         DC32     g_flexbus_clock

   \                                 In section .text, align 4, keep-with-next
   \                     ??DataTable1_8:
   \   00000000   0x........         DC32     g_flash_clock

   \                                 In section .text, align 4, keep-with-next
   \                     ??DataTable1_9:
   \   00000000   0x4006B000         DC32     0x4006b000

   \                                 In section .text, align 4, keep-with-next
   \                     ??DataTable1_10:
   \   00000000   0x40064005         DC32     0x40064005

   \                                 In section .text, align 4, keep-with-next
   \                     ??DataTable1_11:
   \   00000000   0x02FAF080         DC32     0x2faf080

   \                                 In section .text, align 4, keep-with-next
   \                     ??DataTable1_12:
   \   00000000   0x40064004         DC32     0x40064004
    159          
    160          /**
    161           * 初始化操作系统的滴答定时器(OS Tick)
    162           *
    163           * @param  none
    164           * @return none
    165           *
    166           * @brief  该函数仅在uC/OS等系统中调用，切必须在OSStart()和处理器初始化后调用
    167           *         
    168           */
    169          #if UCOS_II > 0u
    170          void SystemTickInit (void)
    171          {
    172            uint32  cpu_clk_freq;
    173            uint32  cnts;
    174          
    175            cpu_clk_freq = g_core_clock;  //获取SysTick时钟
    176          
    177          #if (OS_VERSION >= 30000u)
    178            cnts  = cpu_clk_freq / (uint32)OSCfg_TickRate_Hz;    
    179          #else
    180            cnts  = cpu_clk_freq / (uint32)OS_TICKS_PER_SEC;        
    181          #endif
    182          
    183            OS_CPU_SysTickInit(cnts);     //初始化uCOS滴答定时器SysTick
    184          }
    185          #endif
    186          

   Maximum stack usage in bytes:

   .cstack Function
   ------- --------
        0  DefaultISR
        0  HardFault_Handler
        0  SystemCoreClockUpdate
       48  SystemInit
             32 -> LPLD_PLL_Setup
             32 -> LPLD_UART_Init
             32 -> SystemCoreClockUpdate
             48 -> __aeabi_memcpy4
             32 -> common_relocate


   Section sizes:

   Bytes  Function/Label
   -----  --------------
       4  ??DataTable1
       4  ??DataTable1_1
       4  ??DataTable1_10
       4  ??DataTable1_11
       4  ??DataTable1_12
       4  ??DataTable1_2
       4  ??DataTable1_3
       4  ??DataTable1_4
       4  ??DataTable1_5
       4  ??DataTable1_6
       4  ??DataTable1_7
       4  ??DataTable1_8
       4  ??DataTable1_9
       2  DefaultISR
       2  HardFault_Handler
       4  SystemCoreClock
      40  SystemCoreClockUpdate
     160  SystemInit

 
   4 bytes in section .data
 256 bytes in section .text
 
 256 bytes of CODE memory
   4 bytes of DATA memory

Errors: none
Warnings: none
