###############################################################################
#                                                                             #
# IAR ANSI C/C++ Compiler V6.40.1.53790/W32 for ARM     21/Mar/2014  14:38:58 #
# Copyright 1999-2012 IAR Systems AB.                                         #
#                                                                             #
#    Cpu mode     =  thumb                                                    #
#    Endian       =  little                                                   #
#    Source file  =  E:\ShawnDocuments\IAR_WorkSpace\LPLD_Quad_V2\source\lib\ #
#                    common\io.c                                              #
#    Command line =  E:\ShawnDocuments\IAR_WorkSpace\LPLD_Quad_V2\source\lib\ #
#                    common\io.c -D LPLD_K60 -lCN                             #
#                    E:\ShawnDocuments\IAR_WorkSpace\LPLD_Quad_V2\iar\BOOT\Li #
#                    st\ -lB E:\ShawnDocuments\IAR_WorkSpace\LPLD_Quad_V2\iar #
#                    \BOOT\List\ -o E:\ShawnDocuments\IAR_WorkSpace\LPLD_Quad #
#                    _V2\iar\BOOT\Obj\ --no_cse --no_unroll --no_inline       #
#                    --no_code_motion --no_tbaa --no_clustering               #
#                    --no_scheduling --debug --endian=little --cpu=Cortex-M4  #
#                    -e --fpu=None --dlib_config "D:\Program Files\IAR        #
#                    Systems\Embedded Workbench 6.4\arm\INC\c\DLib_Config_Nor #
#                    mal.h" -I E:\ShawnDocuments\IAR_WorkSpace\LPLD_Quad_V2\i #
#                    ar\..\source\app\ -I E:\ShawnDocuments\IAR_WorkSpace\LPL #
#                    D_Quad_V2\iar\..\source\module\ -I                       #
#                    E:\ShawnDocuments\IAR_WorkSpace\LPLD_Quad_V2\iar\..\sour #
#                    ce\lib\CPU\ -I E:\ShawnDocuments\IAR_WorkSpace\LPLD_Quad #
#                    _V2\iar\..\source\lib\common\ -I                         #
#                    E:\ShawnDocuments\IAR_WorkSpace\LPLD_Quad_V2\iar\..\sour #
#                    ce\lib\LPLD\ -I E:\ShawnDocuments\IAR_WorkSpace\LPLD_Qua #
#                    d_V2\iar\..\source\lib\LPLD\HW\ -I                       #
#                    E:\ShawnDocuments\IAR_WorkSpace\LPLD_Quad_V2\iar\..\sour #
#                    ce\lib\LPLD\DEV\ -I E:\ShawnDocuments\IAR_WorkSpace\LPLD #
#                    _Quad_V2\iar\..\source\lib\uCOS-II\Ports\ -I             #
#                    E:\ShawnDocuments\IAR_WorkSpace\LPLD_Quad_V2\iar\..\sour #
#                    ce\lib\uCOS-II\Source\ -I E:\ShawnDocuments\IAR_WorkSpac #
#                    e\LPLD_Quad_V2\iar\..\source\lib\FatFs\ -I               #
#                    E:\ShawnDocuments\IAR_WorkSpace\LPLD_Quad_V2\iar\..\sour #
#                    ce\lib\FatFs\option\ -I E:\ShawnDocuments\IAR_WorkSpace\ #
#                    LPLD_Quad_V2\iar\..\source\lib\USB\common\ -I            #
#                    E:\ShawnDocuments\IAR_WorkSpace\LPLD_Quad_V2\iar\..\sour #
#                    ce\lib\USB\driver\ -I E:\ShawnDocuments\IAR_WorkSpace\LP #
#                    LD_Quad_V2\iar\..\source\lib\USB\descriptor\ -I          #
#                    E:\ShawnDocuments\IAR_WorkSpace\LPLD_Quad_V2\iar\..\sour #
#                    ce\lib\USB\class\ -Ol -I "D:\Program Files\IAR           #
#                    Systems\Embedded Workbench 6.4\arm\CMSIS\Include\" -D    #
#                    ARM_MATH_CM4                                             #
#    List file    =  E:\ShawnDocuments\IAR_WorkSpace\LPLD_Quad_V2\iar\BOOT\Li #
#                    st\io.lst                                                #
#    Object file  =  E:\ShawnDocuments\IAR_WorkSpace\LPLD_Quad_V2\iar\BOOT\Ob #
#                    j\io.o                                                   #
#                                                                             #
#                                                                             #
###############################################################################

E:\ShawnDocuments\IAR_WorkSpace\LPLD_Quad_V2\source\lib\common\io.c
      1          /**
      2           * @file io.c
      3           * @version 3.01[By LPLD]
      4           * @date 2013-11-4
      5           * @brief 串行输入/输出函数
      6           *
      7           * 更改建议:不建议修改
      8           *
      9           * TERMINAL_PORT为串口号，在用户工程的k60_card.h中定义
     10           *
     11           * 版权所有:北京拉普兰德电子技术有限公司
     12           * http://www.lpld.cn
     13           * mail:support@lpld.cn
     14           *
     15           * @par
     16           * 本代码由拉普兰德[LPLD]开发并维护，并向所有使用者开放源代码。
     17           * 开发者可以随意修使用或改源代码。但本段及以上注释应予以保留。
     18           * 不得更改或删除原版权所有者姓名，二次开发者可以加注二次版权所有者。
     19           * 但应在遵守此协议的基础上，开放源代码、不得出售代码本身。
     20           * 拉普兰德不负责由于使用本代码所带来的任何事故、法律责任或相关不良影响。
     21           * 拉普兰德无义务解释、说明本代码的具体原理、功能、实现方法。
     22           * 除非拉普兰德[LPLD]授权，开发者不得将本代码用于商业产品。
     23           */
     24          
     25          #include "common.h"
     26          #include "HW_UART.h"
     27          
     28          /********************************************************************/

   \                                 In section .text, align 2, keep-with-next
     29          int8 in_char (void)
     30          {
   \                     in_char:
   \   00000000   0xB580             PUSH     {R7,LR}
     31          	return LPLD_UART_GetChar(TERM_PORT);
   \   00000002   0x....             LDR.N    R0,??DataTable2  ;; 0x400eb000
   \   00000004   0x.... 0x....      BL       LPLD_UART_GetChar
   \   00000008   0xBD02             POP      {R1,PC}          ;; return
     32          }
     33          /********************************************************************/

   \                                 In section .text, align 2, keep-with-next
     34          void out_char (int8 ch)
     35          {
   \                     out_char:
   \   00000000   0xB580             PUSH     {R7,LR}
     36          	LPLD_UART_PutChar(TERM_PORT, ch);
   \   00000002   0x0001             MOVS     R1,R0
   \   00000004   0xB249             SXTB     R1,R1            ;; SignExt  R1,R1,#+24,#+24
   \   00000006   0x....             LDR.N    R0,??DataTable2  ;; 0x400eb000
   \   00000008   0x.... 0x....      BL       LPLD_UART_PutChar
     37          }
   \   0000000C   0xBD01             POP      {R0,PC}          ;; return
     38          /********************************************************************/

   \                                 In section .text, align 2, keep-with-next
     39          int32 char_present (void)
     40          {
   \                     char_present:
   \   00000000   0xB580             PUSH     {R7,LR}
     41          	return LPLD_UART_GetChar_Present(TERM_PORT);
   \   00000002   0x....             LDR.N    R0,??DataTable2  ;; 0x400eb000
   \   00000004   0x.... 0x....      BL       LPLD_UART_GetChar_Present
   \   00000008   0xBD02             POP      {R1,PC}          ;; return
     42          }

   \                                 In section .text, align 4, keep-with-next
   \                     ??DataTable2:
   \   00000000   0x400EB000         DC32     0x400eb000
     43          /********************************************************************/

   Maximum stack usage in bytes:

   .cstack Function
   ------- --------
        8  char_present
             8 -> LPLD_UART_GetChar_Present
        8  in_char
             8 -> LPLD_UART_GetChar
        8  out_char
             8 -> LPLD_UART_PutChar


   Section sizes:

   Bytes  Function/Label
   -----  --------------
       4  ??DataTable2
      10  char_present
      10  in_char
      14  out_char

 
 38 bytes in section .text
 
 38 bytes of CODE memory

Errors: none
Warnings: none
