###############################################################################
#                                                                             #
# IAR ANSI C/C++ Compiler V6.40.1.53790/W32 for ARM     21/Mar/2014  14:38:57 #
# Copyright 1999-2012 IAR Systems AB.                                         #
#                                                                             #
#    Cpu mode     =  thumb                                                    #
#    Endian       =  little                                                   #
#    Source file  =  E:\ShawnDocuments\IAR_WorkSpace\LPLD_Quad_V2\source\app\ #
#                    LPLD_Quad_V2.c                                           #
#    Command line =  E:\ShawnDocuments\IAR_WorkSpace\LPLD_Quad_V2\source\app\ #
#                    LPLD_Quad_V2.c -D LPLD_K60 -lCN                          #
#                    E:\ShawnDocuments\IAR_WorkSpace\LPLD_Quad_V2\iar\BOOT\Li #
#                    st\ -lB E:\ShawnDocuments\IAR_WorkSpace\LPLD_Quad_V2\iar #
#                    \BOOT\List\ -o E:\ShawnDocuments\IAR_WorkSpace\LPLD_Quad #
#                    _V2\iar\BOOT\Obj\ --no_cse --no_unroll --no_inline       #
#                    --no_code_motion --no_tbaa --no_clustering               #
#                    --no_scheduling --debug --endian=little --cpu=Cortex-M4  #
#                    -e --fpu=None --dlib_config "D:\Program Files\IAR        #
#                    Systems\Embedded Workbench 6.4\arm\INC\c\DLib_Config_Nor #
#                    mal.h" -I E:\ShawnDocuments\IAR_WorkSpace\LPLD_Quad_V2\i #
#                    ar\..\source\app\ -I E:\ShawnDocuments\IAR_WorkSpace\LPL #
#                    D_Quad_V2\iar\..\source\module\ -I                       #
#                    E:\ShawnDocuments\IAR_WorkSpace\LPLD_Quad_V2\iar\..\sour #
#                    ce\lib\CPU\ -I E:\ShawnDocuments\IAR_WorkSpace\LPLD_Quad #
#                    _V2\iar\..\source\lib\common\ -I                         #
#                    E:\ShawnDocuments\IAR_WorkSpace\LPLD_Quad_V2\iar\..\sour #
#                    ce\lib\LPLD\ -I E:\ShawnDocuments\IAR_WorkSpace\LPLD_Qua #
#                    d_V2\iar\..\source\lib\LPLD\HW\ -I                       #
#                    E:\ShawnDocuments\IAR_WorkSpace\LPLD_Quad_V2\iar\..\sour #
#                    ce\lib\LPLD\DEV\ -I E:\ShawnDocuments\IAR_WorkSpace\LPLD #
#                    _Quad_V2\iar\..\source\lib\uCOS-II\Ports\ -I             #
#                    E:\ShawnDocuments\IAR_WorkSpace\LPLD_Quad_V2\iar\..\sour #
#                    ce\lib\uCOS-II\Source\ -I E:\ShawnDocuments\IAR_WorkSpac #
#                    e\LPLD_Quad_V2\iar\..\source\lib\FatFs\ -I               #
#                    E:\ShawnDocuments\IAR_WorkSpace\LPLD_Quad_V2\iar\..\sour #
#                    ce\lib\FatFs\option\ -I E:\ShawnDocuments\IAR_WorkSpace\ #
#                    LPLD_Quad_V2\iar\..\source\lib\USB\common\ -I            #
#                    E:\ShawnDocuments\IAR_WorkSpace\LPLD_Quad_V2\iar\..\sour #
#                    ce\lib\USB\driver\ -I E:\ShawnDocuments\IAR_WorkSpace\LP #
#                    LD_Quad_V2\iar\..\source\lib\USB\descriptor\ -I          #
#                    E:\ShawnDocuments\IAR_WorkSpace\LPLD_Quad_V2\iar\..\sour #
#                    ce\lib\USB\class\ -Ol -I "D:\Program Files\IAR           #
#                    Systems\Embedded Workbench 6.4\arm\CMSIS\Include\" -D    #
#                    ARM_MATH_CM4                                             #
#    List file    =  E:\ShawnDocuments\IAR_WorkSpace\LPLD_Quad_V2\iar\BOOT\Li #
#                    st\LPLD_Quad_V2.lst                                      #
#    Object file  =  E:\ShawnDocuments\IAR_WorkSpace\LPLD_Quad_V2\iar\BOOT\Ob #
#                    j\LPLD_Quad_V2.o                                         #
#                                                                             #
#                                                                             #
###############################################################################

E:\ShawnDocuments\IAR_WorkSpace\LPLD_Quad_V2\source\app\LPLD_Quad_V2.c
      1          /**
      2           * --------------基于"拉普兰德K60底层库V3"的工程（LPLD_Quad_V2）-----------------
      3           * @file LPLD_Quad_V2.c
      4           * @version 0.0
      5           * @date 2013-9-29
      6           * @brief 关于该工程的描述
      7           *
      8           * 版权所有:北京拉普兰德电子技术有限公司
      9           * http://www.lpld.cn
     10           * mail:support@lpld.cn
     11           * 硬件平台:  LPLD K60 Card / LPLD K60 Nano
     12           *
     13           * 本工程基于"拉普兰德K60底层库V3"开发，
     14           * 所有开源代码均在"lib"文件夹下，用户不必更改该目录下代码，
     15           * 所有用户工程需保存在"project"文件夹下，以工程名定义文件夹名，
     16           * 底层库使用方法见相关文档。 
     17           *
     18           */
     19          #include "includes.h"
     20          

   \                                 In section .bss, align 4
     21          UART_InitTypeDef uart4_init_struct;
   \                     uart4_init_struct:
   \   00000000                      DS8 20
     22          

   \                                 In section .text, align 2, keep-with-next
     23          void main (void)
     24          {
     25              //int8 recv;
     26              uint32 counts = 0;
   \                     main:
   \   00000000   0x2400             MOVS     R4,#+0
     27          
     28              DisableInterrupts;
   \   00000002   0xB672             CPSID    I
     29              uart_init();
   \   00000004   0x.... 0x....      BL       uart_init
     30              light_init();
   \   00000008   0x.... 0x....      BL       light_init
     31              EnableInterrupts;
   \   0000000C   0xB662             CPSIE    I
     32          
     33              turn_lights_on(0xff);
   \   0000000E   0x20FF             MOVS     R0,#+255
   \   00000010   0x.... 0x....      BL       turn_lights_on
     34              //LPLD_UART_PutCharArr(UART4, "Input something:\r\n", 18);
     35          
     36              while(1)
     37              {
     38                  if(counts > 500000)
   \                     ??main_0:
   \   00000014   0x....             LDR.N    R0,??DataTable0  ;; 0x7a121
   \   00000016   0x4284             CMP      R4,R0
   \   00000018   0xD303             BCC.N    ??main_1
     39                  {
     40                      toggle_lights(0xff);
   \   0000001A   0x20FF             MOVS     R0,#+255
   \   0000001C   0x.... 0x....      BL       toggle_lights
     41                      counts = 0;
   \   00000020   0x2400             MOVS     R4,#+0
     42                  }
     43                  //LPLD_UART_PutCharArr(UART4, "Input something:\r\n", 18);
     44                  //recv = LPLD_UART_GetChar(UART4);
     45                  //LPLD_UART_PutChar(UART4, recv);
     46                  counts ++;
   \                     ??main_1:
   \   00000022   0x1C64             ADDS     R4,R4,#+1
   \   00000024   0xE7F6             B.N      ??main_0
     47              } 
     48          }
     49          

   \                                 In section .text, align 2, keep-with-next
     50          void uart_init(void)
     51          {
     52              //uart4_init_struct.UART_Uartx = UART4;
     53              //uart4_init_struct.UART_BaudRate = 9600;
     54              //uart4_init_struct.UART_RxPin = PTE25;
     55              //uart4_init_struct.UART_TxPin = PTE24;
     56              //LPLD_UART_Init(uart4_init_struct);
     57          }
   \                     uart_init:
   \   00000000   0x4770             BX       LR               ;; return

   \                                 In section .text, align 4, keep-with-next
   \                     ??DataTable0:
   \   00000000   0x0007A121         DC32     0x7a121

   Maximum stack usage in bytes:

   .cstack Function
   ------- --------
        0  main
             0 -> light_init
             0 -> toggle_lights
             0 -> turn_lights_on
             0 -> uart_init
        0  uart_init


   Section sizes:

   Bytes  Function/Label
   -----  --------------
       4  ??DataTable0
      38  main
      20  uart4_init_struct
       2  uart_init

 
 20 bytes in section .bss
 44 bytes in section .text
 
 44 bytes of CODE memory
 20 bytes of DATA memory

Errors: none
Warnings: none
